[2023-11-19T09:20:53.625+0700] {processor.py:157} INFO - Started process (PID=6946) to work on /home/ivan123/.local/lib/python3.10/site-packages/airflow/example_dags/example_branch_datetime_operator.py
[2023-11-19T09:20:53.627+0700] {processor.py:829} INFO - Processing file /home/ivan123/.local/lib/python3.10/site-packages/airflow/example_dags/example_branch_datetime_operator.py for tasks to queue
[2023-11-19T09:20:53.628+0700] {logging_mixin.py:154} INFO - [2023-11-19T09:20:53.627+0700] {dagbag.py:536} INFO - Filling up the DagBag from /home/ivan123/.local/lib/python3.10/site-packages/airflow/example_dags/example_branch_datetime_operator.py
[2023-11-19T09:20:53.732+0700] {processor.py:839} INFO - DAG(s) dict_keys(['example_branch_datetime_operator', 'example_branch_datetime_operator_2', 'example_branch_datetime_operator_3']) retrieved from /home/ivan123/.local/lib/python3.10/site-packages/airflow/example_dags/example_branch_datetime_operator.py
[2023-11-19T09:20:54.521+0700] {logging_mixin.py:154} INFO - [2023-11-19T09:20:54.520+0700] {manager.py:499} INFO - Created Permission View: %s
[2023-11-19T09:20:54.814+0700] {logging_mixin.py:154} INFO - [2023-11-19T09:20:54.814+0700] {manager.py:499} INFO - Created Permission View: %s
[2023-11-19T09:20:55.077+0700] {logging_mixin.py:154} INFO - [2023-11-19T09:20:55.077+0700] {manager.py:499} INFO - Created Permission View: %s
[2023-11-19T09:20:55.712+0700] {logging_mixin.py:154} INFO - [2023-11-19T09:20:55.712+0700] {manager.py:499} INFO - Created Permission View: %s
[2023-11-19T09:20:56.038+0700] {logging_mixin.py:154} INFO - [2023-11-19T09:20:56.037+0700] {manager.py:499} INFO - Created Permission View: %s
[2023-11-19T09:20:56.311+0700] {logging_mixin.py:154} INFO - [2023-11-19T09:20:56.310+0700] {manager.py:499} INFO - Created Permission View: %s
[2023-11-19T09:20:56.849+0700] {logging_mixin.py:154} INFO - [2023-11-19T09:20:56.848+0700] {manager.py:499} INFO - Created Permission View: %s
[2023-11-19T09:20:57.177+0700] {logging_mixin.py:154} INFO - [2023-11-19T09:20:57.177+0700] {manager.py:499} INFO - Created Permission View: %s
[2023-11-19T09:20:57.486+0700] {logging_mixin.py:154} INFO - [2023-11-19T09:20:57.485+0700] {manager.py:499} INFO - Created Permission View: %s
[2023-11-19T09:20:57.487+0700] {logging_mixin.py:154} INFO - [2023-11-19T09:20:57.486+0700] {dag.py:2941} INFO - Sync 3 DAGs
[2023-11-19T09:20:57.505+0700] {logging_mixin.py:154} INFO - [2023-11-19T09:20:57.505+0700] {dag.py:2963} INFO - Creating ORM DAG for example_branch_datetime_operator
[2023-11-19T09:20:57.506+0700] {logging_mixin.py:154} INFO - [2023-11-19T09:20:57.506+0700] {dag.py:2963} INFO - Creating ORM DAG for example_branch_datetime_operator_2
[2023-11-19T09:20:57.506+0700] {logging_mixin.py:154} INFO - [2023-11-19T09:20:57.506+0700] {dag.py:2963} INFO - Creating ORM DAG for example_branch_datetime_operator_3
[2023-11-19T09:20:57.521+0700] {logging_mixin.py:154} INFO - [2023-11-19T09:20:57.521+0700] {dag.py:3722} INFO - Setting next_dagrun for example_branch_datetime_operator to 2023-11-18T00:00:00+00:00, run_after=2023-11-19T00:00:00+00:00
[2023-11-19T09:20:57.523+0700] {logging_mixin.py:154} INFO - [2023-11-19T09:20:57.522+0700] {dag.py:3722} INFO - Setting next_dagrun for example_branch_datetime_operator_2 to 2023-11-18T00:00:00+00:00, run_after=2023-11-19T00:00:00+00:00
[2023-11-19T09:20:57.524+0700] {logging_mixin.py:154} INFO - [2023-11-19T09:20:57.524+0700] {dag.py:3722} INFO - Setting next_dagrun for example_branch_datetime_operator_3 to 2023-11-18T00:00:00+00:00, run_after=2023-11-19T00:00:00+00:00
[2023-11-19T09:20:58.187+0700] {processor.py:179} INFO - Processing /home/ivan123/.local/lib/python3.10/site-packages/airflow/example_dags/example_branch_datetime_operator.py took 4.565 seconds
[2023-11-19T09:23:46.867+0700] {processor.py:157} INFO - Started process (PID=8077) to work on /home/ivan123/.local/lib/python3.10/site-packages/airflow/example_dags/example_branch_datetime_operator.py
[2023-11-19T09:23:46.869+0700] {processor.py:829} INFO - Processing file /home/ivan123/.local/lib/python3.10/site-packages/airflow/example_dags/example_branch_datetime_operator.py for tasks to queue
[2023-11-19T09:23:46.871+0700] {logging_mixin.py:154} INFO - [2023-11-19T09:23:46.870+0700] {dagbag.py:536} INFO - Filling up the DagBag from /home/ivan123/.local/lib/python3.10/site-packages/airflow/example_dags/example_branch_datetime_operator.py
[2023-11-19T09:23:46.880+0700] {processor.py:839} INFO - DAG(s) dict_keys(['example_branch_datetime_operator_3', 'example_branch_datetime_operator', 'example_branch_datetime_operator_2']) retrieved from /home/ivan123/.local/lib/python3.10/site-packages/airflow/example_dags/example_branch_datetime_operator.py
[2023-11-19T09:23:47.065+0700] {logging_mixin.py:154} INFO - [2023-11-19T09:23:47.065+0700] {dag.py:2941} INFO - Sync 3 DAGs
[2023-11-19T09:23:47.101+0700] {logging_mixin.py:154} INFO - [2023-11-19T09:23:47.101+0700] {dag.py:3722} INFO - Setting next_dagrun for example_branch_datetime_operator to 2023-11-18T00:00:00+00:00, run_after=2023-11-19T00:00:00+00:00
[2023-11-19T09:23:47.111+0700] {logging_mixin.py:154} INFO - [2023-11-19T09:23:47.110+0700] {dag.py:3722} INFO - Setting next_dagrun for example_branch_datetime_operator_2 to 2023-11-18T00:00:00+00:00, run_after=2023-11-19T00:00:00+00:00
[2023-11-19T09:23:47.118+0700] {logging_mixin.py:154} INFO - [2023-11-19T09:23:47.118+0700] {dag.py:3722} INFO - Setting next_dagrun for example_branch_datetime_operator_3 to 2023-11-18T00:00:00+00:00, run_after=2023-11-19T00:00:00+00:00
[2023-11-19T09:23:47.898+0700] {processor.py:179} INFO - Processing /home/ivan123/.local/lib/python3.10/site-packages/airflow/example_dags/example_branch_datetime_operator.py took 1.034 seconds
[2023-11-19T09:25:10.150+0700] {processor.py:157} INFO - Started process (PID=8338) to work on /home/ivan123/.local/lib/python3.10/site-packages/airflow/example_dags/example_branch_datetime_operator.py
[2023-11-19T09:25:10.151+0700] {processor.py:829} INFO - Processing file /home/ivan123/.local/lib/python3.10/site-packages/airflow/example_dags/example_branch_datetime_operator.py for tasks to queue
[2023-11-19T09:25:10.152+0700] {logging_mixin.py:154} INFO - [2023-11-19T09:25:10.152+0700] {dagbag.py:536} INFO - Filling up the DagBag from /home/ivan123/.local/lib/python3.10/site-packages/airflow/example_dags/example_branch_datetime_operator.py
[2023-11-19T09:25:10.161+0700] {processor.py:839} INFO - DAG(s) dict_keys(['example_branch_datetime_operator_2', 'example_branch_datetime_operator', 'example_branch_datetime_operator_3']) retrieved from /home/ivan123/.local/lib/python3.10/site-packages/airflow/example_dags/example_branch_datetime_operator.py
[2023-11-19T09:25:10.208+0700] {logging_mixin.py:154} INFO - [2023-11-19T09:25:10.208+0700] {dag.py:2941} INFO - Sync 3 DAGs
[2023-11-19T09:25:10.237+0700] {logging_mixin.py:154} INFO - [2023-11-19T09:25:10.237+0700] {dag.py:3722} INFO - Setting next_dagrun for example_branch_datetime_operator to 2023-11-18T00:00:00+00:00, run_after=2023-11-19T00:00:00+00:00
[2023-11-19T09:25:10.245+0700] {logging_mixin.py:154} INFO - [2023-11-19T09:25:10.245+0700] {dag.py:3722} INFO - Setting next_dagrun for example_branch_datetime_operator_2 to 2023-11-18T00:00:00+00:00, run_after=2023-11-19T00:00:00+00:00
[2023-11-19T09:25:10.250+0700] {logging_mixin.py:154} INFO - [2023-11-19T09:25:10.250+0700] {dag.py:3722} INFO - Setting next_dagrun for example_branch_datetime_operator_3 to 2023-11-18T00:00:00+00:00, run_after=2023-11-19T00:00:00+00:00
[2023-11-19T09:25:11.576+0700] {processor.py:179} INFO - Processing /home/ivan123/.local/lib/python3.10/site-packages/airflow/example_dags/example_branch_datetime_operator.py took 1.429 seconds
[2023-11-19T09:26:11.987+0700] {processor.py:157} INFO - Started process (PID=8528) to work on /home/ivan123/.local/lib/python3.10/site-packages/airflow/example_dags/example_branch_datetime_operator.py
[2023-11-19T09:26:11.988+0700] {processor.py:829} INFO - Processing file /home/ivan123/.local/lib/python3.10/site-packages/airflow/example_dags/example_branch_datetime_operator.py for tasks to queue
[2023-11-19T09:26:11.989+0700] {logging_mixin.py:154} INFO - [2023-11-19T09:26:11.989+0700] {dagbag.py:536} INFO - Filling up the DagBag from /home/ivan123/.local/lib/python3.10/site-packages/airflow/example_dags/example_branch_datetime_operator.py
[2023-11-19T09:26:11.997+0700] {processor.py:839} INFO - DAG(s) dict_keys(['example_branch_datetime_operator', 'example_branch_datetime_operator_2', 'example_branch_datetime_operator_3']) retrieved from /home/ivan123/.local/lib/python3.10/site-packages/airflow/example_dags/example_branch_datetime_operator.py
[2023-11-19T09:26:12.046+0700] {logging_mixin.py:154} INFO - [2023-11-19T09:26:12.046+0700] {dag.py:2941} INFO - Sync 3 DAGs
[2023-11-19T09:26:12.074+0700] {logging_mixin.py:154} INFO - [2023-11-19T09:26:12.074+0700] {dag.py:3722} INFO - Setting next_dagrun for example_branch_datetime_operator to 2023-11-18T00:00:00+00:00, run_after=2023-11-19T00:00:00+00:00
[2023-11-19T09:26:12.082+0700] {logging_mixin.py:154} INFO - [2023-11-19T09:26:12.081+0700] {dag.py:3722} INFO - Setting next_dagrun for example_branch_datetime_operator_2 to 2023-11-18T00:00:00+00:00, run_after=2023-11-19T00:00:00+00:00
[2023-11-19T09:26:12.087+0700] {logging_mixin.py:154} INFO - [2023-11-19T09:26:12.087+0700] {dag.py:3722} INFO - Setting next_dagrun for example_branch_datetime_operator_3 to 2023-11-18T00:00:00+00:00, run_after=2023-11-19T00:00:00+00:00
[2023-11-19T09:26:12.354+0700] {processor.py:179} INFO - Processing /home/ivan123/.local/lib/python3.10/site-packages/airflow/example_dags/example_branch_datetime_operator.py took 0.370 seconds
[2023-11-19T09:34:06.337+0700] {processor.py:157} INFO - Started process (PID=10330) to work on /home/ivan123/.local/lib/python3.10/site-packages/airflow/example_dags/example_branch_datetime_operator.py
[2023-11-19T09:34:06.339+0700] {processor.py:829} INFO - Processing file /home/ivan123/.local/lib/python3.10/site-packages/airflow/example_dags/example_branch_datetime_operator.py for tasks to queue
[2023-11-19T09:34:06.340+0700] {logging_mixin.py:154} INFO - [2023-11-19T09:34:06.339+0700] {dagbag.py:536} INFO - Filling up the DagBag from /home/ivan123/.local/lib/python3.10/site-packages/airflow/example_dags/example_branch_datetime_operator.py
[2023-11-19T09:34:06.351+0700] {processor.py:839} INFO - DAG(s) dict_keys(['example_branch_datetime_operator', 'example_branch_datetime_operator_3', 'example_branch_datetime_operator_2']) retrieved from /home/ivan123/.local/lib/python3.10/site-packages/airflow/example_dags/example_branch_datetime_operator.py
[2023-11-19T09:34:06.397+0700] {logging_mixin.py:154} INFO - [2023-11-19T09:34:06.397+0700] {dag.py:2941} INFO - Sync 3 DAGs
[2023-11-19T09:34:06.429+0700] {logging_mixin.py:154} INFO - [2023-11-19T09:34:06.429+0700] {dag.py:3722} INFO - Setting next_dagrun for example_branch_datetime_operator to 2023-11-18T00:00:00+00:00, run_after=2023-11-19T00:00:00+00:00
[2023-11-19T09:34:06.436+0700] {logging_mixin.py:154} INFO - [2023-11-19T09:34:06.436+0700] {dag.py:3722} INFO - Setting next_dagrun for example_branch_datetime_operator_2 to 2023-11-18T00:00:00+00:00, run_after=2023-11-19T00:00:00+00:00
[2023-11-19T09:34:06.441+0700] {logging_mixin.py:154} INFO - [2023-11-19T09:34:06.440+0700] {dag.py:3722} INFO - Setting next_dagrun for example_branch_datetime_operator_3 to 2023-11-18T00:00:00+00:00, run_after=2023-11-19T00:00:00+00:00
[2023-11-19T09:34:07.350+0700] {processor.py:179} INFO - Processing /home/ivan123/.local/lib/python3.10/site-packages/airflow/example_dags/example_branch_datetime_operator.py took 1.015 seconds
[2023-11-19T09:35:47.536+0700] {processor.py:157} INFO - Started process (PID=10806) to work on /home/ivan123/.local/lib/python3.10/site-packages/airflow/example_dags/example_branch_datetime_operator.py
[2023-11-19T09:35:47.537+0700] {processor.py:829} INFO - Processing file /home/ivan123/.local/lib/python3.10/site-packages/airflow/example_dags/example_branch_datetime_operator.py for tasks to queue
[2023-11-19T09:35:47.538+0700] {logging_mixin.py:154} INFO - [2023-11-19T09:35:47.538+0700] {dagbag.py:536} INFO - Filling up the DagBag from /home/ivan123/.local/lib/python3.10/site-packages/airflow/example_dags/example_branch_datetime_operator.py
[2023-11-19T09:35:47.546+0700] {processor.py:839} INFO - DAG(s) dict_keys(['example_branch_datetime_operator', 'example_branch_datetime_operator_2', 'example_branch_datetime_operator_3']) retrieved from /home/ivan123/.local/lib/python3.10/site-packages/airflow/example_dags/example_branch_datetime_operator.py
[2023-11-19T09:35:47.596+0700] {logging_mixin.py:154} INFO - [2023-11-19T09:35:47.595+0700] {dag.py:2941} INFO - Sync 3 DAGs
[2023-11-19T09:35:47.623+0700] {logging_mixin.py:154} INFO - [2023-11-19T09:35:47.622+0700] {dag.py:3722} INFO - Setting next_dagrun for example_branch_datetime_operator to 2023-11-18T00:00:00+00:00, run_after=2023-11-19T00:00:00+00:00
[2023-11-19T09:35:47.630+0700] {logging_mixin.py:154} INFO - [2023-11-19T09:35:47.630+0700] {dag.py:3722} INFO - Setting next_dagrun for example_branch_datetime_operator_2 to 2023-11-18T00:00:00+00:00, run_after=2023-11-19T00:00:00+00:00
[2023-11-19T09:35:47.635+0700] {logging_mixin.py:154} INFO - [2023-11-19T09:35:47.635+0700] {dag.py:3722} INFO - Setting next_dagrun for example_branch_datetime_operator_3 to 2023-11-18T00:00:00+00:00, run_after=2023-11-19T00:00:00+00:00
[2023-11-19T09:35:48.875+0700] {processor.py:179} INFO - Processing /home/ivan123/.local/lib/python3.10/site-packages/airflow/example_dags/example_branch_datetime_operator.py took 1.342 seconds
[2023-11-19T09:36:55.558+0700] {processor.py:157} INFO - Started process (PID=11236) to work on /home/ivan123/.local/lib/python3.10/site-packages/airflow/example_dags/example_branch_datetime_operator.py
[2023-11-19T09:36:55.559+0700] {processor.py:829} INFO - Processing file /home/ivan123/.local/lib/python3.10/site-packages/airflow/example_dags/example_branch_datetime_operator.py for tasks to queue
[2023-11-19T09:36:55.560+0700] {logging_mixin.py:154} INFO - [2023-11-19T09:36:55.560+0700] {dagbag.py:536} INFO - Filling up the DagBag from /home/ivan123/.local/lib/python3.10/site-packages/airflow/example_dags/example_branch_datetime_operator.py
[2023-11-19T09:36:55.569+0700] {processor.py:839} INFO - DAG(s) dict_keys(['example_branch_datetime_operator_3', 'example_branch_datetime_operator', 'example_branch_datetime_operator_2']) retrieved from /home/ivan123/.local/lib/python3.10/site-packages/airflow/example_dags/example_branch_datetime_operator.py
[2023-11-19T09:36:55.616+0700] {logging_mixin.py:154} INFO - [2023-11-19T09:36:55.616+0700] {dag.py:2941} INFO - Sync 3 DAGs
[2023-11-19T09:36:55.646+0700] {logging_mixin.py:154} INFO - [2023-11-19T09:36:55.645+0700] {dag.py:3722} INFO - Setting next_dagrun for example_branch_datetime_operator to 2023-11-18T00:00:00+00:00, run_after=2023-11-19T00:00:00+00:00
[2023-11-19T09:36:55.653+0700] {logging_mixin.py:154} INFO - [2023-11-19T09:36:55.653+0700] {dag.py:3722} INFO - Setting next_dagrun for example_branch_datetime_operator_2 to 2023-11-18T00:00:00+00:00, run_after=2023-11-19T00:00:00+00:00
[2023-11-19T09:36:55.658+0700] {logging_mixin.py:154} INFO - [2023-11-19T09:36:55.658+0700] {dag.py:3722} INFO - Setting next_dagrun for example_branch_datetime_operator_3 to 2023-11-18T00:00:00+00:00, run_after=2023-11-19T00:00:00+00:00
[2023-11-19T09:36:57.534+0700] {processor.py:179} INFO - Processing /home/ivan123/.local/lib/python3.10/site-packages/airflow/example_dags/example_branch_datetime_operator.py took 1.979 seconds
[2023-11-19T09:38:14.162+0700] {processor.py:157} INFO - Started process (PID=11914) to work on /home/ivan123/.local/lib/python3.10/site-packages/airflow/example_dags/example_branch_datetime_operator.py
[2023-11-19T09:38:14.163+0700] {processor.py:829} INFO - Processing file /home/ivan123/.local/lib/python3.10/site-packages/airflow/example_dags/example_branch_datetime_operator.py for tasks to queue
[2023-11-19T09:38:14.165+0700] {logging_mixin.py:154} INFO - [2023-11-19T09:38:14.164+0700] {dagbag.py:536} INFO - Filling up the DagBag from /home/ivan123/.local/lib/python3.10/site-packages/airflow/example_dags/example_branch_datetime_operator.py
[2023-11-19T09:38:14.174+0700] {processor.py:839} INFO - DAG(s) dict_keys(['example_branch_datetime_operator_3', 'example_branch_datetime_operator_2', 'example_branch_datetime_operator']) retrieved from /home/ivan123/.local/lib/python3.10/site-packages/airflow/example_dags/example_branch_datetime_operator.py
[2023-11-19T09:38:14.219+0700] {logging_mixin.py:154} INFO - [2023-11-19T09:38:14.219+0700] {dag.py:2941} INFO - Sync 3 DAGs
[2023-11-19T09:38:14.250+0700] {logging_mixin.py:154} INFO - [2023-11-19T09:38:14.250+0700] {dag.py:3722} INFO - Setting next_dagrun for example_branch_datetime_operator to 2023-11-18T00:00:00+00:00, run_after=2023-11-19T00:00:00+00:00
[2023-11-19T09:38:14.257+0700] {logging_mixin.py:154} INFO - [2023-11-19T09:38:14.257+0700] {dag.py:3722} INFO - Setting next_dagrun for example_branch_datetime_operator_2 to 2023-11-18T00:00:00+00:00, run_after=2023-11-19T00:00:00+00:00
[2023-11-19T09:38:14.263+0700] {logging_mixin.py:154} INFO - [2023-11-19T09:38:14.262+0700] {dag.py:3722} INFO - Setting next_dagrun for example_branch_datetime_operator_3 to 2023-11-18T00:00:00+00:00, run_after=2023-11-19T00:00:00+00:00
[2023-11-19T09:38:14.757+0700] {processor.py:179} INFO - Processing /home/ivan123/.local/lib/python3.10/site-packages/airflow/example_dags/example_branch_datetime_operator.py took 0.598 seconds
[2023-11-19T09:39:23.442+0700] {processor.py:157} INFO - Started process (PID=12533) to work on /home/ivan123/.local/lib/python3.10/site-packages/airflow/example_dags/example_branch_datetime_operator.py
[2023-11-19T09:39:23.443+0700] {processor.py:829} INFO - Processing file /home/ivan123/.local/lib/python3.10/site-packages/airflow/example_dags/example_branch_datetime_operator.py for tasks to queue
[2023-11-19T09:39:23.444+0700] {logging_mixin.py:154} INFO - [2023-11-19T09:39:23.444+0700] {dagbag.py:536} INFO - Filling up the DagBag from /home/ivan123/.local/lib/python3.10/site-packages/airflow/example_dags/example_branch_datetime_operator.py
[2023-11-19T09:39:23.453+0700] {processor.py:839} INFO - DAG(s) dict_keys(['example_branch_datetime_operator', 'example_branch_datetime_operator_2', 'example_branch_datetime_operator_3']) retrieved from /home/ivan123/.local/lib/python3.10/site-packages/airflow/example_dags/example_branch_datetime_operator.py
[2023-11-19T09:39:23.499+0700] {logging_mixin.py:154} INFO - [2023-11-19T09:39:23.499+0700] {dag.py:2941} INFO - Sync 3 DAGs
[2023-11-19T09:39:23.531+0700] {logging_mixin.py:154} INFO - [2023-11-19T09:39:23.531+0700] {dag.py:3722} INFO - Setting next_dagrun for example_branch_datetime_operator to 2023-11-18T00:00:00+00:00, run_after=2023-11-19T00:00:00+00:00
[2023-11-19T09:39:23.539+0700] {logging_mixin.py:154} INFO - [2023-11-19T09:39:23.539+0700] {dag.py:3722} INFO - Setting next_dagrun for example_branch_datetime_operator_2 to 2023-11-18T00:00:00+00:00, run_after=2023-11-19T00:00:00+00:00
[2023-11-19T09:39:23.544+0700] {logging_mixin.py:154} INFO - [2023-11-19T09:39:23.544+0700] {dag.py:3722} INFO - Setting next_dagrun for example_branch_datetime_operator_3 to 2023-11-18T00:00:00+00:00, run_after=2023-11-19T00:00:00+00:00
[2023-11-19T09:39:23.794+0700] {processor.py:179} INFO - Processing /home/ivan123/.local/lib/python3.10/site-packages/airflow/example_dags/example_branch_datetime_operator.py took 0.355 seconds
[2023-11-19T09:53:08.091+0700] {processor.py:157} INFO - Started process (PID=16456) to work on /home/ivan123/.local/lib/python3.10/site-packages/airflow/example_dags/example_branch_datetime_operator.py
[2023-11-19T09:53:08.133+0700] {processor.py:829} INFO - Processing file /home/ivan123/.local/lib/python3.10/site-packages/airflow/example_dags/example_branch_datetime_operator.py for tasks to queue
[2023-11-19T09:53:08.134+0700] {logging_mixin.py:154} INFO - [2023-11-19T09:53:08.134+0700] {dagbag.py:536} INFO - Filling up the DagBag from /home/ivan123/.local/lib/python3.10/site-packages/airflow/example_dags/example_branch_datetime_operator.py
[2023-11-19T09:53:08.145+0700] {processor.py:839} INFO - DAG(s) dict_keys(['example_branch_datetime_operator_3', 'example_branch_datetime_operator_2', 'example_branch_datetime_operator']) retrieved from /home/ivan123/.local/lib/python3.10/site-packages/airflow/example_dags/example_branch_datetime_operator.py
[2023-11-19T09:53:08.346+0700] {logging_mixin.py:154} INFO - [2023-11-19T09:53:08.345+0700] {dag.py:2941} INFO - Sync 3 DAGs
[2023-11-19T09:53:08.374+0700] {logging_mixin.py:154} INFO - [2023-11-19T09:53:08.374+0700] {dag.py:3722} INFO - Setting next_dagrun for example_branch_datetime_operator to 2023-11-18T00:00:00+00:00, run_after=2023-11-19T00:00:00+00:00
[2023-11-19T09:53:08.381+0700] {logging_mixin.py:154} INFO - [2023-11-19T09:53:08.381+0700] {dag.py:3722} INFO - Setting next_dagrun for example_branch_datetime_operator_2 to 2023-11-18T00:00:00+00:00, run_after=2023-11-19T00:00:00+00:00
[2023-11-19T09:53:08.387+0700] {logging_mixin.py:154} INFO - [2023-11-19T09:53:08.387+0700] {dag.py:3722} INFO - Setting next_dagrun for example_branch_datetime_operator_3 to 2023-11-18T00:00:00+00:00, run_after=2023-11-19T00:00:00+00:00
[2023-11-19T09:53:08.810+0700] {processor.py:179} INFO - Processing /home/ivan123/.local/lib/python3.10/site-packages/airflow/example_dags/example_branch_datetime_operator.py took 0.723 seconds
