[2023-11-19T09:22:49.174+0700] {processor.py:157} INFO - Started process (PID=7629) to work on /home/ivan123/.local/lib/python3.10/site-packages/airflow/example_dags/example_latest_only.py
[2023-11-19T09:22:49.175+0700] {processor.py:829} INFO - Processing file /home/ivan123/.local/lib/python3.10/site-packages/airflow/example_dags/example_latest_only.py for tasks to queue
[2023-11-19T09:22:49.176+0700] {logging_mixin.py:154} INFO - [2023-11-19T09:22:49.176+0700] {dagbag.py:536} INFO - Filling up the DagBag from /home/ivan123/.local/lib/python3.10/site-packages/airflow/example_dags/example_latest_only.py
[2023-11-19T09:22:49.223+0700] {processor.py:839} INFO - DAG(s) dict_keys(['latest_only']) retrieved from /home/ivan123/.local/lib/python3.10/site-packages/airflow/example_dags/example_latest_only.py
[2023-11-19T09:22:50.456+0700] {logging_mixin.py:154} INFO - [2023-11-19T09:22:50.455+0700] {manager.py:499} INFO - Created Permission View: %s
[2023-11-19T09:22:51.384+0700] {logging_mixin.py:154} INFO - [2023-11-19T09:22:51.383+0700] {manager.py:499} INFO - Created Permission View: %s
[2023-11-19T09:22:52.038+0700] {logging_mixin.py:154} INFO - [2023-11-19T09:22:52.037+0700] {manager.py:499} INFO - Created Permission View: %s
[2023-11-19T09:22:52.039+0700] {logging_mixin.py:154} INFO - [2023-11-19T09:22:52.039+0700] {dag.py:2941} INFO - Sync 1 DAGs
[2023-11-19T09:22:52.064+0700] {logging_mixin.py:154} INFO - [2023-11-19T09:22:52.064+0700] {dag.py:2963} INFO - Creating ORM DAG for latest_only
[2023-11-19T09:22:52.077+0700] {logging_mixin.py:154} INFO - [2023-11-19T09:22:52.077+0700] {dag.py:3722} INFO - Setting next_dagrun for latest_only to 2023-11-18T22:22:52.077488+00:00, run_after=2023-11-19T02:22:52.077488+00:00
[2023-11-19T09:22:53.409+0700] {processor.py:179} INFO - Processing /home/ivan123/.local/lib/python3.10/site-packages/airflow/example_dags/example_latest_only.py took 4.239 seconds
[2023-11-19T09:25:33.407+0700] {processor.py:157} INFO - Started process (PID=8386) to work on /home/ivan123/.local/lib/python3.10/site-packages/airflow/example_dags/example_latest_only.py
[2023-11-19T09:25:33.408+0700] {processor.py:829} INFO - Processing file /home/ivan123/.local/lib/python3.10/site-packages/airflow/example_dags/example_latest_only.py for tasks to queue
[2023-11-19T09:25:33.409+0700] {logging_mixin.py:154} INFO - [2023-11-19T09:25:33.409+0700] {dagbag.py:536} INFO - Filling up the DagBag from /home/ivan123/.local/lib/python3.10/site-packages/airflow/example_dags/example_latest_only.py
[2023-11-19T09:25:33.415+0700] {processor.py:839} INFO - DAG(s) dict_keys(['latest_only']) retrieved from /home/ivan123/.local/lib/python3.10/site-packages/airflow/example_dags/example_latest_only.py
[2023-11-19T09:25:33.443+0700] {logging_mixin.py:154} INFO - [2023-11-19T09:25:33.443+0700] {dag.py:2941} INFO - Sync 1 DAGs
[2023-11-19T09:25:33.470+0700] {logging_mixin.py:154} INFO - [2023-11-19T09:25:33.469+0700] {dag.py:3722} INFO - Setting next_dagrun for latest_only to 2023-11-18T22:25:33.469635+00:00, run_after=2023-11-19T02:25:33.469635+00:00
[2023-11-19T09:25:33.897+0700] {processor.py:179} INFO - Processing /home/ivan123/.local/lib/python3.10/site-packages/airflow/example_dags/example_latest_only.py took 0.493 seconds
[2023-11-19T09:34:54.051+0700] {processor.py:157} INFO - Started process (PID=10624) to work on /home/ivan123/.local/lib/python3.10/site-packages/airflow/example_dags/example_latest_only.py
[2023-11-19T09:34:54.053+0700] {processor.py:829} INFO - Processing file /home/ivan123/.local/lib/python3.10/site-packages/airflow/example_dags/example_latest_only.py for tasks to queue
[2023-11-19T09:34:54.054+0700] {logging_mixin.py:154} INFO - [2023-11-19T09:34:54.054+0700] {dagbag.py:536} INFO - Filling up the DagBag from /home/ivan123/.local/lib/python3.10/site-packages/airflow/example_dags/example_latest_only.py
[2023-11-19T09:34:54.062+0700] {processor.py:839} INFO - DAG(s) dict_keys(['latest_only']) retrieved from /home/ivan123/.local/lib/python3.10/site-packages/airflow/example_dags/example_latest_only.py
[2023-11-19T09:34:54.093+0700] {logging_mixin.py:154} INFO - [2023-11-19T09:34:54.093+0700] {dag.py:2941} INFO - Sync 1 DAGs
[2023-11-19T09:34:54.121+0700] {logging_mixin.py:154} INFO - [2023-11-19T09:34:54.120+0700] {dag.py:3722} INFO - Setting next_dagrun for latest_only to 2023-11-18T22:34:54.120673+00:00, run_after=2023-11-19T02:34:54.120673+00:00
[2023-11-19T09:34:56.138+0700] {processor.py:179} INFO - Processing /home/ivan123/.local/lib/python3.10/site-packages/airflow/example_dags/example_latest_only.py took 2.092 seconds
[2023-11-19T09:37:15.777+0700] {processor.py:157} INFO - Started process (PID=11409) to work on /home/ivan123/.local/lib/python3.10/site-packages/airflow/example_dags/example_latest_only.py
[2023-11-19T09:37:15.778+0700] {processor.py:829} INFO - Processing file /home/ivan123/.local/lib/python3.10/site-packages/airflow/example_dags/example_latest_only.py for tasks to queue
[2023-11-19T09:37:15.780+0700] {logging_mixin.py:154} INFO - [2023-11-19T09:37:15.779+0700] {dagbag.py:536} INFO - Filling up the DagBag from /home/ivan123/.local/lib/python3.10/site-packages/airflow/example_dags/example_latest_only.py
[2023-11-19T09:37:15.786+0700] {processor.py:839} INFO - DAG(s) dict_keys(['latest_only']) retrieved from /home/ivan123/.local/lib/python3.10/site-packages/airflow/example_dags/example_latest_only.py
[2023-11-19T09:37:15.816+0700] {logging_mixin.py:154} INFO - [2023-11-19T09:37:15.816+0700] {dag.py:2941} INFO - Sync 1 DAGs
[2023-11-19T09:37:15.844+0700] {logging_mixin.py:154} INFO - [2023-11-19T09:37:15.844+0700] {dag.py:3722} INFO - Setting next_dagrun for latest_only to 2023-11-18T22:37:15.843964+00:00, run_after=2023-11-19T02:37:15.843964+00:00
[2023-11-19T09:37:17.379+0700] {processor.py:179} INFO - Processing /home/ivan123/.local/lib/python3.10/site-packages/airflow/example_dags/example_latest_only.py took 1.605 seconds
[2023-11-19T09:39:37.138+0700] {processor.py:157} INFO - Started process (PID=12627) to work on /home/ivan123/.local/lib/python3.10/site-packages/airflow/example_dags/example_latest_only.py
[2023-11-19T09:39:37.139+0700] {processor.py:829} INFO - Processing file /home/ivan123/.local/lib/python3.10/site-packages/airflow/example_dags/example_latest_only.py for tasks to queue
[2023-11-19T09:39:37.141+0700] {logging_mixin.py:154} INFO - [2023-11-19T09:39:37.140+0700] {dagbag.py:536} INFO - Filling up the DagBag from /home/ivan123/.local/lib/python3.10/site-packages/airflow/example_dags/example_latest_only.py
[2023-11-19T09:39:37.146+0700] {processor.py:839} INFO - DAG(s) dict_keys(['latest_only']) retrieved from /home/ivan123/.local/lib/python3.10/site-packages/airflow/example_dags/example_latest_only.py
[2023-11-19T09:39:37.177+0700] {logging_mixin.py:154} INFO - [2023-11-19T09:39:37.177+0700] {dag.py:2941} INFO - Sync 1 DAGs
[2023-11-19T09:39:37.205+0700] {logging_mixin.py:154} INFO - [2023-11-19T09:39:37.205+0700] {dag.py:3722} INFO - Setting next_dagrun for latest_only to 2023-11-18T22:39:37.205199+00:00, run_after=2023-11-19T02:39:37.205199+00:00
[2023-11-19T09:39:38.742+0700] {processor.py:179} INFO - Processing /home/ivan123/.local/lib/python3.10/site-packages/airflow/example_dags/example_latest_only.py took 1.607 seconds
[2023-11-19T09:50:55.423+0700] {processor.py:157} INFO - Started process (PID=15485) to work on /mnt/c/Users/ASUS/Desktop/ONLINE_COURSE/Data_Engineering/Spotify_API/new-airflowenv/lib/python3.10/site-packages/airflow/example_dags/example_latest_only.py
[2023-11-19T09:50:55.424+0700] {processor.py:829} INFO - Processing file /mnt/c/Users/ASUS/Desktop/ONLINE_COURSE/Data_Engineering/Spotify_API/new-airflowenv/lib/python3.10/site-packages/airflow/example_dags/example_latest_only.py for tasks to queue
[2023-11-19T09:50:55.425+0700] {logging_mixin.py:154} INFO - [2023-11-19T09:50:55.425+0700] {dagbag.py:536} INFO - Filling up the DagBag from /mnt/c/Users/ASUS/Desktop/ONLINE_COURSE/Data_Engineering/Spotify_API/new-airflowenv/lib/python3.10/site-packages/airflow/example_dags/example_latest_only.py
[2023-11-19T09:50:55.461+0700] {processor.py:839} INFO - DAG(s) dict_keys(['latest_only']) retrieved from /mnt/c/Users/ASUS/Desktop/ONLINE_COURSE/Data_Engineering/Spotify_API/new-airflowenv/lib/python3.10/site-packages/airflow/example_dags/example_latest_only.py
[2023-11-19T09:50:56.784+0700] {logging_mixin.py:154} INFO - [2023-11-19T09:50:56.784+0700] {dag.py:2941} INFO - Sync 1 DAGs
[2023-11-19T09:50:56.813+0700] {logging_mixin.py:154} INFO - [2023-11-19T09:50:56.812+0700] {dag.py:3722} INFO - Setting next_dagrun for latest_only to 2023-11-18T22:50:56.812573+00:00, run_after=2023-11-19T02:50:56.812573+00:00
[2023-11-19T09:50:57.725+0700] {processor.py:179} INFO - Processing /mnt/c/Users/ASUS/Desktop/ONLINE_COURSE/Data_Engineering/Spotify_API/new-airflowenv/lib/python3.10/site-packages/airflow/example_dags/example_latest_only.py took 2.305 seconds
