[2023-11-19T09:20:16.934+0700] {processor.py:157} INFO - Started process (PID=6847) to work on /home/ivan123/.local/lib/python3.10/site-packages/airflow/example_dags/example_external_task_marker_dag.py
[2023-11-19T09:20:16.935+0700] {processor.py:829} INFO - Processing file /home/ivan123/.local/lib/python3.10/site-packages/airflow/example_dags/example_external_task_marker_dag.py for tasks to queue
[2023-11-19T09:20:16.937+0700] {logging_mixin.py:154} INFO - [2023-11-19T09:20:16.936+0700] {dagbag.py:536} INFO - Filling up the DagBag from /home/ivan123/.local/lib/python3.10/site-packages/airflow/example_dags/example_external_task_marker_dag.py
[2023-11-19T09:20:16.946+0700] {processor.py:839} INFO - DAG(s) dict_keys(['example_external_task_marker_child', 'example_external_task_marker_parent']) retrieved from /home/ivan123/.local/lib/python3.10/site-packages/airflow/example_dags/example_external_task_marker_dag.py
[2023-11-19T09:20:17.837+0700] {logging_mixin.py:154} INFO - [2023-11-19T09:20:17.837+0700] {manager.py:499} INFO - Created Permission View: %s
[2023-11-19T09:20:18.175+0700] {logging_mixin.py:154} INFO - [2023-11-19T09:20:18.174+0700] {manager.py:499} INFO - Created Permission View: %s
[2023-11-19T09:20:18.526+0700] {logging_mixin.py:154} INFO - [2023-11-19T09:20:18.525+0700] {manager.py:499} INFO - Created Permission View: %s
[2023-11-19T09:20:19.607+0700] {logging_mixin.py:154} INFO - [2023-11-19T09:20:19.607+0700] {manager.py:499} INFO - Created Permission View: %s
[2023-11-19T09:20:20.032+0700] {logging_mixin.py:154} INFO - [2023-11-19T09:20:20.032+0700] {manager.py:499} INFO - Created Permission View: %s
[2023-11-19T09:20:20.395+0700] {logging_mixin.py:154} INFO - [2023-11-19T09:20:20.395+0700] {manager.py:499} INFO - Created Permission View: %s
[2023-11-19T09:20:20.396+0700] {logging_mixin.py:154} INFO - [2023-11-19T09:20:20.396+0700] {dag.py:2941} INFO - Sync 2 DAGs
[2023-11-19T09:20:20.416+0700] {logging_mixin.py:154} INFO - [2023-11-19T09:20:20.416+0700] {dag.py:2963} INFO - Creating ORM DAG for example_external_task_marker_parent
[2023-11-19T09:20:20.417+0700] {logging_mixin.py:154} INFO - [2023-11-19T09:20:20.417+0700] {dag.py:2963} INFO - Creating ORM DAG for example_external_task_marker_child
[2023-11-19T09:20:20.418+0700] {logging_mixin.py:154} INFO - [2023-11-19T09:20:20.418+0700] {dag.py:3722} INFO - Setting next_dagrun for example_external_task_marker_child to None, run_after=None
[2023-11-19T09:20:20.419+0700] {logging_mixin.py:154} INFO - [2023-11-19T09:20:20.419+0700] {dag.py:3722} INFO - Setting next_dagrun for example_external_task_marker_parent to None, run_after=None
[2023-11-19T09:20:21.249+0700] {processor.py:179} INFO - Processing /home/ivan123/.local/lib/python3.10/site-packages/airflow/example_dags/example_external_task_marker_dag.py took 4.318 seconds
[2023-11-19T09:23:29.510+0700] {processor.py:157} INFO - Started process (PID=7950) to work on /home/ivan123/.local/lib/python3.10/site-packages/airflow/example_dags/example_external_task_marker_dag.py
[2023-11-19T09:23:29.521+0700] {processor.py:829} INFO - Processing file /home/ivan123/.local/lib/python3.10/site-packages/airflow/example_dags/example_external_task_marker_dag.py for tasks to queue
[2023-11-19T09:23:29.522+0700] {logging_mixin.py:154} INFO - [2023-11-19T09:23:29.522+0700] {dagbag.py:536} INFO - Filling up the DagBag from /home/ivan123/.local/lib/python3.10/site-packages/airflow/example_dags/example_external_task_marker_dag.py
[2023-11-19T09:23:29.528+0700] {processor.py:839} INFO - DAG(s) dict_keys(['example_external_task_marker_parent', 'example_external_task_marker_child']) retrieved from /home/ivan123/.local/lib/python3.10/site-packages/airflow/example_dags/example_external_task_marker_dag.py
[2023-11-19T09:23:29.646+0700] {logging_mixin.py:154} INFO - [2023-11-19T09:23:29.646+0700] {dag.py:2941} INFO - Sync 2 DAGs
[2023-11-19T09:23:29.664+0700] {logging_mixin.py:154} INFO - [2023-11-19T09:23:29.664+0700] {dag.py:3722} INFO - Setting next_dagrun for example_external_task_marker_child to None, run_after=None
[2023-11-19T09:23:29.670+0700] {logging_mixin.py:154} INFO - [2023-11-19T09:23:29.669+0700] {dag.py:3722} INFO - Setting next_dagrun for example_external_task_marker_parent to None, run_after=None
[2023-11-19T09:23:30.004+0700] {processor.py:179} INFO - Processing /home/ivan123/.local/lib/python3.10/site-packages/airflow/example_dags/example_external_task_marker_dag.py took 0.497 seconds
[2023-11-19T09:24:48.443+0700] {processor.py:157} INFO - Started process (PID=8295) to work on /home/ivan123/.local/lib/python3.10/site-packages/airflow/example_dags/example_external_task_marker_dag.py
[2023-11-19T09:24:48.444+0700] {processor.py:829} INFO - Processing file /home/ivan123/.local/lib/python3.10/site-packages/airflow/example_dags/example_external_task_marker_dag.py for tasks to queue
[2023-11-19T09:24:48.445+0700] {logging_mixin.py:154} INFO - [2023-11-19T09:24:48.444+0700] {dagbag.py:536} INFO - Filling up the DagBag from /home/ivan123/.local/lib/python3.10/site-packages/airflow/example_dags/example_external_task_marker_dag.py
[2023-11-19T09:24:48.451+0700] {processor.py:839} INFO - DAG(s) dict_keys(['example_external_task_marker_parent', 'example_external_task_marker_child']) retrieved from /home/ivan123/.local/lib/python3.10/site-packages/airflow/example_dags/example_external_task_marker_dag.py
[2023-11-19T09:24:48.489+0700] {logging_mixin.py:154} INFO - [2023-11-19T09:24:48.489+0700] {dag.py:2941} INFO - Sync 2 DAGs
[2023-11-19T09:24:48.504+0700] {logging_mixin.py:154} INFO - [2023-11-19T09:24:48.503+0700] {dag.py:3722} INFO - Setting next_dagrun for example_external_task_marker_child to None, run_after=None
[2023-11-19T09:24:48.510+0700] {logging_mixin.py:154} INFO - [2023-11-19T09:24:48.509+0700] {dag.py:3722} INFO - Setting next_dagrun for example_external_task_marker_parent to None, run_after=None
[2023-11-19T09:24:48.995+0700] {processor.py:179} INFO - Processing /home/ivan123/.local/lib/python3.10/site-packages/airflow/example_dags/example_external_task_marker_dag.py took 0.555 seconds
[2023-11-19T09:25:56.993+0700] {processor.py:157} INFO - Started process (PID=8450) to work on /home/ivan123/.local/lib/python3.10/site-packages/airflow/example_dags/example_external_task_marker_dag.py
[2023-11-19T09:25:56.995+0700] {processor.py:829} INFO - Processing file /home/ivan123/.local/lib/python3.10/site-packages/airflow/example_dags/example_external_task_marker_dag.py for tasks to queue
[2023-11-19T09:25:56.996+0700] {logging_mixin.py:154} INFO - [2023-11-19T09:25:56.995+0700] {dagbag.py:536} INFO - Filling up the DagBag from /home/ivan123/.local/lib/python3.10/site-packages/airflow/example_dags/example_external_task_marker_dag.py
[2023-11-19T09:25:57.002+0700] {processor.py:839} INFO - DAG(s) dict_keys(['example_external_task_marker_parent', 'example_external_task_marker_child']) retrieved from /home/ivan123/.local/lib/python3.10/site-packages/airflow/example_dags/example_external_task_marker_dag.py
[2023-11-19T09:25:57.041+0700] {logging_mixin.py:154} INFO - [2023-11-19T09:25:57.041+0700] {dag.py:2941} INFO - Sync 2 DAGs
[2023-11-19T09:25:57.055+0700] {logging_mixin.py:154} INFO - [2023-11-19T09:25:57.055+0700] {dag.py:3722} INFO - Setting next_dagrun for example_external_task_marker_child to None, run_after=None
[2023-11-19T09:25:57.061+0700] {logging_mixin.py:154} INFO - [2023-11-19T09:25:57.061+0700] {dag.py:3722} INFO - Setting next_dagrun for example_external_task_marker_parent to None, run_after=None
[2023-11-19T09:25:57.317+0700] {processor.py:179} INFO - Processing /home/ivan123/.local/lib/python3.10/site-packages/airflow/example_dags/example_external_task_marker_dag.py took 0.327 seconds
[2023-11-19T09:33:47.343+0700] {processor.py:157} INFO - Started process (PID=10163) to work on /home/ivan123/.local/lib/python3.10/site-packages/airflow/example_dags/example_external_task_marker_dag.py
[2023-11-19T09:33:47.344+0700] {processor.py:829} INFO - Processing file /home/ivan123/.local/lib/python3.10/site-packages/airflow/example_dags/example_external_task_marker_dag.py for tasks to queue
[2023-11-19T09:33:47.345+0700] {logging_mixin.py:154} INFO - [2023-11-19T09:33:47.345+0700] {dagbag.py:536} INFO - Filling up the DagBag from /home/ivan123/.local/lib/python3.10/site-packages/airflow/example_dags/example_external_task_marker_dag.py
[2023-11-19T09:33:47.353+0700] {processor.py:839} INFO - DAG(s) dict_keys(['example_external_task_marker_parent', 'example_external_task_marker_child']) retrieved from /home/ivan123/.local/lib/python3.10/site-packages/airflow/example_dags/example_external_task_marker_dag.py
[2023-11-19T09:33:47.391+0700] {logging_mixin.py:154} INFO - [2023-11-19T09:33:47.391+0700] {dag.py:2941} INFO - Sync 2 DAGs
[2023-11-19T09:33:47.407+0700] {logging_mixin.py:154} INFO - [2023-11-19T09:33:47.406+0700] {dag.py:3722} INFO - Setting next_dagrun for example_external_task_marker_child to None, run_after=None
[2023-11-19T09:33:47.414+0700] {logging_mixin.py:154} INFO - [2023-11-19T09:33:47.413+0700] {dag.py:3722} INFO - Setting next_dagrun for example_external_task_marker_parent to None, run_after=None
[2023-11-19T09:33:47.734+0700] {processor.py:179} INFO - Processing /home/ivan123/.local/lib/python3.10/site-packages/airflow/example_dags/example_external_task_marker_dag.py took 0.395 seconds
[2023-11-19T09:35:24.413+0700] {processor.py:157} INFO - Started process (PID=10753) to work on /home/ivan123/.local/lib/python3.10/site-packages/airflow/example_dags/example_external_task_marker_dag.py
[2023-11-19T09:35:24.414+0700] {processor.py:829} INFO - Processing file /home/ivan123/.local/lib/python3.10/site-packages/airflow/example_dags/example_external_task_marker_dag.py for tasks to queue
[2023-11-19T09:35:24.415+0700] {logging_mixin.py:154} INFO - [2023-11-19T09:35:24.415+0700] {dagbag.py:536} INFO - Filling up the DagBag from /home/ivan123/.local/lib/python3.10/site-packages/airflow/example_dags/example_external_task_marker_dag.py
[2023-11-19T09:35:24.421+0700] {processor.py:839} INFO - DAG(s) dict_keys(['example_external_task_marker_child', 'example_external_task_marker_parent']) retrieved from /home/ivan123/.local/lib/python3.10/site-packages/airflow/example_dags/example_external_task_marker_dag.py
[2023-11-19T09:35:24.458+0700] {logging_mixin.py:154} INFO - [2023-11-19T09:35:24.458+0700] {dag.py:2941} INFO - Sync 2 DAGs
[2023-11-19T09:35:24.472+0700] {logging_mixin.py:154} INFO - [2023-11-19T09:35:24.472+0700] {dag.py:3722} INFO - Setting next_dagrun for example_external_task_marker_child to None, run_after=None
[2023-11-19T09:35:24.478+0700] {logging_mixin.py:154} INFO - [2023-11-19T09:35:24.478+0700] {dag.py:3722} INFO - Setting next_dagrun for example_external_task_marker_parent to None, run_after=None
[2023-11-19T09:35:26.074+0700] {processor.py:179} INFO - Processing /home/ivan123/.local/lib/python3.10/site-packages/airflow/example_dags/example_external_task_marker_dag.py took 1.664 seconds
[2023-11-19T09:36:35.619+0700] {processor.py:157} INFO - Started process (PID=11070) to work on /home/ivan123/.local/lib/python3.10/site-packages/airflow/example_dags/example_external_task_marker_dag.py
[2023-11-19T09:36:35.620+0700] {processor.py:829} INFO - Processing file /home/ivan123/.local/lib/python3.10/site-packages/airflow/example_dags/example_external_task_marker_dag.py for tasks to queue
[2023-11-19T09:36:35.622+0700] {logging_mixin.py:154} INFO - [2023-11-19T09:36:35.621+0700] {dagbag.py:536} INFO - Filling up the DagBag from /home/ivan123/.local/lib/python3.10/site-packages/airflow/example_dags/example_external_task_marker_dag.py
[2023-11-19T09:36:35.628+0700] {processor.py:839} INFO - DAG(s) dict_keys(['example_external_task_marker_parent', 'example_external_task_marker_child']) retrieved from /home/ivan123/.local/lib/python3.10/site-packages/airflow/example_dags/example_external_task_marker_dag.py
[2023-11-19T09:36:35.668+0700] {logging_mixin.py:154} INFO - [2023-11-19T09:36:35.668+0700] {dag.py:2941} INFO - Sync 2 DAGs
[2023-11-19T09:36:35.684+0700] {logging_mixin.py:154} INFO - [2023-11-19T09:36:35.684+0700] {dag.py:3722} INFO - Setting next_dagrun for example_external_task_marker_child to None, run_after=None
[2023-11-19T09:36:35.692+0700] {logging_mixin.py:154} INFO - [2023-11-19T09:36:35.692+0700] {dag.py:3722} INFO - Setting next_dagrun for example_external_task_marker_parent to None, run_after=None
[2023-11-19T09:36:36.806+0700] {processor.py:179} INFO - Processing /home/ivan123/.local/lib/python3.10/site-packages/airflow/example_dags/example_external_task_marker_dag.py took 1.190 seconds
[2023-11-19T09:37:48.961+0700] {processor.py:157} INFO - Started process (PID=11703) to work on /home/ivan123/.local/lib/python3.10/site-packages/airflow/example_dags/example_external_task_marker_dag.py
[2023-11-19T09:37:48.962+0700] {processor.py:829} INFO - Processing file /home/ivan123/.local/lib/python3.10/site-packages/airflow/example_dags/example_external_task_marker_dag.py for tasks to queue
[2023-11-19T09:37:48.964+0700] {logging_mixin.py:154} INFO - [2023-11-19T09:37:48.963+0700] {dagbag.py:536} INFO - Filling up the DagBag from /home/ivan123/.local/lib/python3.10/site-packages/airflow/example_dags/example_external_task_marker_dag.py
[2023-11-19T09:37:48.970+0700] {processor.py:839} INFO - DAG(s) dict_keys(['example_external_task_marker_child', 'example_external_task_marker_parent']) retrieved from /home/ivan123/.local/lib/python3.10/site-packages/airflow/example_dags/example_external_task_marker_dag.py
[2023-11-19T09:37:49.009+0700] {logging_mixin.py:154} INFO - [2023-11-19T09:37:49.009+0700] {dag.py:2941} INFO - Sync 2 DAGs
[2023-11-19T09:37:49.025+0700] {logging_mixin.py:154} INFO - [2023-11-19T09:37:49.024+0700] {dag.py:3722} INFO - Setting next_dagrun for example_external_task_marker_child to None, run_after=None
[2023-11-19T09:37:49.031+0700] {logging_mixin.py:154} INFO - [2023-11-19T09:37:49.030+0700] {dag.py:3722} INFO - Setting next_dagrun for example_external_task_marker_parent to None, run_after=None
[2023-11-19T09:37:50.352+0700] {processor.py:179} INFO - Processing /home/ivan123/.local/lib/python3.10/site-packages/airflow/example_dags/example_external_task_marker_dag.py took 1.393 seconds
[2023-11-19T09:39:00.935+0700] {processor.py:157} INFO - Started process (PID=12325) to work on /home/ivan123/.local/lib/python3.10/site-packages/airflow/example_dags/example_external_task_marker_dag.py
[2023-11-19T09:39:00.937+0700] {processor.py:829} INFO - Processing file /home/ivan123/.local/lib/python3.10/site-packages/airflow/example_dags/example_external_task_marker_dag.py for tasks to queue
[2023-11-19T09:39:00.938+0700] {logging_mixin.py:154} INFO - [2023-11-19T09:39:00.938+0700] {dagbag.py:536} INFO - Filling up the DagBag from /home/ivan123/.local/lib/python3.10/site-packages/airflow/example_dags/example_external_task_marker_dag.py
[2023-11-19T09:39:00.945+0700] {processor.py:839} INFO - DAG(s) dict_keys(['example_external_task_marker_child', 'example_external_task_marker_parent']) retrieved from /home/ivan123/.local/lib/python3.10/site-packages/airflow/example_dags/example_external_task_marker_dag.py
[2023-11-19T09:39:00.991+0700] {logging_mixin.py:154} INFO - [2023-11-19T09:39:00.991+0700] {dag.py:2941} INFO - Sync 2 DAGs
[2023-11-19T09:39:01.007+0700] {logging_mixin.py:154} INFO - [2023-11-19T09:39:01.007+0700] {dag.py:3722} INFO - Setting next_dagrun for example_external_task_marker_child to None, run_after=None
[2023-11-19T09:39:01.014+0700] {logging_mixin.py:154} INFO - [2023-11-19T09:39:01.014+0700] {dag.py:3722} INFO - Setting next_dagrun for example_external_task_marker_parent to None, run_after=None
[2023-11-19T09:39:01.281+0700] {processor.py:179} INFO - Processing /home/ivan123/.local/lib/python3.10/site-packages/airflow/example_dags/example_external_task_marker_dag.py took 0.349 seconds
[2023-11-19T09:40:04.386+0700] {processor.py:157} INFO - Started process (PID=12822) to work on /home/ivan123/.local/lib/python3.10/site-packages/airflow/example_dags/example_external_task_marker_dag.py
[2023-11-19T09:40:04.388+0700] {processor.py:829} INFO - Processing file /home/ivan123/.local/lib/python3.10/site-packages/airflow/example_dags/example_external_task_marker_dag.py for tasks to queue
[2023-11-19T09:40:04.389+0700] {logging_mixin.py:154} INFO - [2023-11-19T09:40:04.389+0700] {dagbag.py:536} INFO - Filling up the DagBag from /home/ivan123/.local/lib/python3.10/site-packages/airflow/example_dags/example_external_task_marker_dag.py
[2023-11-19T09:40:04.395+0700] {processor.py:839} INFO - DAG(s) dict_keys(['example_external_task_marker_parent', 'example_external_task_marker_child']) retrieved from /home/ivan123/.local/lib/python3.10/site-packages/airflow/example_dags/example_external_task_marker_dag.py
[2023-11-19T09:40:04.434+0700] {logging_mixin.py:154} INFO - [2023-11-19T09:40:04.434+0700] {dag.py:2941} INFO - Sync 2 DAGs
[2023-11-19T09:40:04.448+0700] {logging_mixin.py:154} INFO - [2023-11-19T09:40:04.448+0700] {dag.py:3722} INFO - Setting next_dagrun for example_external_task_marker_child to None, run_after=None
[2023-11-19T09:40:04.455+0700] {logging_mixin.py:154} INFO - [2023-11-19T09:40:04.455+0700] {dag.py:3722} INFO - Setting next_dagrun for example_external_task_marker_parent to None, run_after=None
[2023-11-19T09:40:05.589+0700] {processor.py:179} INFO - Processing /home/ivan123/.local/lib/python3.10/site-packages/airflow/example_dags/example_external_task_marker_dag.py took 1.206 seconds
[2023-11-19T09:51:00.653+0700] {processor.py:157} INFO - Started process (PID=15499) to work on /mnt/c/Users/ASUS/Desktop/ONLINE_COURSE/Data_Engineering/Spotify_API/new-airflowenv/lib/python3.10/site-packages/airflow/example_dags/example_external_task_marker_dag.py
[2023-11-19T09:51:00.654+0700] {processor.py:829} INFO - Processing file /mnt/c/Users/ASUS/Desktop/ONLINE_COURSE/Data_Engineering/Spotify_API/new-airflowenv/lib/python3.10/site-packages/airflow/example_dags/example_external_task_marker_dag.py for tasks to queue
[2023-11-19T09:51:00.655+0700] {logging_mixin.py:154} INFO - [2023-11-19T09:51:00.655+0700] {dagbag.py:536} INFO - Filling up the DagBag from /mnt/c/Users/ASUS/Desktop/ONLINE_COURSE/Data_Engineering/Spotify_API/new-airflowenv/lib/python3.10/site-packages/airflow/example_dags/example_external_task_marker_dag.py
[2023-11-19T09:51:00.685+0700] {processor.py:839} INFO - DAG(s) dict_keys(['example_external_task_marker_child', 'example_external_task_marker_parent']) retrieved from /mnt/c/Users/ASUS/Desktop/ONLINE_COURSE/Data_Engineering/Spotify_API/new-airflowenv/lib/python3.10/site-packages/airflow/example_dags/example_external_task_marker_dag.py
[2023-11-19T09:51:02.282+0700] {logging_mixin.py:154} INFO - [2023-11-19T09:51:02.281+0700] {dag.py:2941} INFO - Sync 2 DAGs
[2023-11-19T09:51:02.299+0700] {logging_mixin.py:154} INFO - [2023-11-19T09:51:02.299+0700] {dag.py:3722} INFO - Setting next_dagrun for example_external_task_marker_child to None, run_after=None
[2023-11-19T09:51:02.308+0700] {logging_mixin.py:154} INFO - [2023-11-19T09:51:02.307+0700] {dag.py:3722} INFO - Setting next_dagrun for example_external_task_marker_parent to None, run_after=None
[2023-11-19T09:51:02.734+0700] {processor.py:179} INFO - Processing /mnt/c/Users/ASUS/Desktop/ONLINE_COURSE/Data_Engineering/Spotify_API/new-airflowenv/lib/python3.10/site-packages/airflow/example_dags/example_external_task_marker_dag.py took 2.084 seconds
[2023-11-19T09:52:50.140+0700] {processor.py:157} INFO - Started process (PID=16311) to work on /home/ivan123/.local/lib/python3.10/site-packages/airflow/example_dags/example_external_task_marker_dag.py
[2023-11-19T09:52:50.142+0700] {processor.py:829} INFO - Processing file /home/ivan123/.local/lib/python3.10/site-packages/airflow/example_dags/example_external_task_marker_dag.py for tasks to queue
[2023-11-19T09:52:50.143+0700] {logging_mixin.py:154} INFO - [2023-11-19T09:52:50.143+0700] {dagbag.py:536} INFO - Filling up the DagBag from /home/ivan123/.local/lib/python3.10/site-packages/airflow/example_dags/example_external_task_marker_dag.py
[2023-11-19T09:52:50.150+0700] {processor.py:839} INFO - DAG(s) dict_keys(['example_external_task_marker_parent', 'example_external_task_marker_child']) retrieved from /home/ivan123/.local/lib/python3.10/site-packages/airflow/example_dags/example_external_task_marker_dag.py
[2023-11-19T09:52:50.312+0700] {logging_mixin.py:154} INFO - [2023-11-19T09:52:50.312+0700] {dag.py:2941} INFO - Sync 2 DAGs
[2023-11-19T09:52:50.326+0700] {logging_mixin.py:154} INFO - [2023-11-19T09:52:50.326+0700] {dag.py:3722} INFO - Setting next_dagrun for example_external_task_marker_child to None, run_after=None
[2023-11-19T09:52:50.433+0700] {logging_mixin.py:154} INFO - [2023-11-19T09:52:50.433+0700] {dag.py:3722} INFO - Setting next_dagrun for example_external_task_marker_parent to None, run_after=None
[2023-11-19T09:52:50.843+0700] {processor.py:179} INFO - Processing /home/ivan123/.local/lib/python3.10/site-packages/airflow/example_dags/example_external_task_marker_dag.py took 0.705 seconds
