[2023-11-19T09:21:02.612+0700] {processor.py:157} INFO - Started process (PID=6962) to work on /home/ivan123/.local/lib/python3.10/site-packages/airflow/example_dags/example_short_circuit_operator.py
[2023-11-19T09:21:02.613+0700] {processor.py:829} INFO - Processing file /home/ivan123/.local/lib/python3.10/site-packages/airflow/example_dags/example_short_circuit_operator.py for tasks to queue
[2023-11-19T09:21:02.615+0700] {logging_mixin.py:154} INFO - [2023-11-19T09:21:02.614+0700] {dagbag.py:536} INFO - Filling up the DagBag from /home/ivan123/.local/lib/python3.10/site-packages/airflow/example_dags/example_short_circuit_operator.py
[2023-11-19T09:21:02.636+0700] {processor.py:839} INFO - DAG(s) dict_keys(['example_short_circuit_operator']) retrieved from /home/ivan123/.local/lib/python3.10/site-packages/airflow/example_dags/example_short_circuit_operator.py
[2023-11-19T09:21:04.374+0700] {logging_mixin.py:154} INFO - [2023-11-19T09:21:04.373+0700] {manager.py:499} INFO - Created Permission View: %s
[2023-11-19T09:21:04.778+0700] {logging_mixin.py:154} INFO - [2023-11-19T09:21:04.778+0700] {manager.py:499} INFO - Created Permission View: %s
[2023-11-19T09:21:05.053+0700] {logging_mixin.py:154} INFO - [2023-11-19T09:21:05.053+0700] {manager.py:499} INFO - Created Permission View: %s
[2023-11-19T09:21:05.054+0700] {logging_mixin.py:154} INFO - [2023-11-19T09:21:05.054+0700] {dag.py:2941} INFO - Sync 1 DAGs
[2023-11-19T09:21:05.075+0700] {logging_mixin.py:154} INFO - [2023-11-19T09:21:05.074+0700] {dag.py:2963} INFO - Creating ORM DAG for example_short_circuit_operator
[2023-11-19T09:21:05.088+0700] {logging_mixin.py:154} INFO - [2023-11-19T09:21:05.088+0700] {dag.py:3722} INFO - Setting next_dagrun for example_short_circuit_operator to 2023-11-18T02:21:05.088497+00:00, run_after=2023-11-19T02:21:05.088497+00:00
[2023-11-19T09:21:05.616+0700] {processor.py:179} INFO - Processing /home/ivan123/.local/lib/python3.10/site-packages/airflow/example_dags/example_short_circuit_operator.py took 3.006 seconds
[2023-11-19T09:23:50.935+0700] {processor.py:157} INFO - Started process (PID=8115) to work on /home/ivan123/.local/lib/python3.10/site-packages/airflow/example_dags/example_short_circuit_operator.py
[2023-11-19T09:23:50.936+0700] {processor.py:829} INFO - Processing file /home/ivan123/.local/lib/python3.10/site-packages/airflow/example_dags/example_short_circuit_operator.py for tasks to queue
[2023-11-19T09:23:50.937+0700] {logging_mixin.py:154} INFO - [2023-11-19T09:23:50.937+0700] {dagbag.py:536} INFO - Filling up the DagBag from /home/ivan123/.local/lib/python3.10/site-packages/airflow/example_dags/example_short_circuit_operator.py
[2023-11-19T09:23:50.945+0700] {processor.py:839} INFO - DAG(s) dict_keys(['example_short_circuit_operator']) retrieved from /home/ivan123/.local/lib/python3.10/site-packages/airflow/example_dags/example_short_circuit_operator.py
[2023-11-19T09:23:51.030+0700] {logging_mixin.py:154} INFO - [2023-11-19T09:23:51.029+0700] {dag.py:2941} INFO - Sync 1 DAGs
[2023-11-19T09:23:51.058+0700] {logging_mixin.py:154} INFO - [2023-11-19T09:23:51.057+0700] {dag.py:3722} INFO - Setting next_dagrun for example_short_circuit_operator to 2023-11-18T02:23:51.057510+00:00, run_after=2023-11-19T02:23:51.057510+00:00
[2023-11-19T09:23:51.626+0700] {processor.py:179} INFO - Processing /home/ivan123/.local/lib/python3.10/site-packages/airflow/example_dags/example_short_circuit_operator.py took 0.694 seconds
[2023-11-19T09:25:15.157+0700] {processor.py:157} INFO - Started process (PID=8346) to work on /home/ivan123/.local/lib/python3.10/site-packages/airflow/example_dags/example_short_circuit_operator.py
[2023-11-19T09:25:15.158+0700] {processor.py:829} INFO - Processing file /home/ivan123/.local/lib/python3.10/site-packages/airflow/example_dags/example_short_circuit_operator.py for tasks to queue
[2023-11-19T09:25:15.159+0700] {logging_mixin.py:154} INFO - [2023-11-19T09:25:15.159+0700] {dagbag.py:536} INFO - Filling up the DagBag from /home/ivan123/.local/lib/python3.10/site-packages/airflow/example_dags/example_short_circuit_operator.py
[2023-11-19T09:25:15.167+0700] {processor.py:839} INFO - DAG(s) dict_keys(['example_short_circuit_operator']) retrieved from /home/ivan123/.local/lib/python3.10/site-packages/airflow/example_dags/example_short_circuit_operator.py
[2023-11-19T09:25:15.197+0700] {logging_mixin.py:154} INFO - [2023-11-19T09:25:15.197+0700] {dag.py:2941} INFO - Sync 1 DAGs
[2023-11-19T09:25:15.223+0700] {logging_mixin.py:154} INFO - [2023-11-19T09:25:15.223+0700] {dag.py:3722} INFO - Setting next_dagrun for example_short_circuit_operator to 2023-11-18T02:25:15.222968+00:00, run_after=2023-11-19T02:25:15.222968+00:00
[2023-11-19T09:25:16.648+0700] {processor.py:179} INFO - Processing /home/ivan123/.local/lib/python3.10/site-packages/airflow/example_dags/example_short_circuit_operator.py took 1.494 seconds
[2023-11-19T09:34:10.364+0700] {processor.py:157} INFO - Started process (PID=10368) to work on /home/ivan123/.local/lib/python3.10/site-packages/airflow/example_dags/example_short_circuit_operator.py
[2023-11-19T09:34:10.366+0700] {processor.py:829} INFO - Processing file /home/ivan123/.local/lib/python3.10/site-packages/airflow/example_dags/example_short_circuit_operator.py for tasks to queue
[2023-11-19T09:34:10.367+0700] {logging_mixin.py:154} INFO - [2023-11-19T09:34:10.366+0700] {dagbag.py:536} INFO - Filling up the DagBag from /home/ivan123/.local/lib/python3.10/site-packages/airflow/example_dags/example_short_circuit_operator.py
[2023-11-19T09:34:10.377+0700] {processor.py:839} INFO - DAG(s) dict_keys(['example_short_circuit_operator']) retrieved from /home/ivan123/.local/lib/python3.10/site-packages/airflow/example_dags/example_short_circuit_operator.py
[2023-11-19T09:34:10.408+0700] {logging_mixin.py:154} INFO - [2023-11-19T09:34:10.408+0700] {dag.py:2941} INFO - Sync 1 DAGs
[2023-11-19T09:34:10.436+0700] {logging_mixin.py:154} INFO - [2023-11-19T09:34:10.436+0700] {dag.py:3722} INFO - Setting next_dagrun for example_short_circuit_operator to 2023-11-18T02:34:10.436026+00:00, run_after=2023-11-19T02:34:10.436026+00:00
[2023-11-19T09:34:10.769+0700] {processor.py:179} INFO - Processing /home/ivan123/.local/lib/python3.10/site-packages/airflow/example_dags/example_short_circuit_operator.py took 0.408 seconds
[2023-11-19T09:35:53.951+0700] {processor.py:157} INFO - Started process (PID=10821) to work on /home/ivan123/.local/lib/python3.10/site-packages/airflow/example_dags/example_short_circuit_operator.py
[2023-11-19T09:35:53.952+0700] {processor.py:829} INFO - Processing file /home/ivan123/.local/lib/python3.10/site-packages/airflow/example_dags/example_short_circuit_operator.py for tasks to queue
[2023-11-19T09:35:53.954+0700] {logging_mixin.py:154} INFO - [2023-11-19T09:35:53.953+0700] {dagbag.py:536} INFO - Filling up the DagBag from /home/ivan123/.local/lib/python3.10/site-packages/airflow/example_dags/example_short_circuit_operator.py
[2023-11-19T09:35:53.962+0700] {processor.py:839} INFO - DAG(s) dict_keys(['example_short_circuit_operator']) retrieved from /home/ivan123/.local/lib/python3.10/site-packages/airflow/example_dags/example_short_circuit_operator.py
[2023-11-19T09:35:53.992+0700] {logging_mixin.py:154} INFO - [2023-11-19T09:35:53.992+0700] {dag.py:2941} INFO - Sync 1 DAGs
[2023-11-19T09:35:54.018+0700] {logging_mixin.py:154} INFO - [2023-11-19T09:35:54.018+0700] {dag.py:3722} INFO - Setting next_dagrun for example_short_circuit_operator to 2023-11-18T02:35:54.018450+00:00, run_after=2023-11-19T02:35:54.018450+00:00
[2023-11-19T09:35:54.994+0700] {processor.py:179} INFO - Processing /home/ivan123/.local/lib/python3.10/site-packages/airflow/example_dags/example_short_circuit_operator.py took 1.047 seconds
[2023-11-19T09:38:19.397+0700] {processor.py:157} INFO - Started process (PID=11954) to work on /home/ivan123/.local/lib/python3.10/site-packages/airflow/example_dags/example_short_circuit_operator.py
[2023-11-19T09:38:19.398+0700] {processor.py:829} INFO - Processing file /home/ivan123/.local/lib/python3.10/site-packages/airflow/example_dags/example_short_circuit_operator.py for tasks to queue
[2023-11-19T09:38:19.399+0700] {logging_mixin.py:154} INFO - [2023-11-19T09:38:19.399+0700] {dagbag.py:536} INFO - Filling up the DagBag from /home/ivan123/.local/lib/python3.10/site-packages/airflow/example_dags/example_short_circuit_operator.py
[2023-11-19T09:38:19.408+0700] {processor.py:839} INFO - DAG(s) dict_keys(['example_short_circuit_operator']) retrieved from /home/ivan123/.local/lib/python3.10/site-packages/airflow/example_dags/example_short_circuit_operator.py
[2023-11-19T09:38:19.440+0700] {logging_mixin.py:154} INFO - [2023-11-19T09:38:19.440+0700] {dag.py:2941} INFO - Sync 1 DAGs
[2023-11-19T09:38:19.469+0700] {logging_mixin.py:154} INFO - [2023-11-19T09:38:19.469+0700] {dag.py:3722} INFO - Setting next_dagrun for example_short_circuit_operator to 2023-11-18T02:38:19.469157+00:00, run_after=2023-11-19T02:38:19.469157+00:00
[2023-11-19T09:38:19.873+0700] {processor.py:179} INFO - Processing /home/ivan123/.local/lib/python3.10/site-packages/airflow/example_dags/example_short_circuit_operator.py took 0.480 seconds
[2023-11-19T09:50:03.905+0700] {processor.py:157} INFO - Started process (PID=15281) to work on /mnt/c/Users/ASUS/Desktop/ONLINE_COURSE/Data_Engineering/Spotify_API/new-airflowenv/lib/python3.10/site-packages/airflow/example_dags/example_short_circuit_operator.py
[2023-11-19T09:50:03.907+0700] {processor.py:829} INFO - Processing file /mnt/c/Users/ASUS/Desktop/ONLINE_COURSE/Data_Engineering/Spotify_API/new-airflowenv/lib/python3.10/site-packages/airflow/example_dags/example_short_circuit_operator.py for tasks to queue
[2023-11-19T09:50:03.908+0700] {logging_mixin.py:154} INFO - [2023-11-19T09:50:03.908+0700] {dagbag.py:536} INFO - Filling up the DagBag from /mnt/c/Users/ASUS/Desktop/ONLINE_COURSE/Data_Engineering/Spotify_API/new-airflowenv/lib/python3.10/site-packages/airflow/example_dags/example_short_circuit_operator.py
[2023-11-19T09:50:03.950+0700] {processor.py:839} INFO - DAG(s) dict_keys(['example_short_circuit_operator']) retrieved from /mnt/c/Users/ASUS/Desktop/ONLINE_COURSE/Data_Engineering/Spotify_API/new-airflowenv/lib/python3.10/site-packages/airflow/example_dags/example_short_circuit_operator.py
[2023-11-19T09:50:05.532+0700] {logging_mixin.py:154} INFO - [2023-11-19T09:50:05.532+0700] {dag.py:2941} INFO - Sync 1 DAGs
[2023-11-19T09:50:05.559+0700] {logging_mixin.py:154} INFO - [2023-11-19T09:50:05.559+0700] {dag.py:3722} INFO - Setting next_dagrun for example_short_circuit_operator to 2023-11-18T02:50:05.558802+00:00, run_after=2023-11-19T02:50:05.558802+00:00
[2023-11-19T09:50:07.175+0700] {processor.py:179} INFO - Processing /mnt/c/Users/ASUS/Desktop/ONLINE_COURSE/Data_Engineering/Spotify_API/new-airflowenv/lib/python3.10/site-packages/airflow/example_dags/example_short_circuit_operator.py took 3.273 seconds
[2023-11-19T09:53:11.890+0700] {processor.py:157} INFO - Started process (PID=16494) to work on /home/ivan123/.local/lib/python3.10/site-packages/airflow/example_dags/example_short_circuit_operator.py
[2023-11-19T09:53:11.891+0700] {processor.py:829} INFO - Processing file /home/ivan123/.local/lib/python3.10/site-packages/airflow/example_dags/example_short_circuit_operator.py for tasks to queue
[2023-11-19T09:53:11.892+0700] {logging_mixin.py:154} INFO - [2023-11-19T09:53:11.891+0700] {dagbag.py:536} INFO - Filling up the DagBag from /home/ivan123/.local/lib/python3.10/site-packages/airflow/example_dags/example_short_circuit_operator.py
[2023-11-19T09:53:11.901+0700] {processor.py:839} INFO - DAG(s) dict_keys(['example_short_circuit_operator']) retrieved from /home/ivan123/.local/lib/python3.10/site-packages/airflow/example_dags/example_short_circuit_operator.py
[2023-11-19T09:53:12.035+0700] {logging_mixin.py:154} INFO - [2023-11-19T09:53:12.035+0700] {dag.py:2941} INFO - Sync 1 DAGs
[2023-11-19T09:53:12.062+0700] {logging_mixin.py:154} INFO - [2023-11-19T09:53:12.062+0700] {dag.py:3722} INFO - Setting next_dagrun for example_short_circuit_operator to 2023-11-18T02:53:12.062009+00:00, run_after=2023-11-19T02:53:12.062009+00:00
[2023-11-19T09:53:12.714+0700] {processor.py:179} INFO - Processing /home/ivan123/.local/lib/python3.10/site-packages/airflow/example_dags/example_short_circuit_operator.py took 0.827 seconds
