[2023-11-19T09:22:58.134+0700] {processor.py:157} INFO - Started process (PID=7705) to work on /home/ivan123/.local/lib/python3.10/site-packages/airflow/example_dags/example_kubernetes_executor.py
[2023-11-19T09:22:58.135+0700] {processor.py:829} INFO - Processing file /home/ivan123/.local/lib/python3.10/site-packages/airflow/example_dags/example_kubernetes_executor.py for tasks to queue
[2023-11-19T09:22:58.136+0700] {logging_mixin.py:154} INFO - [2023-11-19T09:22:58.136+0700] {dagbag.py:536} INFO - Filling up the DagBag from /home/ivan123/.local/lib/python3.10/site-packages/airflow/example_dags/example_kubernetes_executor.py
[2023-11-19T09:22:58.421+0700] {logging_mixin.py:154} INFO - [2023-11-19T09:22:58.420+0700] {example_kubernetes_executor.py:38} WARNING - The example_kubernetes_executor example DAG requires the kubernetes provider. Please install it with: pip install apache-airflow[cncf.kubernetes]
[2023-11-19T09:22:58.422+0700] {processor.py:841} WARNING - No viable dags retrieved from /home/ivan123/.local/lib/python3.10/site-packages/airflow/example_dags/example_kubernetes_executor.py
[2023-11-19T09:22:58.455+0700] {processor.py:179} INFO - Processing /home/ivan123/.local/lib/python3.10/site-packages/airflow/example_dags/example_kubernetes_executor.py took 0.324 seconds
[2023-11-19T09:25:36.266+0700] {processor.py:157} INFO - Started process (PID=8394) to work on /home/ivan123/.local/lib/python3.10/site-packages/airflow/example_dags/example_kubernetes_executor.py
[2023-11-19T09:25:36.267+0700] {processor.py:829} INFO - Processing file /home/ivan123/.local/lib/python3.10/site-packages/airflow/example_dags/example_kubernetes_executor.py for tasks to queue
[2023-11-19T09:25:36.268+0700] {logging_mixin.py:154} INFO - [2023-11-19T09:25:36.268+0700] {dagbag.py:536} INFO - Filling up the DagBag from /home/ivan123/.local/lib/python3.10/site-packages/airflow/example_dags/example_kubernetes_executor.py
[2023-11-19T09:25:36.272+0700] {logging_mixin.py:154} INFO - [2023-11-19T09:25:36.272+0700] {example_kubernetes_executor.py:38} WARNING - The example_kubernetes_executor example DAG requires the kubernetes provider. Please install it with: pip install apache-airflow[cncf.kubernetes]
[2023-11-19T09:25:36.273+0700] {processor.py:841} WARNING - No viable dags retrieved from /home/ivan123/.local/lib/python3.10/site-packages/airflow/example_dags/example_kubernetes_executor.py
[2023-11-19T09:25:36.297+0700] {processor.py:179} INFO - Processing /home/ivan123/.local/lib/python3.10/site-packages/airflow/example_dags/example_kubernetes_executor.py took 0.034 seconds
[2023-11-19T09:34:59.666+0700] {processor.py:157} INFO - Started process (PID=10632) to work on /home/ivan123/.local/lib/python3.10/site-packages/airflow/example_dags/example_kubernetes_executor.py
[2023-11-19T09:34:59.668+0700] {processor.py:829} INFO - Processing file /home/ivan123/.local/lib/python3.10/site-packages/airflow/example_dags/example_kubernetes_executor.py for tasks to queue
[2023-11-19T09:34:59.669+0700] {logging_mixin.py:154} INFO - [2023-11-19T09:34:59.668+0700] {dagbag.py:536} INFO - Filling up the DagBag from /home/ivan123/.local/lib/python3.10/site-packages/airflow/example_dags/example_kubernetes_executor.py
[2023-11-19T09:34:59.673+0700] {logging_mixin.py:154} INFO - [2023-11-19T09:34:59.673+0700] {example_kubernetes_executor.py:38} WARNING - The example_kubernetes_executor example DAG requires the kubernetes provider. Please install it with: pip install apache-airflow[cncf.kubernetes]
[2023-11-19T09:34:59.674+0700] {processor.py:841} WARNING - No viable dags retrieved from /home/ivan123/.local/lib/python3.10/site-packages/airflow/example_dags/example_kubernetes_executor.py
[2023-11-19T09:34:59.698+0700] {processor.py:179} INFO - Processing /home/ivan123/.local/lib/python3.10/site-packages/airflow/example_dags/example_kubernetes_executor.py took 0.035 seconds
[2023-11-19T09:37:19.900+0700] {processor.py:157} INFO - Started process (PID=11447) to work on /home/ivan123/.local/lib/python3.10/site-packages/airflow/example_dags/example_kubernetes_executor.py
[2023-11-19T09:37:19.901+0700] {processor.py:829} INFO - Processing file /home/ivan123/.local/lib/python3.10/site-packages/airflow/example_dags/example_kubernetes_executor.py for tasks to queue
[2023-11-19T09:37:19.902+0700] {logging_mixin.py:154} INFO - [2023-11-19T09:37:19.902+0700] {dagbag.py:536} INFO - Filling up the DagBag from /home/ivan123/.local/lib/python3.10/site-packages/airflow/example_dags/example_kubernetes_executor.py
[2023-11-19T09:37:19.908+0700] {logging_mixin.py:154} INFO - [2023-11-19T09:37:19.908+0700] {example_kubernetes_executor.py:38} WARNING - The example_kubernetes_executor example DAG requires the kubernetes provider. Please install it with: pip install apache-airflow[cncf.kubernetes]
[2023-11-19T09:37:19.908+0700] {processor.py:841} WARNING - No viable dags retrieved from /home/ivan123/.local/lib/python3.10/site-packages/airflow/example_dags/example_kubernetes_executor.py
[2023-11-19T09:37:19.935+0700] {processor.py:179} INFO - Processing /home/ivan123/.local/lib/python3.10/site-packages/airflow/example_dags/example_kubernetes_executor.py took 0.037 seconds
[2023-11-19T09:39:40.797+0700] {processor.py:157} INFO - Started process (PID=12652) to work on /home/ivan123/.local/lib/python3.10/site-packages/airflow/example_dags/example_kubernetes_executor.py
[2023-11-19T09:39:40.798+0700] {processor.py:829} INFO - Processing file /home/ivan123/.local/lib/python3.10/site-packages/airflow/example_dags/example_kubernetes_executor.py for tasks to queue
[2023-11-19T09:39:40.799+0700] {logging_mixin.py:154} INFO - [2023-11-19T09:39:40.799+0700] {dagbag.py:536} INFO - Filling up the DagBag from /home/ivan123/.local/lib/python3.10/site-packages/airflow/example_dags/example_kubernetes_executor.py
[2023-11-19T09:39:40.803+0700] {logging_mixin.py:154} INFO - [2023-11-19T09:39:40.803+0700] {example_kubernetes_executor.py:38} WARNING - The example_kubernetes_executor example DAG requires the kubernetes provider. Please install it with: pip install apache-airflow[cncf.kubernetes]
[2023-11-19T09:39:40.804+0700] {processor.py:841} WARNING - No viable dags retrieved from /home/ivan123/.local/lib/python3.10/site-packages/airflow/example_dags/example_kubernetes_executor.py
[2023-11-19T09:39:40.830+0700] {processor.py:179} INFO - Processing /home/ivan123/.local/lib/python3.10/site-packages/airflow/example_dags/example_kubernetes_executor.py took 0.036 seconds
[2023-11-19T09:50:59.826+0700] {processor.py:157} INFO - Started process (PID=15492) to work on /mnt/c/Users/ASUS/Desktop/ONLINE_COURSE/Data_Engineering/Spotify_API/new-airflowenv/lib/python3.10/site-packages/airflow/example_dags/example_kubernetes_executor.py
[2023-11-19T09:50:59.828+0700] {processor.py:829} INFO - Processing file /mnt/c/Users/ASUS/Desktop/ONLINE_COURSE/Data_Engineering/Spotify_API/new-airflowenv/lib/python3.10/site-packages/airflow/example_dags/example_kubernetes_executor.py for tasks to queue
[2023-11-19T09:50:59.829+0700] {logging_mixin.py:154} INFO - [2023-11-19T09:50:59.829+0700] {dagbag.py:536} INFO - Filling up the DagBag from /mnt/c/Users/ASUS/Desktop/ONLINE_COURSE/Data_Engineering/Spotify_API/new-airflowenv/lib/python3.10/site-packages/airflow/example_dags/example_kubernetes_executor.py
[2023-11-19T09:50:59.860+0700] {logging_mixin.py:154} INFO - [2023-11-19T09:50:59.860+0700] {example_kubernetes_executor.py:38} WARNING - The example_kubernetes_executor example DAG requires the kubernetes provider. Please install it with: pip install apache-airflow[cncf.kubernetes]
[2023-11-19T09:50:59.861+0700] {processor.py:841} WARNING - No viable dags retrieved from /mnt/c/Users/ASUS/Desktop/ONLINE_COURSE/Data_Engineering/Spotify_API/new-airflowenv/lib/python3.10/site-packages/airflow/example_dags/example_kubernetes_executor.py
[2023-11-19T09:50:59.884+0700] {processor.py:179} INFO - Processing /mnt/c/Users/ASUS/Desktop/ONLINE_COURSE/Data_Engineering/Spotify_API/new-airflowenv/lib/python3.10/site-packages/airflow/example_dags/example_kubernetes_executor.py took 0.060 seconds
