[2023-11-19T09:22:18.154+0700] {processor.py:157} INFO - Started process (PID=7420) to work on /home/ivan123/.local/lib/python3.10/site-packages/airflow/example_dags/example_setup_teardown_taskflow.py
[2023-11-19T09:22:18.156+0700] {processor.py:829} INFO - Processing file /home/ivan123/.local/lib/python3.10/site-packages/airflow/example_dags/example_setup_teardown_taskflow.py for tasks to queue
[2023-11-19T09:22:18.157+0700] {logging_mixin.py:154} INFO - [2023-11-19T09:22:18.156+0700] {dagbag.py:536} INFO - Filling up the DagBag from /home/ivan123/.local/lib/python3.10/site-packages/airflow/example_dags/example_setup_teardown_taskflow.py
[2023-11-19T09:22:18.168+0700] {processor.py:839} INFO - DAG(s) dict_keys(['example_setup_teardown_taskflow']) retrieved from /home/ivan123/.local/lib/python3.10/site-packages/airflow/example_dags/example_setup_teardown_taskflow.py
[2023-11-19T09:22:18.880+0700] {logging_mixin.py:154} INFO - [2023-11-19T09:22:18.880+0700] {manager.py:499} INFO - Created Permission View: %s
[2023-11-19T09:22:19.125+0700] {logging_mixin.py:154} INFO - [2023-11-19T09:22:19.125+0700] {manager.py:499} INFO - Created Permission View: %s
[2023-11-19T09:22:19.859+0700] {logging_mixin.py:154} INFO - [2023-11-19T09:22:19.858+0700] {manager.py:499} INFO - Created Permission View: %s
[2023-11-19T09:22:19.860+0700] {logging_mixin.py:154} INFO - [2023-11-19T09:22:19.860+0700] {dag.py:2941} INFO - Sync 1 DAGs
[2023-11-19T09:22:19.888+0700] {logging_mixin.py:154} INFO - [2023-11-19T09:22:19.888+0700] {dag.py:2963} INFO - Creating ORM DAG for example_setup_teardown_taskflow
[2023-11-19T09:22:19.902+0700] {logging_mixin.py:154} INFO - [2023-11-19T09:22:19.901+0700] {dag.py:3722} INFO - Setting next_dagrun for example_setup_teardown_taskflow to 2023-11-18T02:22:19.901696+00:00, run_after=2023-11-19T02:22:19.901696+00:00
[2023-11-19T09:22:20.211+0700] {processor.py:179} INFO - Processing /home/ivan123/.local/lib/python3.10/site-packages/airflow/example_dags/example_setup_teardown_taskflow.py took 2.059 seconds
[2023-11-19T09:24:20.064+0700] {processor.py:157} INFO - Started process (PID=8234) to work on /home/ivan123/.local/lib/python3.10/site-packages/airflow/example_dags/example_setup_teardown_taskflow.py
[2023-11-19T09:24:20.065+0700] {processor.py:829} INFO - Processing file /home/ivan123/.local/lib/python3.10/site-packages/airflow/example_dags/example_setup_teardown_taskflow.py for tasks to queue
[2023-11-19T09:24:20.066+0700] {logging_mixin.py:154} INFO - [2023-11-19T09:24:20.066+0700] {dagbag.py:536} INFO - Filling up the DagBag from /home/ivan123/.local/lib/python3.10/site-packages/airflow/example_dags/example_setup_teardown_taskflow.py
[2023-11-19T09:24:20.076+0700] {processor.py:839} INFO - DAG(s) dict_keys(['example_setup_teardown_taskflow']) retrieved from /home/ivan123/.local/lib/python3.10/site-packages/airflow/example_dags/example_setup_teardown_taskflow.py
[2023-11-19T09:24:20.202+0700] {logging_mixin.py:154} INFO - [2023-11-19T09:24:20.202+0700] {dag.py:2941} INFO - Sync 1 DAGs
[2023-11-19T09:24:20.234+0700] {logging_mixin.py:154} INFO - [2023-11-19T09:24:20.234+0700] {dag.py:3722} INFO - Setting next_dagrun for example_setup_teardown_taskflow to 2023-11-18T02:24:20.234110+00:00, run_after=2023-11-19T02:24:20.234110+00:00
[2023-11-19T09:24:20.800+0700] {processor.py:179} INFO - Processing /home/ivan123/.local/lib/python3.10/site-packages/airflow/example_dags/example_setup_teardown_taskflow.py took 0.738 seconds
[2023-11-19T09:26:25.016+0700] {processor.py:157} INFO - Started process (PID=8578) to work on /home/ivan123/.local/lib/python3.10/site-packages/airflow/example_dags/example_setup_teardown_taskflow.py
[2023-11-19T09:26:25.017+0700] {processor.py:829} INFO - Processing file /home/ivan123/.local/lib/python3.10/site-packages/airflow/example_dags/example_setup_teardown_taskflow.py for tasks to queue
[2023-11-19T09:26:25.018+0700] {logging_mixin.py:154} INFO - [2023-11-19T09:26:25.018+0700] {dagbag.py:536} INFO - Filling up the DagBag from /home/ivan123/.local/lib/python3.10/site-packages/airflow/example_dags/example_setup_teardown_taskflow.py
[2023-11-19T09:26:25.029+0700] {processor.py:839} INFO - DAG(s) dict_keys(['example_setup_teardown_taskflow']) retrieved from /home/ivan123/.local/lib/python3.10/site-packages/airflow/example_dags/example_setup_teardown_taskflow.py
[2023-11-19T09:26:25.061+0700] {logging_mixin.py:154} INFO - [2023-11-19T09:26:25.061+0700] {dag.py:2941} INFO - Sync 1 DAGs
[2023-11-19T09:26:25.090+0700] {logging_mixin.py:154} INFO - [2023-11-19T09:26:25.089+0700] {dag.py:3722} INFO - Setting next_dagrun for example_setup_teardown_taskflow to 2023-11-18T02:26:25.089671+00:00, run_after=2023-11-19T02:26:25.089671+00:00
[2023-11-19T09:26:25.712+0700] {processor.py:179} INFO - Processing /home/ivan123/.local/lib/python3.10/site-packages/airflow/example_dags/example_setup_teardown_taskflow.py took 0.700 seconds
[2023-11-19T09:34:35.831+0700] {processor.py:157} INFO - Started process (PID=10548) to work on /home/ivan123/.local/lib/python3.10/site-packages/airflow/example_dags/example_setup_teardown_taskflow.py
[2023-11-19T09:34:35.833+0700] {processor.py:829} INFO - Processing file /home/ivan123/.local/lib/python3.10/site-packages/airflow/example_dags/example_setup_teardown_taskflow.py for tasks to queue
[2023-11-19T09:34:35.834+0700] {logging_mixin.py:154} INFO - [2023-11-19T09:34:35.834+0700] {dagbag.py:536} INFO - Filling up the DagBag from /home/ivan123/.local/lib/python3.10/site-packages/airflow/example_dags/example_setup_teardown_taskflow.py
[2023-11-19T09:34:35.845+0700] {processor.py:839} INFO - DAG(s) dict_keys(['example_setup_teardown_taskflow']) retrieved from /home/ivan123/.local/lib/python3.10/site-packages/airflow/example_dags/example_setup_teardown_taskflow.py
[2023-11-19T09:34:35.875+0700] {logging_mixin.py:154} INFO - [2023-11-19T09:34:35.875+0700] {dag.py:2941} INFO - Sync 1 DAGs
[2023-11-19T09:34:35.904+0700] {logging_mixin.py:154} INFO - [2023-11-19T09:34:35.904+0700] {dag.py:3722} INFO - Setting next_dagrun for example_setup_teardown_taskflow to 2023-11-18T02:34:35.903771+00:00, run_after=2023-11-19T02:34:35.903771+00:00
[2023-11-19T09:34:36.770+0700] {processor.py:179} INFO - Processing /home/ivan123/.local/lib/python3.10/site-packages/airflow/example_dags/example_setup_teardown_taskflow.py took 0.942 seconds
[2023-11-19T09:36:19.264+0700] {processor.py:157} INFO - Started process (PID=10941) to work on /home/ivan123/.local/lib/python3.10/site-packages/airflow/example_dags/example_setup_teardown_taskflow.py
[2023-11-19T09:36:19.265+0700] {processor.py:829} INFO - Processing file /home/ivan123/.local/lib/python3.10/site-packages/airflow/example_dags/example_setup_teardown_taskflow.py for tasks to queue
[2023-11-19T09:36:19.267+0700] {logging_mixin.py:154} INFO - [2023-11-19T09:36:19.267+0700] {dagbag.py:536} INFO - Filling up the DagBag from /home/ivan123/.local/lib/python3.10/site-packages/airflow/example_dags/example_setup_teardown_taskflow.py
[2023-11-19T09:36:19.277+0700] {processor.py:839} INFO - DAG(s) dict_keys(['example_setup_teardown_taskflow']) retrieved from /home/ivan123/.local/lib/python3.10/site-packages/airflow/example_dags/example_setup_teardown_taskflow.py
[2023-11-19T09:36:19.305+0700] {logging_mixin.py:154} INFO - [2023-11-19T09:36:19.305+0700] {dag.py:2941} INFO - Sync 1 DAGs
[2023-11-19T09:36:19.330+0700] {logging_mixin.py:154} INFO - [2023-11-19T09:36:19.330+0700] {dag.py:3722} INFO - Setting next_dagrun for example_setup_teardown_taskflow to 2023-11-18T02:36:19.330029+00:00, run_after=2023-11-19T02:36:19.330029+00:00
[2023-11-19T09:36:19.729+0700] {processor.py:179} INFO - Processing /home/ivan123/.local/lib/python3.10/site-packages/airflow/example_dags/example_setup_teardown_taskflow.py took 0.468 seconds
[2023-11-19T09:38:43.845+0700] {processor.py:157} INFO - Started process (PID=12196) to work on /home/ivan123/.local/lib/python3.10/site-packages/airflow/example_dags/example_setup_teardown_taskflow.py
[2023-11-19T09:38:43.847+0700] {processor.py:829} INFO - Processing file /home/ivan123/.local/lib/python3.10/site-packages/airflow/example_dags/example_setup_teardown_taskflow.py for tasks to queue
[2023-11-19T09:38:43.848+0700] {logging_mixin.py:154} INFO - [2023-11-19T09:38:43.848+0700] {dagbag.py:536} INFO - Filling up the DagBag from /home/ivan123/.local/lib/python3.10/site-packages/airflow/example_dags/example_setup_teardown_taskflow.py
[2023-11-19T09:38:43.861+0700] {processor.py:839} INFO - DAG(s) dict_keys(['example_setup_teardown_taskflow']) retrieved from /home/ivan123/.local/lib/python3.10/site-packages/airflow/example_dags/example_setup_teardown_taskflow.py
[2023-11-19T09:38:43.891+0700] {logging_mixin.py:154} INFO - [2023-11-19T09:38:43.891+0700] {dag.py:2941} INFO - Sync 1 DAGs
[2023-11-19T09:38:43.920+0700] {logging_mixin.py:154} INFO - [2023-11-19T09:38:43.920+0700] {dag.py:3722} INFO - Setting next_dagrun for example_setup_teardown_taskflow to 2023-11-18T02:38:43.919809+00:00, run_after=2023-11-19T02:38:43.919809+00:00
[2023-11-19T09:38:44.512+0700] {processor.py:179} INFO - Processing /home/ivan123/.local/lib/python3.10/site-packages/airflow/example_dags/example_setup_teardown_taskflow.py took 0.672 seconds
[2023-11-19T09:50:12.558+0700] {processor.py:157} INFO - Started process (PID=15321) to work on /mnt/c/Users/ASUS/Desktop/ONLINE_COURSE/Data_Engineering/Spotify_API/new-airflowenv/lib/python3.10/site-packages/airflow/example_dags/example_setup_teardown_taskflow.py
[2023-11-19T09:50:12.559+0700] {processor.py:829} INFO - Processing file /mnt/c/Users/ASUS/Desktop/ONLINE_COURSE/Data_Engineering/Spotify_API/new-airflowenv/lib/python3.10/site-packages/airflow/example_dags/example_setup_teardown_taskflow.py for tasks to queue
[2023-11-19T09:50:12.560+0700] {logging_mixin.py:154} INFO - [2023-11-19T09:50:12.560+0700] {dagbag.py:536} INFO - Filling up the DagBag from /mnt/c/Users/ASUS/Desktop/ONLINE_COURSE/Data_Engineering/Spotify_API/new-airflowenv/lib/python3.10/site-packages/airflow/example_dags/example_setup_teardown_taskflow.py
[2023-11-19T09:50:12.597+0700] {processor.py:839} INFO - DAG(s) dict_keys(['example_setup_teardown_taskflow']) retrieved from /mnt/c/Users/ASUS/Desktop/ONLINE_COURSE/Data_Engineering/Spotify_API/new-airflowenv/lib/python3.10/site-packages/airflow/example_dags/example_setup_teardown_taskflow.py
[2023-11-19T09:50:14.127+0700] {logging_mixin.py:154} INFO - [2023-11-19T09:50:14.127+0700] {dag.py:2941} INFO - Sync 1 DAGs
[2023-11-19T09:50:14.152+0700] {logging_mixin.py:154} INFO - [2023-11-19T09:50:14.152+0700] {dag.py:3722} INFO - Setting next_dagrun for example_setup_teardown_taskflow to 2023-11-18T02:50:14.152034+00:00, run_after=2023-11-19T02:50:14.152034+00:00
[2023-11-19T09:50:16.080+0700] {processor.py:179} INFO - Processing /mnt/c/Users/ASUS/Desktop/ONLINE_COURSE/Data_Engineering/Spotify_API/new-airflowenv/lib/python3.10/site-packages/airflow/example_dags/example_setup_teardown_taskflow.py took 3.525 seconds
