[2023-11-19T09:20:46.367+0700] {processor.py:157} INFO - Started process (PID=6916) to work on /home/ivan123/.local/lib/python3.10/site-packages/airflow/example_dags/example_branch_day_of_week_operator.py
[2023-11-19T09:20:46.368+0700] {processor.py:829} INFO - Processing file /home/ivan123/.local/lib/python3.10/site-packages/airflow/example_dags/example_branch_day_of_week_operator.py for tasks to queue
[2023-11-19T09:20:46.369+0700] {logging_mixin.py:154} INFO - [2023-11-19T09:20:46.369+0700] {dagbag.py:536} INFO - Filling up the DagBag from /home/ivan123/.local/lib/python3.10/site-packages/airflow/example_dags/example_branch_day_of_week_operator.py
[2023-11-19T09:20:46.378+0700] {processor.py:839} INFO - DAG(s) dict_keys(['example_weekday_branch_operator']) retrieved from /home/ivan123/.local/lib/python3.10/site-packages/airflow/example_dags/example_branch_day_of_week_operator.py
[2023-11-19T09:20:47.677+0700] {logging_mixin.py:154} INFO - [2023-11-19T09:20:47.675+0700] {manager.py:499} INFO - Created Permission View: %s
[2023-11-19T09:20:48.037+0700] {logging_mixin.py:154} INFO - [2023-11-19T09:20:48.036+0700] {manager.py:499} INFO - Created Permission View: %s
[2023-11-19T09:20:48.320+0700] {logging_mixin.py:154} INFO - [2023-11-19T09:20:48.320+0700] {manager.py:499} INFO - Created Permission View: %s
[2023-11-19T09:20:48.321+0700] {logging_mixin.py:154} INFO - [2023-11-19T09:20:48.320+0700] {dag.py:2941} INFO - Sync 1 DAGs
[2023-11-19T09:20:48.340+0700] {logging_mixin.py:154} INFO - [2023-11-19T09:20:48.339+0700] {dag.py:2963} INFO - Creating ORM DAG for example_weekday_branch_operator
[2023-11-19T09:20:48.354+0700] {logging_mixin.py:154} INFO - [2023-11-19T09:20:48.353+0700] {dag.py:3722} INFO - Setting next_dagrun for example_weekday_branch_operator to 2023-11-18T00:00:00+00:00, run_after=2023-11-19T00:00:00+00:00
[2023-11-19T09:20:48.685+0700] {processor.py:179} INFO - Processing /home/ivan123/.local/lib/python3.10/site-packages/airflow/example_dags/example_branch_day_of_week_operator.py took 2.321 seconds
[2023-11-19T09:23:42.477+0700] {processor.py:157} INFO - Started process (PID=8054) to work on /home/ivan123/.local/lib/python3.10/site-packages/airflow/example_dags/example_branch_day_of_week_operator.py
[2023-11-19T09:23:42.525+0700] {processor.py:829} INFO - Processing file /home/ivan123/.local/lib/python3.10/site-packages/airflow/example_dags/example_branch_day_of_week_operator.py for tasks to queue
[2023-11-19T09:23:42.527+0700] {logging_mixin.py:154} INFO - [2023-11-19T09:23:42.526+0700] {dagbag.py:536} INFO - Filling up the DagBag from /home/ivan123/.local/lib/python3.10/site-packages/airflow/example_dags/example_branch_day_of_week_operator.py
[2023-11-19T09:23:42.535+0700] {processor.py:839} INFO - DAG(s) dict_keys(['example_weekday_branch_operator']) retrieved from /home/ivan123/.local/lib/python3.10/site-packages/airflow/example_dags/example_branch_day_of_week_operator.py
[2023-11-19T09:23:42.586+0700] {logging_mixin.py:154} INFO - [2023-11-19T09:23:42.586+0700] {dag.py:2941} INFO - Sync 1 DAGs
[2023-11-19T09:23:42.615+0700] {logging_mixin.py:154} INFO - [2023-11-19T09:23:42.615+0700] {dag.py:3722} INFO - Setting next_dagrun for example_weekday_branch_operator to 2023-11-18T00:00:00+00:00, run_after=2023-11-19T00:00:00+00:00
[2023-11-19T09:23:43.096+0700] {processor.py:179} INFO - Processing /home/ivan123/.local/lib/python3.10/site-packages/airflow/example_dags/example_branch_day_of_week_operator.py took 0.621 seconds
[2023-11-19T09:25:06.190+0700] {processor.py:157} INFO - Started process (PID=8330) to work on /home/ivan123/.local/lib/python3.10/site-packages/airflow/example_dags/example_branch_day_of_week_operator.py
[2023-11-19T09:25:06.191+0700] {processor.py:829} INFO - Processing file /home/ivan123/.local/lib/python3.10/site-packages/airflow/example_dags/example_branch_day_of_week_operator.py for tasks to queue
[2023-11-19T09:25:06.192+0700] {logging_mixin.py:154} INFO - [2023-11-19T09:25:06.192+0700] {dagbag.py:536} INFO - Filling up the DagBag from /home/ivan123/.local/lib/python3.10/site-packages/airflow/example_dags/example_branch_day_of_week_operator.py
[2023-11-19T09:25:06.199+0700] {processor.py:839} INFO - DAG(s) dict_keys(['example_weekday_branch_operator']) retrieved from /home/ivan123/.local/lib/python3.10/site-packages/airflow/example_dags/example_branch_day_of_week_operator.py
[2023-11-19T09:25:06.229+0700] {logging_mixin.py:154} INFO - [2023-11-19T09:25:06.229+0700] {dag.py:2941} INFO - Sync 1 DAGs
[2023-11-19T09:25:06.255+0700] {logging_mixin.py:154} INFO - [2023-11-19T09:25:06.255+0700] {dag.py:3722} INFO - Setting next_dagrun for example_weekday_branch_operator to 2023-11-18T00:00:00+00:00, run_after=2023-11-19T00:00:00+00:00
[2023-11-19T09:25:07.817+0700] {processor.py:179} INFO - Processing /home/ivan123/.local/lib/python3.10/site-packages/airflow/example_dags/example_branch_day_of_week_operator.py took 1.630 seconds
[2023-11-19T09:26:09.023+0700] {processor.py:157} INFO - Started process (PID=8511) to work on /home/ivan123/.local/lib/python3.10/site-packages/airflow/example_dags/example_branch_day_of_week_operator.py
[2023-11-19T09:26:09.024+0700] {processor.py:829} INFO - Processing file /home/ivan123/.local/lib/python3.10/site-packages/airflow/example_dags/example_branch_day_of_week_operator.py for tasks to queue
[2023-11-19T09:26:09.025+0700] {logging_mixin.py:154} INFO - [2023-11-19T09:26:09.025+0700] {dagbag.py:536} INFO - Filling up the DagBag from /home/ivan123/.local/lib/python3.10/site-packages/airflow/example_dags/example_branch_day_of_week_operator.py
[2023-11-19T09:26:09.034+0700] {processor.py:839} INFO - DAG(s) dict_keys(['example_weekday_branch_operator']) retrieved from /home/ivan123/.local/lib/python3.10/site-packages/airflow/example_dags/example_branch_day_of_week_operator.py
[2023-11-19T09:26:09.064+0700] {logging_mixin.py:154} INFO - [2023-11-19T09:26:09.063+0700] {dag.py:2941} INFO - Sync 1 DAGs
[2023-11-19T09:26:09.093+0700] {logging_mixin.py:154} INFO - [2023-11-19T09:26:09.093+0700] {dag.py:3722} INFO - Setting next_dagrun for example_weekday_branch_operator to 2023-11-18T00:00:00+00:00, run_after=2023-11-19T00:00:00+00:00
[2023-11-19T09:26:09.340+0700] {processor.py:179} INFO - Processing /home/ivan123/.local/lib/python3.10/site-packages/airflow/example_dags/example_branch_day_of_week_operator.py took 0.322 seconds
[2023-11-19T09:34:03.051+0700] {processor.py:157} INFO - Started process (PID=10292) to work on /home/ivan123/.local/lib/python3.10/site-packages/airflow/example_dags/example_branch_day_of_week_operator.py
[2023-11-19T09:34:03.053+0700] {processor.py:829} INFO - Processing file /home/ivan123/.local/lib/python3.10/site-packages/airflow/example_dags/example_branch_day_of_week_operator.py for tasks to queue
[2023-11-19T09:34:03.054+0700] {logging_mixin.py:154} INFO - [2023-11-19T09:34:03.053+0700] {dagbag.py:536} INFO - Filling up the DagBag from /home/ivan123/.local/lib/python3.10/site-packages/airflow/example_dags/example_branch_day_of_week_operator.py
[2023-11-19T09:34:03.063+0700] {processor.py:839} INFO - DAG(s) dict_keys(['example_weekday_branch_operator']) retrieved from /home/ivan123/.local/lib/python3.10/site-packages/airflow/example_dags/example_branch_day_of_week_operator.py
[2023-11-19T09:34:03.094+0700] {logging_mixin.py:154} INFO - [2023-11-19T09:34:03.094+0700] {dag.py:2941} INFO - Sync 1 DAGs
[2023-11-19T09:34:03.127+0700] {logging_mixin.py:154} INFO - [2023-11-19T09:34:03.127+0700] {dag.py:3722} INFO - Setting next_dagrun for example_weekday_branch_operator to 2023-11-18T00:00:00+00:00, run_after=2023-11-19T00:00:00+00:00
[2023-11-19T09:34:03.517+0700] {processor.py:179} INFO - Processing /home/ivan123/.local/lib/python3.10/site-packages/airflow/example_dags/example_branch_day_of_week_operator.py took 0.468 seconds
[2023-11-19T09:35:41.837+0700] {processor.py:157} INFO - Started process (PID=10792) to work on /home/ivan123/.local/lib/python3.10/site-packages/airflow/example_dags/example_branch_day_of_week_operator.py
[2023-11-19T09:35:41.838+0700] {processor.py:829} INFO - Processing file /home/ivan123/.local/lib/python3.10/site-packages/airflow/example_dags/example_branch_day_of_week_operator.py for tasks to queue
[2023-11-19T09:35:41.839+0700] {logging_mixin.py:154} INFO - [2023-11-19T09:35:41.839+0700] {dagbag.py:536} INFO - Filling up the DagBag from /home/ivan123/.local/lib/python3.10/site-packages/airflow/example_dags/example_branch_day_of_week_operator.py
[2023-11-19T09:35:41.847+0700] {processor.py:839} INFO - DAG(s) dict_keys(['example_weekday_branch_operator']) retrieved from /home/ivan123/.local/lib/python3.10/site-packages/airflow/example_dags/example_branch_day_of_week_operator.py
[2023-11-19T09:35:42.840+0700] {logging_mixin.py:154} INFO - [2023-11-19T09:35:42.840+0700] {dag.py:2941} INFO - Sync 1 DAGs
[2023-11-19T09:35:42.867+0700] {logging_mixin.py:154} INFO - [2023-11-19T09:35:42.867+0700] {dag.py:3722} INFO - Setting next_dagrun for example_weekday_branch_operator to 2023-11-18T00:00:00+00:00, run_after=2023-11-19T00:00:00+00:00
[2023-11-19T09:35:43.069+0700] {processor.py:179} INFO - Processing /home/ivan123/.local/lib/python3.10/site-packages/airflow/example_dags/example_branch_day_of_week_operator.py took 1.235 seconds
[2023-11-19T09:36:50.377+0700] {processor.py:157} INFO - Started process (PID=11191) to work on /home/ivan123/.local/lib/python3.10/site-packages/airflow/example_dags/example_branch_day_of_week_operator.py
[2023-11-19T09:36:50.379+0700] {processor.py:829} INFO - Processing file /home/ivan123/.local/lib/python3.10/site-packages/airflow/example_dags/example_branch_day_of_week_operator.py for tasks to queue
[2023-11-19T09:36:50.381+0700] {logging_mixin.py:154} INFO - [2023-11-19T09:36:50.380+0700] {dagbag.py:536} INFO - Filling up the DagBag from /home/ivan123/.local/lib/python3.10/site-packages/airflow/example_dags/example_branch_day_of_week_operator.py
[2023-11-19T09:36:50.388+0700] {processor.py:839} INFO - DAG(s) dict_keys(['example_weekday_branch_operator']) retrieved from /home/ivan123/.local/lib/python3.10/site-packages/airflow/example_dags/example_branch_day_of_week_operator.py
[2023-11-19T09:36:50.428+0700] {logging_mixin.py:154} INFO - [2023-11-19T09:36:50.428+0700] {dag.py:2941} INFO - Sync 1 DAGs
[2023-11-19T09:36:50.467+0700] {logging_mixin.py:154} INFO - [2023-11-19T09:36:50.466+0700] {dag.py:3722} INFO - Setting next_dagrun for example_weekday_branch_operator to 2023-11-18T00:00:00+00:00, run_after=2023-11-19T00:00:00+00:00
[2023-11-19T09:36:52.040+0700] {processor.py:179} INFO - Processing /home/ivan123/.local/lib/python3.10/site-packages/airflow/example_dags/example_branch_day_of_week_operator.py took 1.667 seconds
[2023-11-19T09:38:08.507+0700] {processor.py:157} INFO - Started process (PID=11870) to work on /home/ivan123/.local/lib/python3.10/site-packages/airflow/example_dags/example_branch_day_of_week_operator.py
[2023-11-19T09:38:08.508+0700] {processor.py:829} INFO - Processing file /home/ivan123/.local/lib/python3.10/site-packages/airflow/example_dags/example_branch_day_of_week_operator.py for tasks to queue
[2023-11-19T09:38:08.510+0700] {logging_mixin.py:154} INFO - [2023-11-19T09:38:08.509+0700] {dagbag.py:536} INFO - Filling up the DagBag from /home/ivan123/.local/lib/python3.10/site-packages/airflow/example_dags/example_branch_day_of_week_operator.py
[2023-11-19T09:38:08.517+0700] {processor.py:839} INFO - DAG(s) dict_keys(['example_weekday_branch_operator']) retrieved from /home/ivan123/.local/lib/python3.10/site-packages/airflow/example_dags/example_branch_day_of_week_operator.py
[2023-11-19T09:38:08.549+0700] {logging_mixin.py:154} INFO - [2023-11-19T09:38:08.549+0700] {dag.py:2941} INFO - Sync 1 DAGs
[2023-11-19T09:38:08.579+0700] {logging_mixin.py:154} INFO - [2023-11-19T09:38:08.579+0700] {dag.py:3722} INFO - Setting next_dagrun for example_weekday_branch_operator to 2023-11-18T00:00:00+00:00, run_after=2023-11-19T00:00:00+00:00
[2023-11-19T09:38:10.155+0700] {processor.py:179} INFO - Processing /home/ivan123/.local/lib/python3.10/site-packages/airflow/example_dags/example_branch_day_of_week_operator.py took 1.651 seconds
[2023-11-19T09:39:17.700+0700] {processor.py:157} INFO - Started process (PID=12487) to work on /home/ivan123/.local/lib/python3.10/site-packages/airflow/example_dags/example_branch_day_of_week_operator.py
[2023-11-19T09:39:17.702+0700] {processor.py:829} INFO - Processing file /home/ivan123/.local/lib/python3.10/site-packages/airflow/example_dags/example_branch_day_of_week_operator.py for tasks to queue
[2023-11-19T09:39:17.703+0700] {logging_mixin.py:154} INFO - [2023-11-19T09:39:17.703+0700] {dagbag.py:536} INFO - Filling up the DagBag from /home/ivan123/.local/lib/python3.10/site-packages/airflow/example_dags/example_branch_day_of_week_operator.py
[2023-11-19T09:39:17.712+0700] {processor.py:839} INFO - DAG(s) dict_keys(['example_weekday_branch_operator']) retrieved from /home/ivan123/.local/lib/python3.10/site-packages/airflow/example_dags/example_branch_day_of_week_operator.py
[2023-11-19T09:39:17.747+0700] {logging_mixin.py:154} INFO - [2023-11-19T09:39:17.747+0700] {dag.py:2941} INFO - Sync 1 DAGs
[2023-11-19T09:39:17.785+0700] {logging_mixin.py:154} INFO - [2023-11-19T09:39:17.784+0700] {dag.py:3722} INFO - Setting next_dagrun for example_weekday_branch_operator to 2023-11-18T00:00:00+00:00, run_after=2023-11-19T00:00:00+00:00
[2023-11-19T09:39:19.109+0700] {processor.py:179} INFO - Processing /home/ivan123/.local/lib/python3.10/site-packages/airflow/example_dags/example_branch_day_of_week_operator.py took 1.413 seconds
[2023-11-19T09:53:04.189+0700] {processor.py:157} INFO - Started process (PID=16433) to work on /home/ivan123/.local/lib/python3.10/site-packages/airflow/example_dags/example_branch_day_of_week_operator.py
[2023-11-19T09:53:04.233+0700] {processor.py:829} INFO - Processing file /home/ivan123/.local/lib/python3.10/site-packages/airflow/example_dags/example_branch_day_of_week_operator.py for tasks to queue
[2023-11-19T09:53:04.234+0700] {logging_mixin.py:154} INFO - [2023-11-19T09:53:04.234+0700] {dagbag.py:536} INFO - Filling up the DagBag from /home/ivan123/.local/lib/python3.10/site-packages/airflow/example_dags/example_branch_day_of_week_operator.py
[2023-11-19T09:53:04.243+0700] {processor.py:839} INFO - DAG(s) dict_keys(['example_weekday_branch_operator']) retrieved from /home/ivan123/.local/lib/python3.10/site-packages/airflow/example_dags/example_branch_day_of_week_operator.py
[2023-11-19T09:53:04.367+0700] {logging_mixin.py:154} INFO - [2023-11-19T09:53:04.367+0700] {dag.py:2941} INFO - Sync 1 DAGs
[2023-11-19T09:53:04.392+0700] {logging_mixin.py:154} INFO - [2023-11-19T09:53:04.392+0700] {dag.py:3722} INFO - Setting next_dagrun for example_weekday_branch_operator to 2023-11-18T00:00:00+00:00, run_after=2023-11-19T00:00:00+00:00
[2023-11-19T09:53:04.759+0700] {processor.py:179} INFO - Processing /home/ivan123/.local/lib/python3.10/site-packages/airflow/example_dags/example_branch_day_of_week_operator.py took 0.572 seconds
