[2023-11-19T09:20:42.764+0700] {processor.py:157} INFO - Started process (PID=6890) to work on /home/ivan123/.local/lib/python3.10/site-packages/airflow/example_dags/example_branch_python_dop_operator_3.py
[2023-11-19T09:20:42.765+0700] {processor.py:829} INFO - Processing file /home/ivan123/.local/lib/python3.10/site-packages/airflow/example_dags/example_branch_python_dop_operator_3.py for tasks to queue
[2023-11-19T09:20:42.766+0700] {logging_mixin.py:154} INFO - [2023-11-19T09:20:42.766+0700] {dagbag.py:536} INFO - Filling up the DagBag from /home/ivan123/.local/lib/python3.10/site-packages/airflow/example_dags/example_branch_python_dop_operator_3.py
[2023-11-19T09:20:42.776+0700] {processor.py:839} INFO - DAG(s) dict_keys(['example_branch_dop_operator_v3']) retrieved from /home/ivan123/.local/lib/python3.10/site-packages/airflow/example_dags/example_branch_python_dop_operator_3.py
[2023-11-19T09:20:43.627+0700] {logging_mixin.py:154} INFO - [2023-11-19T09:20:43.627+0700] {manager.py:499} INFO - Created Permission View: %s
[2023-11-19T09:20:44.066+0700] {logging_mixin.py:154} INFO - [2023-11-19T09:20:44.066+0700] {manager.py:499} INFO - Created Permission View: %s
[2023-11-19T09:20:44.583+0700] {logging_mixin.py:154} INFO - [2023-11-19T09:20:44.582+0700] {manager.py:499} INFO - Created Permission View: %s
[2023-11-19T09:20:44.585+0700] {logging_mixin.py:154} INFO - [2023-11-19T09:20:44.585+0700] {dag.py:2941} INFO - Sync 1 DAGs
[2023-11-19T09:20:44.613+0700] {logging_mixin.py:154} INFO - [2023-11-19T09:20:44.613+0700] {dag.py:2963} INFO - Creating ORM DAG for example_branch_dop_operator_v3
[2023-11-19T09:20:44.629+0700] {logging_mixin.py:154} INFO - [2023-11-19T09:20:44.629+0700] {dag.py:3722} INFO - Setting next_dagrun for example_branch_dop_operator_v3 to 2023-11-19T02:19:00+00:00, run_after=2023-11-19T02:20:00+00:00
[2023-11-19T09:20:45.102+0700] {processor.py:179} INFO - Processing /home/ivan123/.local/lib/python3.10/site-packages/airflow/example_dags/example_branch_python_dop_operator_3.py took 2.340 seconds
[2023-11-19T09:23:40.761+0700] {processor.py:157} INFO - Started process (PID=8038) to work on /home/ivan123/.local/lib/python3.10/site-packages/airflow/example_dags/example_branch_python_dop_operator_3.py
[2023-11-19T09:23:40.763+0700] {processor.py:829} INFO - Processing file /home/ivan123/.local/lib/python3.10/site-packages/airflow/example_dags/example_branch_python_dop_operator_3.py for tasks to queue
[2023-11-19T09:23:40.764+0700] {logging_mixin.py:154} INFO - [2023-11-19T09:23:40.763+0700] {dagbag.py:536} INFO - Filling up the DagBag from /home/ivan123/.local/lib/python3.10/site-packages/airflow/example_dags/example_branch_python_dop_operator_3.py
[2023-11-19T09:23:40.772+0700] {processor.py:839} INFO - DAG(s) dict_keys(['example_branch_dop_operator_v3']) retrieved from /home/ivan123/.local/lib/python3.10/site-packages/airflow/example_dags/example_branch_python_dop_operator_3.py
[2023-11-19T09:23:40.832+0700] {logging_mixin.py:154} INFO - [2023-11-19T09:23:40.832+0700] {dag.py:2941} INFO - Sync 1 DAGs
[2023-11-19T09:23:40.862+0700] {logging_mixin.py:154} INFO - [2023-11-19T09:23:40.861+0700] {dag.py:3722} INFO - Setting next_dagrun for example_branch_dop_operator_v3 to 2023-11-19T02:22:00+00:00, run_after=2023-11-19T02:23:00+00:00
[2023-11-19T09:23:41.388+0700] {processor.py:179} INFO - Processing /home/ivan123/.local/lib/python3.10/site-packages/airflow/example_dags/example_branch_python_dop_operator_3.py took 0.629 seconds
[2023-11-19T09:25:03.511+0700] {processor.py:157} INFO - Started process (PID=8323) to work on /home/ivan123/.local/lib/python3.10/site-packages/airflow/example_dags/example_branch_python_dop_operator_3.py
[2023-11-19T09:25:03.512+0700] {processor.py:829} INFO - Processing file /home/ivan123/.local/lib/python3.10/site-packages/airflow/example_dags/example_branch_python_dop_operator_3.py for tasks to queue
[2023-11-19T09:25:03.514+0700] {logging_mixin.py:154} INFO - [2023-11-19T09:25:03.513+0700] {dagbag.py:536} INFO - Filling up the DagBag from /home/ivan123/.local/lib/python3.10/site-packages/airflow/example_dags/example_branch_python_dop_operator_3.py
[2023-11-19T09:25:03.523+0700] {processor.py:839} INFO - DAG(s) dict_keys(['example_branch_dop_operator_v3']) retrieved from /home/ivan123/.local/lib/python3.10/site-packages/airflow/example_dags/example_branch_python_dop_operator_3.py
[2023-11-19T09:25:03.553+0700] {logging_mixin.py:154} INFO - [2023-11-19T09:25:03.553+0700] {dag.py:2941} INFO - Sync 1 DAGs
[2023-11-19T09:25:03.583+0700] {logging_mixin.py:154} INFO - [2023-11-19T09:25:03.582+0700] {dag.py:3722} INFO - Setting next_dagrun for example_branch_dop_operator_v3 to 2023-11-19T02:24:00+00:00, run_after=2023-11-19T02:25:00+00:00
[2023-11-19T09:25:04.893+0700] {processor.py:179} INFO - Processing /home/ivan123/.local/lib/python3.10/site-packages/airflow/example_dags/example_branch_python_dop_operator_3.py took 1.386 seconds
[2023-11-19T09:26:07.506+0700] {processor.py:157} INFO - Started process (PID=8507) to work on /home/ivan123/.local/lib/python3.10/site-packages/airflow/example_dags/example_branch_python_dop_operator_3.py
[2023-11-19T09:26:07.507+0700] {processor.py:829} INFO - Processing file /home/ivan123/.local/lib/python3.10/site-packages/airflow/example_dags/example_branch_python_dop_operator_3.py for tasks to queue
[2023-11-19T09:26:07.509+0700] {logging_mixin.py:154} INFO - [2023-11-19T09:26:07.508+0700] {dagbag.py:536} INFO - Filling up the DagBag from /home/ivan123/.local/lib/python3.10/site-packages/airflow/example_dags/example_branch_python_dop_operator_3.py
[2023-11-19T09:26:07.517+0700] {processor.py:839} INFO - DAG(s) dict_keys(['example_branch_dop_operator_v3']) retrieved from /home/ivan123/.local/lib/python3.10/site-packages/airflow/example_dags/example_branch_python_dop_operator_3.py
[2023-11-19T09:26:07.549+0700] {logging_mixin.py:154} INFO - [2023-11-19T09:26:07.549+0700] {dag.py:2941} INFO - Sync 1 DAGs
[2023-11-19T09:26:07.580+0700] {logging_mixin.py:154} INFO - [2023-11-19T09:26:07.580+0700] {dag.py:3722} INFO - Setting next_dagrun for example_branch_dop_operator_v3 to 2023-11-19T02:25:00+00:00, run_after=2023-11-19T02:26:00+00:00
[2023-11-19T09:26:07.866+0700] {processor.py:179} INFO - Processing /home/ivan123/.local/lib/python3.10/site-packages/airflow/example_dags/example_branch_python_dop_operator_3.py took 0.363 seconds
[2023-11-19T09:33:58.082+0700] {processor.py:157} INFO - Started process (PID=10249) to work on /home/ivan123/.local/lib/python3.10/site-packages/airflow/example_dags/example_branch_python_dop_operator_3.py
[2023-11-19T09:33:58.083+0700] {processor.py:829} INFO - Processing file /home/ivan123/.local/lib/python3.10/site-packages/airflow/example_dags/example_branch_python_dop_operator_3.py for tasks to queue
[2023-11-19T09:33:58.085+0700] {logging_mixin.py:154} INFO - [2023-11-19T09:33:58.084+0700] {dagbag.py:536} INFO - Filling up the DagBag from /home/ivan123/.local/lib/python3.10/site-packages/airflow/example_dags/example_branch_python_dop_operator_3.py
[2023-11-19T09:33:58.099+0700] {processor.py:839} INFO - DAG(s) dict_keys(['example_branch_dop_operator_v3']) retrieved from /home/ivan123/.local/lib/python3.10/site-packages/airflow/example_dags/example_branch_python_dop_operator_3.py
[2023-11-19T09:33:58.133+0700] {logging_mixin.py:154} INFO - [2023-11-19T09:33:58.133+0700] {dag.py:2941} INFO - Sync 1 DAGs
[2023-11-19T09:33:58.165+0700] {logging_mixin.py:154} INFO - [2023-11-19T09:33:58.165+0700] {dag.py:3722} INFO - Setting next_dagrun for example_branch_dop_operator_v3 to 2023-11-19T02:32:00+00:00, run_after=2023-11-19T02:33:00+00:00
[2023-11-19T09:33:58.542+0700] {processor.py:179} INFO - Processing /home/ivan123/.local/lib/python3.10/site-packages/airflow/example_dags/example_branch_python_dop_operator_3.py took 0.464 seconds
[2023-11-19T09:35:39.345+0700] {processor.py:157} INFO - Started process (PID=10785) to work on /home/ivan123/.local/lib/python3.10/site-packages/airflow/example_dags/example_branch_python_dop_operator_3.py
[2023-11-19T09:35:39.346+0700] {processor.py:829} INFO - Processing file /home/ivan123/.local/lib/python3.10/site-packages/airflow/example_dags/example_branch_python_dop_operator_3.py for tasks to queue
[2023-11-19T09:35:39.347+0700] {logging_mixin.py:154} INFO - [2023-11-19T09:35:39.347+0700] {dagbag.py:536} INFO - Filling up the DagBag from /home/ivan123/.local/lib/python3.10/site-packages/airflow/example_dags/example_branch_python_dop_operator_3.py
[2023-11-19T09:35:39.355+0700] {processor.py:839} INFO - DAG(s) dict_keys(['example_branch_dop_operator_v3']) retrieved from /home/ivan123/.local/lib/python3.10/site-packages/airflow/example_dags/example_branch_python_dop_operator_3.py
[2023-11-19T09:35:39.385+0700] {logging_mixin.py:154} INFO - [2023-11-19T09:35:39.385+0700] {dag.py:2941} INFO - Sync 1 DAGs
[2023-11-19T09:35:39.414+0700] {logging_mixin.py:154} INFO - [2023-11-19T09:35:39.414+0700] {dag.py:3722} INFO - Setting next_dagrun for example_branch_dop_operator_v3 to 2023-11-19T02:34:00+00:00, run_after=2023-11-19T02:35:00+00:00
[2023-11-19T09:35:40.444+0700] {processor.py:179} INFO - Processing /home/ivan123/.local/lib/python3.10/site-packages/airflow/example_dags/example_branch_python_dop_operator_3.py took 1.102 seconds
[2023-11-19T09:36:47.528+0700] {processor.py:157} INFO - Started process (PID=11172) to work on /home/ivan123/.local/lib/python3.10/site-packages/airflow/example_dags/example_branch_python_dop_operator_3.py
[2023-11-19T09:36:47.530+0700] {processor.py:829} INFO - Processing file /home/ivan123/.local/lib/python3.10/site-packages/airflow/example_dags/example_branch_python_dop_operator_3.py for tasks to queue
[2023-11-19T09:36:47.531+0700] {logging_mixin.py:154} INFO - [2023-11-19T09:36:47.531+0700] {dagbag.py:536} INFO - Filling up the DagBag from /home/ivan123/.local/lib/python3.10/site-packages/airflow/example_dags/example_branch_python_dop_operator_3.py
[2023-11-19T09:36:47.540+0700] {processor.py:839} INFO - DAG(s) dict_keys(['example_branch_dop_operator_v3']) retrieved from /home/ivan123/.local/lib/python3.10/site-packages/airflow/example_dags/example_branch_python_dop_operator_3.py
[2023-11-19T09:36:47.569+0700] {logging_mixin.py:154} INFO - [2023-11-19T09:36:47.569+0700] {dag.py:2941} INFO - Sync 1 DAGs
[2023-11-19T09:36:47.600+0700] {logging_mixin.py:154} INFO - [2023-11-19T09:36:47.600+0700] {dag.py:3722} INFO - Setting next_dagrun for example_branch_dop_operator_v3 to 2023-11-19T02:35:00+00:00, run_after=2023-11-19T02:36:00+00:00
[2023-11-19T09:36:49.140+0700] {processor.py:179} INFO - Processing /home/ivan123/.local/lib/python3.10/site-packages/airflow/example_dags/example_branch_python_dop_operator_3.py took 1.617 seconds
[2023-11-19T09:38:05.659+0700] {processor.py:157} INFO - Started process (PID=11833) to work on /home/ivan123/.local/lib/python3.10/site-packages/airflow/example_dags/example_branch_python_dop_operator_3.py
[2023-11-19T09:38:05.660+0700] {processor.py:829} INFO - Processing file /home/ivan123/.local/lib/python3.10/site-packages/airflow/example_dags/example_branch_python_dop_operator_3.py for tasks to queue
[2023-11-19T09:38:05.661+0700] {logging_mixin.py:154} INFO - [2023-11-19T09:38:05.661+0700] {dagbag.py:536} INFO - Filling up the DagBag from /home/ivan123/.local/lib/python3.10/site-packages/airflow/example_dags/example_branch_python_dop_operator_3.py
[2023-11-19T09:38:05.669+0700] {processor.py:839} INFO - DAG(s) dict_keys(['example_branch_dop_operator_v3']) retrieved from /home/ivan123/.local/lib/python3.10/site-packages/airflow/example_dags/example_branch_python_dop_operator_3.py
[2023-11-19T09:38:05.700+0700] {logging_mixin.py:154} INFO - [2023-11-19T09:38:05.700+0700] {dag.py:2941} INFO - Sync 1 DAGs
[2023-11-19T09:38:05.731+0700] {logging_mixin.py:154} INFO - [2023-11-19T09:38:05.731+0700] {dag.py:3722} INFO - Setting next_dagrun for example_branch_dop_operator_v3 to 2023-11-19T02:37:00+00:00, run_after=2023-11-19T02:38:00+00:00
[2023-11-19T09:38:07.311+0700] {processor.py:179} INFO - Processing /home/ivan123/.local/lib/python3.10/site-packages/airflow/example_dags/example_branch_python_dop_operator_3.py took 1.656 seconds
[2023-11-19T09:39:15.180+0700] {processor.py:157} INFO - Started process (PID=12449) to work on /home/ivan123/.local/lib/python3.10/site-packages/airflow/example_dags/example_branch_python_dop_operator_3.py
[2023-11-19T09:39:15.181+0700] {processor.py:829} INFO - Processing file /home/ivan123/.local/lib/python3.10/site-packages/airflow/example_dags/example_branch_python_dop_operator_3.py for tasks to queue
[2023-11-19T09:39:15.183+0700] {logging_mixin.py:154} INFO - [2023-11-19T09:39:15.183+0700] {dagbag.py:536} INFO - Filling up the DagBag from /home/ivan123/.local/lib/python3.10/site-packages/airflow/example_dags/example_branch_python_dop_operator_3.py
[2023-11-19T09:39:15.191+0700] {processor.py:839} INFO - DAG(s) dict_keys(['example_branch_dop_operator_v3']) retrieved from /home/ivan123/.local/lib/python3.10/site-packages/airflow/example_dags/example_branch_python_dop_operator_3.py
[2023-11-19T09:39:15.222+0700] {logging_mixin.py:154} INFO - [2023-11-19T09:39:15.222+0700] {dag.py:2941} INFO - Sync 1 DAGs
[2023-11-19T09:39:15.255+0700] {logging_mixin.py:154} INFO - [2023-11-19T09:39:15.254+0700] {dag.py:3722} INFO - Setting next_dagrun for example_branch_dop_operator_v3 to 2023-11-19T02:38:00+00:00, run_after=2023-11-19T02:39:00+00:00
[2023-11-19T09:39:16.313+0700] {processor.py:179} INFO - Processing /home/ivan123/.local/lib/python3.10/site-packages/airflow/example_dags/example_branch_python_dop_operator_3.py took 1.135 seconds
[2023-11-19T09:51:21.760+0700] {processor.py:157} INFO - Started process (PID=15642) to work on /mnt/c/Users/ASUS/Desktop/ONLINE_COURSE/Data_Engineering/Spotify_API/new-airflowenv/lib/python3.10/site-packages/airflow/example_dags/example_branch_python_dop_operator_3.py
[2023-11-19T09:51:21.764+0700] {processor.py:829} INFO - Processing file /mnt/c/Users/ASUS/Desktop/ONLINE_COURSE/Data_Engineering/Spotify_API/new-airflowenv/lib/python3.10/site-packages/airflow/example_dags/example_branch_python_dop_operator_3.py for tasks to queue
[2023-11-19T09:51:21.767+0700] {logging_mixin.py:154} INFO - [2023-11-19T09:51:21.766+0700] {dagbag.py:536} INFO - Filling up the DagBag from /mnt/c/Users/ASUS/Desktop/ONLINE_COURSE/Data_Engineering/Spotify_API/new-airflowenv/lib/python3.10/site-packages/airflow/example_dags/example_branch_python_dop_operator_3.py
[2023-11-19T09:51:21.840+0700] {processor.py:839} INFO - DAG(s) dict_keys(['example_branch_dop_operator_v3']) retrieved from /mnt/c/Users/ASUS/Desktop/ONLINE_COURSE/Data_Engineering/Spotify_API/new-airflowenv/lib/python3.10/site-packages/airflow/example_dags/example_branch_python_dop_operator_3.py
[2023-11-19T09:51:24.186+0700] {logging_mixin.py:154} INFO - [2023-11-19T09:51:24.186+0700] {dag.py:2941} INFO - Sync 1 DAGs
[2023-11-19T09:51:24.219+0700] {logging_mixin.py:154} INFO - [2023-11-19T09:51:24.219+0700] {dag.py:3722} INFO - Setting next_dagrun for example_branch_dop_operator_v3 to 2023-11-19T02:50:00+00:00, run_after=2023-11-19T02:51:00+00:00
[2023-11-19T09:51:25.196+0700] {processor.py:179} INFO - Processing /mnt/c/Users/ASUS/Desktop/ONLINE_COURSE/Data_Engineering/Spotify_API/new-airflowenv/lib/python3.10/site-packages/airflow/example_dags/example_branch_python_dop_operator_3.py took 3.443 seconds
[2023-11-19T09:53:02.464+0700] {processor.py:157} INFO - Started process (PID=16411) to work on /home/ivan123/.local/lib/python3.10/site-packages/airflow/example_dags/example_branch_python_dop_operator_3.py
[2023-11-19T09:53:02.466+0700] {processor.py:829} INFO - Processing file /home/ivan123/.local/lib/python3.10/site-packages/airflow/example_dags/example_branch_python_dop_operator_3.py for tasks to queue
[2023-11-19T09:53:02.467+0700] {logging_mixin.py:154} INFO - [2023-11-19T09:53:02.467+0700] {dagbag.py:536} INFO - Filling up the DagBag from /home/ivan123/.local/lib/python3.10/site-packages/airflow/example_dags/example_branch_python_dop_operator_3.py
[2023-11-19T09:53:02.478+0700] {processor.py:839} INFO - DAG(s) dict_keys(['example_branch_dop_operator_v3']) retrieved from /home/ivan123/.local/lib/python3.10/site-packages/airflow/example_dags/example_branch_python_dop_operator_3.py
[2023-11-19T09:53:02.606+0700] {logging_mixin.py:154} INFO - [2023-11-19T09:53:02.606+0700] {dag.py:2941} INFO - Sync 1 DAGs
[2023-11-19T09:53:02.635+0700] {logging_mixin.py:154} INFO - [2023-11-19T09:53:02.635+0700] {dag.py:3722} INFO - Setting next_dagrun for example_branch_dop_operator_v3 to 2023-11-19T02:52:00+00:00, run_after=2023-11-19T02:53:00+00:00
[2023-11-19T09:53:03.032+0700] {processor.py:179} INFO - Processing /home/ivan123/.local/lib/python3.10/site-packages/airflow/example_dags/example_branch_python_dop_operator_3.py took 0.571 seconds
