[2023-11-19T09:19:36.034+0700] {processor.py:157} INFO - Started process (PID=6535) to work on /home/ivan123/.local/lib/python3.10/site-packages/airflow/example_dags/example_trigger_controller_dag.py
[2023-11-19T09:19:36.035+0700] {processor.py:829} INFO - Processing file /home/ivan123/.local/lib/python3.10/site-packages/airflow/example_dags/example_trigger_controller_dag.py for tasks to queue
[2023-11-19T09:19:36.036+0700] {logging_mixin.py:154} INFO - [2023-11-19T09:19:36.036+0700] {dagbag.py:536} INFO - Filling up the DagBag from /home/ivan123/.local/lib/python3.10/site-packages/airflow/example_dags/example_trigger_controller_dag.py
[2023-11-19T09:19:36.045+0700] {processor.py:839} INFO - DAG(s) dict_keys(['example_trigger_controller_dag']) retrieved from /home/ivan123/.local/lib/python3.10/site-packages/airflow/example_dags/example_trigger_controller_dag.py
[2023-11-19T09:19:39.858+0700] {logging_mixin.py:154} INFO - [2023-11-19T09:19:39.858+0700] {manager.py:499} INFO - Created Permission View: %s
[2023-11-19T09:19:40.865+0700] {logging_mixin.py:154} INFO - [2023-11-19T09:19:40.865+0700] {manager.py:499} INFO - Created Permission View: %s
[2023-11-19T09:19:44.074+0700] {logging_mixin.py:154} INFO - [2023-11-19T09:19:44.073+0700] {manager.py:499} INFO - Created Permission View: %s
[2023-11-19T09:19:44.076+0700] {logging_mixin.py:154} INFO - [2023-11-19T09:19:44.075+0700] {dag.py:2941} INFO - Sync 1 DAGs
[2023-11-19T09:19:44.101+0700] {logging_mixin.py:154} INFO - [2023-11-19T09:19:44.101+0700] {dag.py:2963} INFO - Creating ORM DAG for example_trigger_controller_dag
[2023-11-19T09:19:44.112+0700] {logging_mixin.py:154} INFO - [2023-11-19T09:19:44.112+0700] {dag.py:3722} INFO - Setting next_dagrun for example_trigger_controller_dag to 2021-01-01T00:00:00+00:00, run_after=2021-01-01T00:00:00+00:00
[2023-11-19T09:19:47.777+0700] {processor.py:179} INFO - Processing /home/ivan123/.local/lib/python3.10/site-packages/airflow/example_dags/example_trigger_controller_dag.py took 11.746 seconds
[2023-11-19T09:23:18.455+0700] {processor.py:157} INFO - Started process (PID=7866) to work on /home/ivan123/.local/lib/python3.10/site-packages/airflow/example_dags/example_trigger_controller_dag.py
[2023-11-19T09:23:18.546+0700] {processor.py:829} INFO - Processing file /home/ivan123/.local/lib/python3.10/site-packages/airflow/example_dags/example_trigger_controller_dag.py for tasks to queue
[2023-11-19T09:23:18.548+0700] {logging_mixin.py:154} INFO - [2023-11-19T09:23:18.547+0700] {dagbag.py:536} INFO - Filling up the DagBag from /home/ivan123/.local/lib/python3.10/site-packages/airflow/example_dags/example_trigger_controller_dag.py
[2023-11-19T09:23:18.553+0700] {processor.py:839} INFO - DAG(s) dict_keys(['example_trigger_controller_dag']) retrieved from /home/ivan123/.local/lib/python3.10/site-packages/airflow/example_dags/example_trigger_controller_dag.py
[2023-11-19T09:23:18.584+0700] {logging_mixin.py:154} INFO - [2023-11-19T09:23:18.583+0700] {dag.py:2941} INFO - Sync 1 DAGs
[2023-11-19T09:23:18.612+0700] {logging_mixin.py:154} INFO - [2023-11-19T09:23:18.612+0700] {dag.py:3722} INFO - Setting next_dagrun for example_trigger_controller_dag to 2021-01-01T00:00:00+00:00, run_after=2021-01-01T00:00:00+00:00
[2023-11-19T09:23:19.352+0700] {processor.py:179} INFO - Processing /home/ivan123/.local/lib/python3.10/site-packages/airflow/example_dags/example_trigger_controller_dag.py took 0.900 seconds
[2023-11-19T09:24:37.933+0700] {processor.py:157} INFO - Started process (PID=8272) to work on /home/ivan123/.local/lib/python3.10/site-packages/airflow/example_dags/example_trigger_controller_dag.py
[2023-11-19T09:24:37.934+0700] {processor.py:829} INFO - Processing file /home/ivan123/.local/lib/python3.10/site-packages/airflow/example_dags/example_trigger_controller_dag.py for tasks to queue
[2023-11-19T09:24:37.936+0700] {logging_mixin.py:154} INFO - [2023-11-19T09:24:37.936+0700] {dagbag.py:536} INFO - Filling up the DagBag from /home/ivan123/.local/lib/python3.10/site-packages/airflow/example_dags/example_trigger_controller_dag.py
[2023-11-19T09:24:37.942+0700] {processor.py:839} INFO - DAG(s) dict_keys(['example_trigger_controller_dag']) retrieved from /home/ivan123/.local/lib/python3.10/site-packages/airflow/example_dags/example_trigger_controller_dag.py
[2023-11-19T09:24:37.972+0700] {logging_mixin.py:154} INFO - [2023-11-19T09:24:37.972+0700] {dag.py:2941} INFO - Sync 1 DAGs
[2023-11-19T09:24:37.998+0700] {logging_mixin.py:154} INFO - [2023-11-19T09:24:37.997+0700] {dag.py:3722} INFO - Setting next_dagrun for example_trigger_controller_dag to 2021-01-01T00:00:00+00:00, run_after=2021-01-01T00:00:00+00:00
[2023-11-19T09:24:38.982+0700] {processor.py:179} INFO - Processing /home/ivan123/.local/lib/python3.10/site-packages/airflow/example_dags/example_trigger_controller_dag.py took 1.055 seconds
[2023-11-19T09:25:48.221+0700] {processor.py:157} INFO - Started process (PID=8420) to work on /home/ivan123/.local/lib/python3.10/site-packages/airflow/example_dags/example_trigger_controller_dag.py
[2023-11-19T09:25:48.222+0700] {processor.py:829} INFO - Processing file /home/ivan123/.local/lib/python3.10/site-packages/airflow/example_dags/example_trigger_controller_dag.py for tasks to queue
[2023-11-19T09:25:48.224+0700] {logging_mixin.py:154} INFO - [2023-11-19T09:25:48.223+0700] {dagbag.py:536} INFO - Filling up the DagBag from /home/ivan123/.local/lib/python3.10/site-packages/airflow/example_dags/example_trigger_controller_dag.py
[2023-11-19T09:25:48.228+0700] {processor.py:839} INFO - DAG(s) dict_keys(['example_trigger_controller_dag']) retrieved from /home/ivan123/.local/lib/python3.10/site-packages/airflow/example_dags/example_trigger_controller_dag.py
[2023-11-19T09:25:48.257+0700] {logging_mixin.py:154} INFO - [2023-11-19T09:25:48.257+0700] {dag.py:2941} INFO - Sync 1 DAGs
[2023-11-19T09:25:48.284+0700] {logging_mixin.py:154} INFO - [2023-11-19T09:25:48.283+0700] {dag.py:3722} INFO - Setting next_dagrun for example_trigger_controller_dag to 2021-01-01T00:00:00+00:00, run_after=2021-01-01T00:00:00+00:00
[2023-11-19T09:25:49.378+0700] {processor.py:179} INFO - Processing /home/ivan123/.local/lib/python3.10/site-packages/airflow/example_dags/example_trigger_controller_dag.py took 1.160 seconds
[2023-11-19T09:26:37.955+0700] {processor.py:157} INFO - Started process (PID=8634) to work on /home/ivan123/.local/lib/python3.10/site-packages/airflow/example_dags/example_trigger_controller_dag.py
[2023-11-19T09:26:37.956+0700] {processor.py:829} INFO - Processing file /home/ivan123/.local/lib/python3.10/site-packages/airflow/example_dags/example_trigger_controller_dag.py for tasks to queue
[2023-11-19T09:26:37.957+0700] {logging_mixin.py:154} INFO - [2023-11-19T09:26:37.957+0700] {dagbag.py:536} INFO - Filling up the DagBag from /home/ivan123/.local/lib/python3.10/site-packages/airflow/example_dags/example_trigger_controller_dag.py
[2023-11-19T09:26:37.964+0700] {processor.py:839} INFO - DAG(s) dict_keys(['example_trigger_controller_dag']) retrieved from /home/ivan123/.local/lib/python3.10/site-packages/airflow/example_dags/example_trigger_controller_dag.py
[2023-11-19T09:26:37.999+0700] {logging_mixin.py:154} INFO - [2023-11-19T09:26:37.999+0700] {dag.py:2941} INFO - Sync 1 DAGs
[2023-11-19T09:26:38.031+0700] {logging_mixin.py:154} INFO - [2023-11-19T09:26:38.031+0700] {dag.py:3722} INFO - Setting next_dagrun for example_trigger_controller_dag to 2021-01-01T00:00:00+00:00, run_after=2021-01-01T00:00:00+00:00
[2023-11-19T09:26:38.585+0700] {processor.py:179} INFO - Processing /home/ivan123/.local/lib/python3.10/site-packages/airflow/example_dags/example_trigger_controller_dag.py took 0.633 seconds
[2023-11-19T09:33:39.391+0700] {processor.py:157} INFO - Started process (PID=10113) to work on /home/ivan123/.local/lib/python3.10/site-packages/airflow/example_dags/example_trigger_controller_dag.py
[2023-11-19T09:33:39.392+0700] {processor.py:829} INFO - Processing file /home/ivan123/.local/lib/python3.10/site-packages/airflow/example_dags/example_trigger_controller_dag.py for tasks to queue
[2023-11-19T09:33:39.393+0700] {logging_mixin.py:154} INFO - [2023-11-19T09:33:39.393+0700] {dagbag.py:536} INFO - Filling up the DagBag from /home/ivan123/.local/lib/python3.10/site-packages/airflow/example_dags/example_trigger_controller_dag.py
[2023-11-19T09:33:39.400+0700] {processor.py:839} INFO - DAG(s) dict_keys(['example_trigger_controller_dag']) retrieved from /home/ivan123/.local/lib/python3.10/site-packages/airflow/example_dags/example_trigger_controller_dag.py
[2023-11-19T09:33:39.435+0700] {logging_mixin.py:154} INFO - [2023-11-19T09:33:39.435+0700] {dag.py:2941} INFO - Sync 1 DAGs
[2023-11-19T09:33:39.462+0700] {logging_mixin.py:154} INFO - [2023-11-19T09:33:39.462+0700] {dag.py:3722} INFO - Setting next_dagrun for example_trigger_controller_dag to 2021-01-01T00:00:00+00:00, run_after=2021-01-01T00:00:00+00:00
[2023-11-19T09:33:39.686+0700] {processor.py:179} INFO - Processing /home/ivan123/.local/lib/python3.10/site-packages/airflow/example_dags/example_trigger_controller_dag.py took 0.300 seconds
[2023-11-19T09:35:13.268+0700] {processor.py:157} INFO - Started process (PID=10723) to work on /home/ivan123/.local/lib/python3.10/site-packages/airflow/example_dags/example_trigger_controller_dag.py
[2023-11-19T09:35:13.269+0700] {processor.py:829} INFO - Processing file /home/ivan123/.local/lib/python3.10/site-packages/airflow/example_dags/example_trigger_controller_dag.py for tasks to queue
[2023-11-19T09:35:13.271+0700] {logging_mixin.py:154} INFO - [2023-11-19T09:35:13.270+0700] {dagbag.py:536} INFO - Filling up the DagBag from /home/ivan123/.local/lib/python3.10/site-packages/airflow/example_dags/example_trigger_controller_dag.py
[2023-11-19T09:35:13.276+0700] {processor.py:839} INFO - DAG(s) dict_keys(['example_trigger_controller_dag']) retrieved from /home/ivan123/.local/lib/python3.10/site-packages/airflow/example_dags/example_trigger_controller_dag.py
[2023-11-19T09:35:13.306+0700] {logging_mixin.py:154} INFO - [2023-11-19T09:35:13.305+0700] {dag.py:2941} INFO - Sync 1 DAGs
[2023-11-19T09:35:13.334+0700] {logging_mixin.py:154} INFO - [2023-11-19T09:35:13.334+0700] {dag.py:3722} INFO - Setting next_dagrun for example_trigger_controller_dag to 2021-01-01T00:00:00+00:00, run_after=2021-01-01T00:00:00+00:00
[2023-11-19T09:35:14.972+0700] {processor.py:179} INFO - Processing /home/ivan123/.local/lib/python3.10/site-packages/airflow/example_dags/example_trigger_controller_dag.py took 1.707 seconds
[2023-11-19T09:36:24.911+0700] {processor.py:157} INFO - Started process (PID=10987) to work on /home/ivan123/.local/lib/python3.10/site-packages/airflow/example_dags/example_trigger_controller_dag.py
[2023-11-19T09:36:24.912+0700] {processor.py:829} INFO - Processing file /home/ivan123/.local/lib/python3.10/site-packages/airflow/example_dags/example_trigger_controller_dag.py for tasks to queue
[2023-11-19T09:36:24.913+0700] {logging_mixin.py:154} INFO - [2023-11-19T09:36:24.913+0700] {dagbag.py:536} INFO - Filling up the DagBag from /home/ivan123/.local/lib/python3.10/site-packages/airflow/example_dags/example_trigger_controller_dag.py
[2023-11-19T09:36:24.918+0700] {processor.py:839} INFO - DAG(s) dict_keys(['example_trigger_controller_dag']) retrieved from /home/ivan123/.local/lib/python3.10/site-packages/airflow/example_dags/example_trigger_controller_dag.py
[2023-11-19T09:36:24.952+0700] {logging_mixin.py:154} INFO - [2023-11-19T09:36:24.951+0700] {dag.py:2941} INFO - Sync 1 DAGs
[2023-11-19T09:36:24.980+0700] {logging_mixin.py:154} INFO - [2023-11-19T09:36:24.980+0700] {dag.py:3722} INFO - Setting next_dagrun for example_trigger_controller_dag to 2021-01-01T00:00:00+00:00, run_after=2021-01-01T00:00:00+00:00
[2023-11-19T09:36:27.651+0700] {processor.py:179} INFO - Processing /home/ivan123/.local/lib/python3.10/site-packages/airflow/example_dags/example_trigger_controller_dag.py took 2.743 seconds
[2023-11-19T09:37:35.968+0700] {processor.py:157} INFO - Started process (PID=11582) to work on /home/ivan123/.local/lib/python3.10/site-packages/airflow/example_dags/example_trigger_controller_dag.py
[2023-11-19T09:37:35.969+0700] {processor.py:829} INFO - Processing file /home/ivan123/.local/lib/python3.10/site-packages/airflow/example_dags/example_trigger_controller_dag.py for tasks to queue
[2023-11-19T09:37:35.971+0700] {logging_mixin.py:154} INFO - [2023-11-19T09:37:35.970+0700] {dagbag.py:536} INFO - Filling up the DagBag from /home/ivan123/.local/lib/python3.10/site-packages/airflow/example_dags/example_trigger_controller_dag.py
[2023-11-19T09:37:35.975+0700] {processor.py:839} INFO - DAG(s) dict_keys(['example_trigger_controller_dag']) retrieved from /home/ivan123/.local/lib/python3.10/site-packages/airflow/example_dags/example_trigger_controller_dag.py
[2023-11-19T09:37:36.006+0700] {logging_mixin.py:154} INFO - [2023-11-19T09:37:36.006+0700] {dag.py:2941} INFO - Sync 1 DAGs
[2023-11-19T09:37:36.741+0700] {logging_mixin.py:154} INFO - [2023-11-19T09:37:36.741+0700] {dag.py:3722} INFO - Setting next_dagrun for example_trigger_controller_dag to 2021-01-01T00:00:00+00:00, run_after=2021-01-01T00:00:00+00:00
[2023-11-19T09:37:37.311+0700] {processor.py:179} INFO - Processing /home/ivan123/.local/lib/python3.10/site-packages/airflow/example_dags/example_trigger_controller_dag.py took 1.346 seconds
[2023-11-19T09:38:48.547+0700] {processor.py:157} INFO - Started process (PID=12235) to work on /home/ivan123/.local/lib/python3.10/site-packages/airflow/example_dags/example_trigger_controller_dag.py
[2023-11-19T09:38:48.549+0700] {processor.py:829} INFO - Processing file /home/ivan123/.local/lib/python3.10/site-packages/airflow/example_dags/example_trigger_controller_dag.py for tasks to queue
[2023-11-19T09:38:48.550+0700] {logging_mixin.py:154} INFO - [2023-11-19T09:38:48.549+0700] {dagbag.py:536} INFO - Filling up the DagBag from /home/ivan123/.local/lib/python3.10/site-packages/airflow/example_dags/example_trigger_controller_dag.py
[2023-11-19T09:38:48.554+0700] {processor.py:839} INFO - DAG(s) dict_keys(['example_trigger_controller_dag']) retrieved from /home/ivan123/.local/lib/python3.10/site-packages/airflow/example_dags/example_trigger_controller_dag.py
[2023-11-19T09:38:48.586+0700] {logging_mixin.py:154} INFO - [2023-11-19T09:38:48.586+0700] {dag.py:2941} INFO - Sync 1 DAGs
[2023-11-19T09:38:48.616+0700] {logging_mixin.py:154} INFO - [2023-11-19T09:38:48.616+0700] {dag.py:3722} INFO - Setting next_dagrun for example_trigger_controller_dag to 2021-01-01T00:00:00+00:00, run_after=2021-01-01T00:00:00+00:00
[2023-11-19T09:38:49.325+0700] {processor.py:179} INFO - Processing /home/ivan123/.local/lib/python3.10/site-packages/airflow/example_dags/example_trigger_controller_dag.py took 0.781 seconds
[2023-11-19T09:39:53.451+0700] {processor.py:157} INFO - Started process (PID=12763) to work on /home/ivan123/.local/lib/python3.10/site-packages/airflow/example_dags/example_trigger_controller_dag.py
[2023-11-19T09:39:53.453+0700] {processor.py:829} INFO - Processing file /home/ivan123/.local/lib/python3.10/site-packages/airflow/example_dags/example_trigger_controller_dag.py for tasks to queue
[2023-11-19T09:39:53.454+0700] {logging_mixin.py:154} INFO - [2023-11-19T09:39:53.454+0700] {dagbag.py:536} INFO - Filling up the DagBag from /home/ivan123/.local/lib/python3.10/site-packages/airflow/example_dags/example_trigger_controller_dag.py
[2023-11-19T09:39:53.459+0700] {processor.py:839} INFO - DAG(s) dict_keys(['example_trigger_controller_dag']) retrieved from /home/ivan123/.local/lib/python3.10/site-packages/airflow/example_dags/example_trigger_controller_dag.py
[2023-11-19T09:39:53.495+0700] {logging_mixin.py:154} INFO - [2023-11-19T09:39:53.494+0700] {dag.py:2941} INFO - Sync 1 DAGs
[2023-11-19T09:39:53.528+0700] {logging_mixin.py:154} INFO - [2023-11-19T09:39:53.528+0700] {dag.py:3722} INFO - Setting next_dagrun for example_trigger_controller_dag to 2021-01-01T00:00:00+00:00, run_after=2021-01-01T00:00:00+00:00
[2023-11-19T09:39:53.920+0700] {processor.py:179} INFO - Processing /home/ivan123/.local/lib/python3.10/site-packages/airflow/example_dags/example_trigger_controller_dag.py took 0.474 seconds
[2023-11-19T09:49:38.577+0700] {processor.py:157} INFO - Started process (PID=15156) to work on /mnt/c/Users/ASUS/Desktop/ONLINE_COURSE/Data_Engineering/Spotify_API/new-airflowenv/lib/python3.10/site-packages/airflow/example_dags/example_trigger_controller_dag.py
[2023-11-19T09:49:38.578+0700] {processor.py:829} INFO - Processing file /mnt/c/Users/ASUS/Desktop/ONLINE_COURSE/Data_Engineering/Spotify_API/new-airflowenv/lib/python3.10/site-packages/airflow/example_dags/example_trigger_controller_dag.py for tasks to queue
[2023-11-19T09:49:38.579+0700] {logging_mixin.py:154} INFO - [2023-11-19T09:49:38.578+0700] {dagbag.py:536} INFO - Filling up the DagBag from /mnt/c/Users/ASUS/Desktop/ONLINE_COURSE/Data_Engineering/Spotify_API/new-airflowenv/lib/python3.10/site-packages/airflow/example_dags/example_trigger_controller_dag.py
[2023-11-19T09:49:38.676+0700] {processor.py:839} INFO - DAG(s) dict_keys(['example_trigger_controller_dag']) retrieved from /mnt/c/Users/ASUS/Desktop/ONLINE_COURSE/Data_Engineering/Spotify_API/new-airflowenv/lib/python3.10/site-packages/airflow/example_dags/example_trigger_controller_dag.py
[2023-11-19T09:49:40.148+0700] {logging_mixin.py:154} INFO - [2023-11-19T09:49:40.148+0700] {dag.py:2941} INFO - Sync 1 DAGs
[2023-11-19T09:49:40.175+0700] {logging_mixin.py:154} INFO - [2023-11-19T09:49:40.175+0700] {dag.py:3722} INFO - Setting next_dagrun for example_trigger_controller_dag to 2021-01-01T00:00:00+00:00, run_after=2021-01-01T00:00:00+00:00
[2023-11-19T09:49:40.565+0700] {processor.py:179} INFO - Processing /mnt/c/Users/ASUS/Desktop/ONLINE_COURSE/Data_Engineering/Spotify_API/new-airflowenv/lib/python3.10/site-packages/airflow/example_dags/example_trigger_controller_dag.py took 1.992 seconds
[2023-11-19T09:52:39.344+0700] {processor.py:157} INFO - Started process (PID=16194) to work on /home/ivan123/.local/lib/python3.10/site-packages/airflow/example_dags/example_trigger_controller_dag.py
[2023-11-19T09:52:39.346+0700] {processor.py:829} INFO - Processing file /home/ivan123/.local/lib/python3.10/site-packages/airflow/example_dags/example_trigger_controller_dag.py for tasks to queue
[2023-11-19T09:52:39.347+0700] {logging_mixin.py:154} INFO - [2023-11-19T09:52:39.346+0700] {dagbag.py:536} INFO - Filling up the DagBag from /home/ivan123/.local/lib/python3.10/site-packages/airflow/example_dags/example_trigger_controller_dag.py
[2023-11-19T09:52:39.353+0700] {processor.py:839} INFO - DAG(s) dict_keys(['example_trigger_controller_dag']) retrieved from /home/ivan123/.local/lib/python3.10/site-packages/airflow/example_dags/example_trigger_controller_dag.py
[2023-11-19T09:52:39.472+0700] {logging_mixin.py:154} INFO - [2023-11-19T09:52:39.472+0700] {dag.py:2941} INFO - Sync 1 DAGs
[2023-11-19T09:52:39.496+0700] {logging_mixin.py:154} INFO - [2023-11-19T09:52:39.496+0700] {dag.py:3722} INFO - Setting next_dagrun for example_trigger_controller_dag to 2021-01-01T00:00:00+00:00, run_after=2021-01-01T00:00:00+00:00
[2023-11-19T09:52:41.416+0700] {processor.py:179} INFO - Processing /home/ivan123/.local/lib/python3.10/site-packages/airflow/example_dags/example_trigger_controller_dag.py took 2.074 seconds
