[2023-11-19T09:21:33.831+0700] {processor.py:157} INFO - Started process (PID=7104) to work on /home/ivan123/.local/lib/python3.10/site-packages/airflow/example_dags/example_time_delta_sensor_async.py
[2023-11-19T09:21:33.833+0700] {processor.py:829} INFO - Processing file /home/ivan123/.local/lib/python3.10/site-packages/airflow/example_dags/example_time_delta_sensor_async.py for tasks to queue
[2023-11-19T09:21:33.834+0700] {logging_mixin.py:154} INFO - [2023-11-19T09:21:33.834+0700] {dagbag.py:536} INFO - Filling up the DagBag from /home/ivan123/.local/lib/python3.10/site-packages/airflow/example_dags/example_time_delta_sensor_async.py
[2023-11-19T09:21:33.841+0700] {processor.py:839} INFO - DAG(s) dict_keys(['example_time_delta_sensor_async']) retrieved from /home/ivan123/.local/lib/python3.10/site-packages/airflow/example_dags/example_time_delta_sensor_async.py
[2023-11-19T09:21:35.117+0700] {logging_mixin.py:154} INFO - [2023-11-19T09:21:35.117+0700] {manager.py:499} INFO - Created Permission View: %s
[2023-11-19T09:21:35.951+0700] {logging_mixin.py:154} INFO - [2023-11-19T09:21:35.951+0700] {manager.py:499} INFO - Created Permission View: %s
[2023-11-19T09:21:36.749+0700] {logging_mixin.py:154} INFO - [2023-11-19T09:21:36.749+0700] {manager.py:499} INFO - Created Permission View: %s
[2023-11-19T09:21:36.750+0700] {logging_mixin.py:154} INFO - [2023-11-19T09:21:36.750+0700] {dag.py:2941} INFO - Sync 1 DAGs
[2023-11-19T09:21:36.775+0700] {logging_mixin.py:154} INFO - [2023-11-19T09:21:36.775+0700] {dag.py:2963} INFO - Creating ORM DAG for example_time_delta_sensor_async
[2023-11-19T09:21:36.776+0700] {logging_mixin.py:154} INFO - [2023-11-19T09:21:36.776+0700] {dag.py:3722} INFO - Setting next_dagrun for example_time_delta_sensor_async to None, run_after=None
[2023-11-19T09:21:37.752+0700] {processor.py:179} INFO - Processing /home/ivan123/.local/lib/python3.10/site-packages/airflow/example_dags/example_time_delta_sensor_async.py took 3.925 seconds
[2023-11-19T09:23:57.190+0700] {processor.py:157} INFO - Started process (PID=8161) to work on /home/ivan123/.local/lib/python3.10/site-packages/airflow/example_dags/example_time_delta_sensor_async.py
[2023-11-19T09:23:57.191+0700] {processor.py:829} INFO - Processing file /home/ivan123/.local/lib/python3.10/site-packages/airflow/example_dags/example_time_delta_sensor_async.py for tasks to queue
[2023-11-19T09:23:57.192+0700] {logging_mixin.py:154} INFO - [2023-11-19T09:23:57.191+0700] {dagbag.py:536} INFO - Filling up the DagBag from /home/ivan123/.local/lib/python3.10/site-packages/airflow/example_dags/example_time_delta_sensor_async.py
[2023-11-19T09:23:57.197+0700] {processor.py:839} INFO - DAG(s) dict_keys(['example_time_delta_sensor_async']) retrieved from /home/ivan123/.local/lib/python3.10/site-packages/airflow/example_dags/example_time_delta_sensor_async.py
[2023-11-19T09:23:57.239+0700] {logging_mixin.py:154} INFO - [2023-11-19T09:23:57.239+0700] {dag.py:2941} INFO - Sync 1 DAGs
[2023-11-19T09:23:57.254+0700] {logging_mixin.py:154} INFO - [2023-11-19T09:23:57.254+0700] {dag.py:3722} INFO - Setting next_dagrun for example_time_delta_sensor_async to None, run_after=None
[2023-11-19T09:23:57.516+0700] {processor.py:179} INFO - Processing /home/ivan123/.local/lib/python3.10/site-packages/airflow/example_dags/example_time_delta_sensor_async.py took 0.329 seconds
[2023-11-19T09:25:22.410+0700] {processor.py:157} INFO - Started process (PID=8361) to work on /home/ivan123/.local/lib/python3.10/site-packages/airflow/example_dags/example_time_delta_sensor_async.py
[2023-11-19T09:25:22.412+0700] {processor.py:829} INFO - Processing file /home/ivan123/.local/lib/python3.10/site-packages/airflow/example_dags/example_time_delta_sensor_async.py for tasks to queue
[2023-11-19T09:25:22.413+0700] {logging_mixin.py:154} INFO - [2023-11-19T09:25:22.413+0700] {dagbag.py:536} INFO - Filling up the DagBag from /home/ivan123/.local/lib/python3.10/site-packages/airflow/example_dags/example_time_delta_sensor_async.py
[2023-11-19T09:25:22.419+0700] {processor.py:839} INFO - DAG(s) dict_keys(['example_time_delta_sensor_async']) retrieved from /home/ivan123/.local/lib/python3.10/site-packages/airflow/example_dags/example_time_delta_sensor_async.py
[2023-11-19T09:25:22.449+0700] {logging_mixin.py:154} INFO - [2023-11-19T09:25:22.449+0700] {dag.py:2941} INFO - Sync 1 DAGs
[2023-11-19T09:25:22.463+0700] {logging_mixin.py:154} INFO - [2023-11-19T09:25:22.463+0700] {dag.py:3722} INFO - Setting next_dagrun for example_time_delta_sensor_async to None, run_after=None
[2023-11-19T09:25:22.849+0700] {processor.py:179} INFO - Processing /home/ivan123/.local/lib/python3.10/site-packages/airflow/example_dags/example_time_delta_sensor_async.py took 0.444 seconds
[2023-11-19T09:34:17.641+0700] {processor.py:157} INFO - Started process (PID=10413) to work on /home/ivan123/.local/lib/python3.10/site-packages/airflow/example_dags/example_time_delta_sensor_async.py
[2023-11-19T09:34:17.643+0700] {processor.py:829} INFO - Processing file /home/ivan123/.local/lib/python3.10/site-packages/airflow/example_dags/example_time_delta_sensor_async.py for tasks to queue
[2023-11-19T09:34:17.644+0700] {logging_mixin.py:154} INFO - [2023-11-19T09:34:17.643+0700] {dagbag.py:536} INFO - Filling up the DagBag from /home/ivan123/.local/lib/python3.10/site-packages/airflow/example_dags/example_time_delta_sensor_async.py
[2023-11-19T09:34:17.651+0700] {processor.py:839} INFO - DAG(s) dict_keys(['example_time_delta_sensor_async']) retrieved from /home/ivan123/.local/lib/python3.10/site-packages/airflow/example_dags/example_time_delta_sensor_async.py
[2023-11-19T09:34:17.685+0700] {logging_mixin.py:154} INFO - [2023-11-19T09:34:17.685+0700] {dag.py:2941} INFO - Sync 1 DAGs
[2023-11-19T09:34:17.700+0700] {logging_mixin.py:154} INFO - [2023-11-19T09:34:17.700+0700] {dag.py:3722} INFO - Setting next_dagrun for example_time_delta_sensor_async to None, run_after=None
[2023-11-19T09:34:18.531+0700] {processor.py:179} INFO - Processing /home/ivan123/.local/lib/python3.10/site-packages/airflow/example_dags/example_time_delta_sensor_async.py took 0.892 seconds
[2023-11-19T09:36:00.203+0700] {processor.py:157} INFO - Started process (PID=10830) to work on /home/ivan123/.local/lib/python3.10/site-packages/airflow/example_dags/example_time_delta_sensor_async.py
[2023-11-19T09:36:00.205+0700] {processor.py:829} INFO - Processing file /home/ivan123/.local/lib/python3.10/site-packages/airflow/example_dags/example_time_delta_sensor_async.py for tasks to queue
[2023-11-19T09:36:00.206+0700] {logging_mixin.py:154} INFO - [2023-11-19T09:36:00.205+0700] {dagbag.py:536} INFO - Filling up the DagBag from /home/ivan123/.local/lib/python3.10/site-packages/airflow/example_dags/example_time_delta_sensor_async.py
[2023-11-19T09:36:00.210+0700] {processor.py:839} INFO - DAG(s) dict_keys(['example_time_delta_sensor_async']) retrieved from /home/ivan123/.local/lib/python3.10/site-packages/airflow/example_dags/example_time_delta_sensor_async.py
[2023-11-19T09:36:00.240+0700] {logging_mixin.py:154} INFO - [2023-11-19T09:36:00.240+0700] {dag.py:2941} INFO - Sync 1 DAGs
[2023-11-19T09:36:00.254+0700] {logging_mixin.py:154} INFO - [2023-11-19T09:36:00.254+0700] {dag.py:3722} INFO - Setting next_dagrun for example_time_delta_sensor_async to None, run_after=None
[2023-11-19T09:36:01.566+0700] {processor.py:179} INFO - Processing /home/ivan123/.local/lib/python3.10/site-packages/airflow/example_dags/example_time_delta_sensor_async.py took 1.366 seconds
[2023-11-19T09:38:24.520+0700] {processor.py:157} INFO - Started process (PID=12002) to work on /home/ivan123/.local/lib/python3.10/site-packages/airflow/example_dags/example_time_delta_sensor_async.py
[2023-11-19T09:38:24.521+0700] {processor.py:829} INFO - Processing file /home/ivan123/.local/lib/python3.10/site-packages/airflow/example_dags/example_time_delta_sensor_async.py for tasks to queue
[2023-11-19T09:38:24.522+0700] {logging_mixin.py:154} INFO - [2023-11-19T09:38:24.522+0700] {dagbag.py:536} INFO - Filling up the DagBag from /home/ivan123/.local/lib/python3.10/site-packages/airflow/example_dags/example_time_delta_sensor_async.py
[2023-11-19T09:38:24.527+0700] {processor.py:839} INFO - DAG(s) dict_keys(['example_time_delta_sensor_async']) retrieved from /home/ivan123/.local/lib/python3.10/site-packages/airflow/example_dags/example_time_delta_sensor_async.py
[2023-11-19T09:38:24.556+0700] {logging_mixin.py:154} INFO - [2023-11-19T09:38:24.556+0700] {dag.py:2941} INFO - Sync 1 DAGs
[2023-11-19T09:38:24.571+0700] {logging_mixin.py:154} INFO - [2023-11-19T09:38:24.571+0700] {dag.py:3722} INFO - Setting next_dagrun for example_time_delta_sensor_async to None, run_after=None
[2023-11-19T09:38:24.900+0700] {processor.py:179} INFO - Processing /home/ivan123/.local/lib/python3.10/site-packages/airflow/example_dags/example_time_delta_sensor_async.py took 0.383 seconds
[2023-11-19T09:49:42.008+0700] {processor.py:157} INFO - Started process (PID=15163) to work on /mnt/c/Users/ASUS/Desktop/ONLINE_COURSE/Data_Engineering/Spotify_API/new-airflowenv/lib/python3.10/site-packages/airflow/example_dags/example_time_delta_sensor_async.py
[2023-11-19T09:49:42.009+0700] {processor.py:829} INFO - Processing file /mnt/c/Users/ASUS/Desktop/ONLINE_COURSE/Data_Engineering/Spotify_API/new-airflowenv/lib/python3.10/site-packages/airflow/example_dags/example_time_delta_sensor_async.py for tasks to queue
[2023-11-19T09:49:42.010+0700] {logging_mixin.py:154} INFO - [2023-11-19T09:49:42.010+0700] {dagbag.py:536} INFO - Filling up the DagBag from /mnt/c/Users/ASUS/Desktop/ONLINE_COURSE/Data_Engineering/Spotify_API/new-airflowenv/lib/python3.10/site-packages/airflow/example_dags/example_time_delta_sensor_async.py
[2023-11-19T09:49:42.098+0700] {processor.py:839} INFO - DAG(s) dict_keys(['example_time_delta_sensor_async']) retrieved from /mnt/c/Users/ASUS/Desktop/ONLINE_COURSE/Data_Engineering/Spotify_API/new-airflowenv/lib/python3.10/site-packages/airflow/example_dags/example_time_delta_sensor_async.py
[2023-11-19T09:49:43.643+0700] {logging_mixin.py:154} INFO - [2023-11-19T09:49:43.643+0700] {dag.py:2941} INFO - Sync 1 DAGs
[2023-11-19T09:49:43.656+0700] {logging_mixin.py:154} INFO - [2023-11-19T09:49:43.656+0700] {dag.py:3722} INFO - Setting next_dagrun for example_time_delta_sensor_async to None, run_after=None
[2023-11-19T09:49:44.047+0700] {processor.py:179} INFO - Processing /mnt/c/Users/ASUS/Desktop/ONLINE_COURSE/Data_Engineering/Spotify_API/new-airflowenv/lib/python3.10/site-packages/airflow/example_dags/example_time_delta_sensor_async.py took 2.043 seconds
[2023-11-19T09:53:18.315+0700] {processor.py:157} INFO - Started process (PID=16561) to work on /home/ivan123/.local/lib/python3.10/site-packages/airflow/example_dags/example_time_delta_sensor_async.py
[2023-11-19T09:53:18.316+0700] {processor.py:829} INFO - Processing file /home/ivan123/.local/lib/python3.10/site-packages/airflow/example_dags/example_time_delta_sensor_async.py for tasks to queue
[2023-11-19T09:53:18.317+0700] {logging_mixin.py:154} INFO - [2023-11-19T09:53:18.317+0700] {dagbag.py:536} INFO - Filling up the DagBag from /home/ivan123/.local/lib/python3.10/site-packages/airflow/example_dags/example_time_delta_sensor_async.py
[2023-11-19T09:53:18.324+0700] {processor.py:839} INFO - DAG(s) dict_keys(['example_time_delta_sensor_async']) retrieved from /home/ivan123/.local/lib/python3.10/site-packages/airflow/example_dags/example_time_delta_sensor_async.py
[2023-11-19T09:53:18.449+0700] {logging_mixin.py:154} INFO - [2023-11-19T09:53:18.449+0700] {dag.py:2941} INFO - Sync 1 DAGs
[2023-11-19T09:53:18.462+0700] {logging_mixin.py:154} INFO - [2023-11-19T09:53:18.462+0700] {dag.py:3722} INFO - Setting next_dagrun for example_time_delta_sensor_async to None, run_after=None
[2023-11-19T09:53:18.949+0700] {processor.py:179} INFO - Processing /home/ivan123/.local/lib/python3.10/site-packages/airflow/example_dags/example_time_delta_sensor_async.py took 0.637 seconds
