[2023-11-19T09:20:22.911+0700] {processor.py:157} INFO - Started process (PID=6855) to work on /home/ivan123/.local/lib/python3.10/site-packages/airflow/example_dags/example_short_circuit_decorator.py
[2023-11-19T09:20:22.912+0700] {processor.py:829} INFO - Processing file /home/ivan123/.local/lib/python3.10/site-packages/airflow/example_dags/example_short_circuit_decorator.py for tasks to queue
[2023-11-19T09:20:22.913+0700] {logging_mixin.py:154} INFO - [2023-11-19T09:20:22.913+0700] {dagbag.py:536} INFO - Filling up the DagBag from /home/ivan123/.local/lib/python3.10/site-packages/airflow/example_dags/example_short_circuit_decorator.py
[2023-11-19T09:20:22.925+0700] {processor.py:839} INFO - DAG(s) dict_keys(['example_short_circuit_decorator']) retrieved from /home/ivan123/.local/lib/python3.10/site-packages/airflow/example_dags/example_short_circuit_decorator.py
[2023-11-19T09:20:23.754+0700] {logging_mixin.py:154} INFO - [2023-11-19T09:20:23.753+0700] {manager.py:499} INFO - Created Permission View: %s
[2023-11-19T09:20:24.153+0700] {logging_mixin.py:154} INFO - [2023-11-19T09:20:24.153+0700] {manager.py:499} INFO - Created Permission View: %s
[2023-11-19T09:20:24.457+0700] {logging_mixin.py:154} INFO - [2023-11-19T09:20:24.457+0700] {manager.py:499} INFO - Created Permission View: %s
[2023-11-19T09:20:24.458+0700] {logging_mixin.py:154} INFO - [2023-11-19T09:20:24.458+0700] {dag.py:2941} INFO - Sync 1 DAGs
[2023-11-19T09:20:24.483+0700] {logging_mixin.py:154} INFO - [2023-11-19T09:20:24.482+0700] {dag.py:2963} INFO - Creating ORM DAG for example_short_circuit_decorator
[2023-11-19T09:20:24.495+0700] {logging_mixin.py:154} INFO - [2023-11-19T09:20:24.495+0700] {dag.py:3722} INFO - Setting next_dagrun for example_short_circuit_decorator to 2023-11-18T02:20:24.495246+00:00, run_after=2023-11-19T02:20:24.495246+00:00
[2023-11-19T09:20:24.787+0700] {processor.py:179} INFO - Processing /home/ivan123/.local/lib/python3.10/site-packages/airflow/example_dags/example_short_circuit_decorator.py took 1.879 seconds
[2023-11-19T09:23:30.570+0700] {processor.py:157} INFO - Started process (PID=7951) to work on /home/ivan123/.local/lib/python3.10/site-packages/airflow/example_dags/example_short_circuit_decorator.py
[2023-11-19T09:23:30.616+0700] {processor.py:829} INFO - Processing file /home/ivan123/.local/lib/python3.10/site-packages/airflow/example_dags/example_short_circuit_decorator.py for tasks to queue
[2023-11-19T09:23:30.617+0700] {logging_mixin.py:154} INFO - [2023-11-19T09:23:30.617+0700] {dagbag.py:536} INFO - Filling up the DagBag from /home/ivan123/.local/lib/python3.10/site-packages/airflow/example_dags/example_short_circuit_decorator.py
[2023-11-19T09:23:30.627+0700] {processor.py:839} INFO - DAG(s) dict_keys(['example_short_circuit_decorator']) retrieved from /home/ivan123/.local/lib/python3.10/site-packages/airflow/example_dags/example_short_circuit_decorator.py
[2023-11-19T09:23:30.766+0700] {logging_mixin.py:154} INFO - [2023-11-19T09:23:30.766+0700] {dag.py:2941} INFO - Sync 1 DAGs
[2023-11-19T09:23:30.796+0700] {logging_mixin.py:154} INFO - [2023-11-19T09:23:30.796+0700] {dag.py:3722} INFO - Setting next_dagrun for example_short_circuit_decorator to 2023-11-18T02:23:30.796069+00:00, run_after=2023-11-19T02:23:30.796069+00:00
[2023-11-19T09:23:31.626+0700] {processor.py:179} INFO - Processing /home/ivan123/.local/lib/python3.10/site-packages/airflow/example_dags/example_short_circuit_decorator.py took 1.059 seconds
[2023-11-19T09:24:49.358+0700] {processor.py:157} INFO - Started process (PID=8296) to work on /home/ivan123/.local/lib/python3.10/site-packages/airflow/example_dags/example_short_circuit_decorator.py
[2023-11-19T09:24:49.359+0700] {processor.py:829} INFO - Processing file /home/ivan123/.local/lib/python3.10/site-packages/airflow/example_dags/example_short_circuit_decorator.py for tasks to queue
[2023-11-19T09:24:49.360+0700] {logging_mixin.py:154} INFO - [2023-11-19T09:24:49.360+0700] {dagbag.py:536} INFO - Filling up the DagBag from /home/ivan123/.local/lib/python3.10/site-packages/airflow/example_dags/example_short_circuit_decorator.py
[2023-11-19T09:24:49.370+0700] {processor.py:839} INFO - DAG(s) dict_keys(['example_short_circuit_decorator']) retrieved from /home/ivan123/.local/lib/python3.10/site-packages/airflow/example_dags/example_short_circuit_decorator.py
[2023-11-19T09:24:49.405+0700] {logging_mixin.py:154} INFO - [2023-11-19T09:24:49.405+0700] {dag.py:2941} INFO - Sync 1 DAGs
[2023-11-19T09:24:49.434+0700] {logging_mixin.py:154} INFO - [2023-11-19T09:24:49.434+0700] {dag.py:3722} INFO - Setting next_dagrun for example_short_circuit_decorator to 2023-11-18T02:24:49.433915+00:00, run_after=2023-11-19T02:24:49.433915+00:00
[2023-11-19T09:24:49.741+0700] {processor.py:179} INFO - Processing /home/ivan123/.local/lib/python3.10/site-packages/airflow/example_dags/example_short_circuit_decorator.py took 0.388 seconds
[2023-11-19T09:25:58.436+0700] {processor.py:157} INFO - Started process (PID=8451) to work on /home/ivan123/.local/lib/python3.10/site-packages/airflow/example_dags/example_short_circuit_decorator.py
[2023-11-19T09:25:58.437+0700] {processor.py:829} INFO - Processing file /home/ivan123/.local/lib/python3.10/site-packages/airflow/example_dags/example_short_circuit_decorator.py for tasks to queue
[2023-11-19T09:25:58.438+0700] {logging_mixin.py:154} INFO - [2023-11-19T09:25:58.438+0700] {dagbag.py:536} INFO - Filling up the DagBag from /home/ivan123/.local/lib/python3.10/site-packages/airflow/example_dags/example_short_circuit_decorator.py
[2023-11-19T09:25:58.448+0700] {processor.py:839} INFO - DAG(s) dict_keys(['example_short_circuit_decorator']) retrieved from /home/ivan123/.local/lib/python3.10/site-packages/airflow/example_dags/example_short_circuit_decorator.py
[2023-11-19T09:25:58.477+0700] {logging_mixin.py:154} INFO - [2023-11-19T09:25:58.476+0700] {dag.py:2941} INFO - Sync 1 DAGs
[2023-11-19T09:25:58.504+0700] {logging_mixin.py:154} INFO - [2023-11-19T09:25:58.504+0700] {dag.py:3722} INFO - Setting next_dagrun for example_short_circuit_decorator to 2023-11-18T02:25:58.503788+00:00, run_after=2023-11-19T02:25:58.503788+00:00
[2023-11-19T09:25:59.804+0700] {processor.py:179} INFO - Processing /home/ivan123/.local/lib/python3.10/site-packages/airflow/example_dags/example_short_circuit_decorator.py took 1.370 seconds
[2023-11-19T09:33:49.295+0700] {processor.py:157} INFO - Started process (PID=10195) to work on /home/ivan123/.local/lib/python3.10/site-packages/airflow/example_dags/example_short_circuit_decorator.py
[2023-11-19T09:33:49.316+0700] {processor.py:829} INFO - Processing file /home/ivan123/.local/lib/python3.10/site-packages/airflow/example_dags/example_short_circuit_decorator.py for tasks to queue
[2023-11-19T09:33:49.317+0700] {logging_mixin.py:154} INFO - [2023-11-19T09:33:49.317+0700] {dagbag.py:536} INFO - Filling up the DagBag from /home/ivan123/.local/lib/python3.10/site-packages/airflow/example_dags/example_short_circuit_decorator.py
[2023-11-19T09:33:49.330+0700] {processor.py:839} INFO - DAG(s) dict_keys(['example_short_circuit_decorator']) retrieved from /home/ivan123/.local/lib/python3.10/site-packages/airflow/example_dags/example_short_circuit_decorator.py
[2023-11-19T09:33:49.360+0700] {logging_mixin.py:154} INFO - [2023-11-19T09:33:49.359+0700] {dag.py:2941} INFO - Sync 1 DAGs
[2023-11-19T09:33:49.387+0700] {logging_mixin.py:154} INFO - [2023-11-19T09:33:49.387+0700] {dag.py:3722} INFO - Setting next_dagrun for example_short_circuit_decorator to 2023-11-18T02:33:49.387224+00:00, run_after=2023-11-19T02:33:49.387224+00:00
[2023-11-19T09:33:50.507+0700] {processor.py:179} INFO - Processing /home/ivan123/.local/lib/python3.10/site-packages/airflow/example_dags/example_short_circuit_decorator.py took 1.216 seconds
[2023-11-19T09:35:27.223+0700] {processor.py:157} INFO - Started process (PID=10762) to work on /home/ivan123/.local/lib/python3.10/site-packages/airflow/example_dags/example_short_circuit_decorator.py
[2023-11-19T09:35:27.224+0700] {processor.py:829} INFO - Processing file /home/ivan123/.local/lib/python3.10/site-packages/airflow/example_dags/example_short_circuit_decorator.py for tasks to queue
[2023-11-19T09:35:27.225+0700] {logging_mixin.py:154} INFO - [2023-11-19T09:35:27.225+0700] {dagbag.py:536} INFO - Filling up the DagBag from /home/ivan123/.local/lib/python3.10/site-packages/airflow/example_dags/example_short_circuit_decorator.py
[2023-11-19T09:35:27.234+0700] {processor.py:839} INFO - DAG(s) dict_keys(['example_short_circuit_decorator']) retrieved from /home/ivan123/.local/lib/python3.10/site-packages/airflow/example_dags/example_short_circuit_decorator.py
[2023-11-19T09:35:27.264+0700] {logging_mixin.py:154} INFO - [2023-11-19T09:35:27.264+0700] {dag.py:2941} INFO - Sync 1 DAGs
[2023-11-19T09:35:27.291+0700] {logging_mixin.py:154} INFO - [2023-11-19T09:35:27.291+0700] {dag.py:3722} INFO - Setting next_dagrun for example_short_circuit_decorator to 2023-11-18T02:35:27.291385+00:00, run_after=2023-11-19T02:35:27.291385+00:00
[2023-11-19T09:35:27.526+0700] {processor.py:179} INFO - Processing /home/ivan123/.local/lib/python3.10/site-packages/airflow/example_dags/example_short_circuit_decorator.py took 0.306 seconds
[2023-11-19T09:36:38.057+0700] {processor.py:157} INFO - Started process (PID=11107) to work on /home/ivan123/.local/lib/python3.10/site-packages/airflow/example_dags/example_short_circuit_decorator.py
[2023-11-19T09:36:38.059+0700] {processor.py:829} INFO - Processing file /home/ivan123/.local/lib/python3.10/site-packages/airflow/example_dags/example_short_circuit_decorator.py for tasks to queue
[2023-11-19T09:36:38.060+0700] {logging_mixin.py:154} INFO - [2023-11-19T09:36:38.059+0700] {dagbag.py:536} INFO - Filling up the DagBag from /home/ivan123/.local/lib/python3.10/site-packages/airflow/example_dags/example_short_circuit_decorator.py
[2023-11-19T09:36:38.069+0700] {processor.py:839} INFO - DAG(s) dict_keys(['example_short_circuit_decorator']) retrieved from /home/ivan123/.local/lib/python3.10/site-packages/airflow/example_dags/example_short_circuit_decorator.py
[2023-11-19T09:36:38.103+0700] {logging_mixin.py:154} INFO - [2023-11-19T09:36:38.103+0700] {dag.py:2941} INFO - Sync 1 DAGs
[2023-11-19T09:36:38.135+0700] {logging_mixin.py:154} INFO - [2023-11-19T09:36:38.134+0700] {dag.py:3722} INFO - Setting next_dagrun for example_short_circuit_decorator to 2023-11-18T02:36:38.134594+00:00, run_after=2023-11-19T02:36:38.134594+00:00
[2023-11-19T09:36:38.475+0700] {processor.py:179} INFO - Processing /home/ivan123/.local/lib/python3.10/site-packages/airflow/example_dags/example_short_circuit_decorator.py took 0.421 seconds
[2023-11-19T09:37:51.663+0700] {processor.py:157} INFO - Started process (PID=11726) to work on /home/ivan123/.local/lib/python3.10/site-packages/airflow/example_dags/example_short_circuit_decorator.py
[2023-11-19T09:37:52.929+0700] {processor.py:829} INFO - Processing file /home/ivan123/.local/lib/python3.10/site-packages/airflow/example_dags/example_short_circuit_decorator.py for tasks to queue
[2023-11-19T09:37:52.935+0700] {logging_mixin.py:154} INFO - [2023-11-19T09:37:52.934+0700] {dagbag.py:536} INFO - Filling up the DagBag from /home/ivan123/.local/lib/python3.10/site-packages/airflow/example_dags/example_short_circuit_decorator.py
[2023-11-19T09:37:52.962+0700] {processor.py:839} INFO - DAG(s) dict_keys(['example_short_circuit_decorator']) retrieved from /home/ivan123/.local/lib/python3.10/site-packages/airflow/example_dags/example_short_circuit_decorator.py
[2023-11-19T09:37:53.000+0700] {logging_mixin.py:154} INFO - [2023-11-19T09:37:53.000+0700] {dag.py:2941} INFO - Sync 1 DAGs
[2023-11-19T09:37:53.030+0700] {logging_mixin.py:154} INFO - [2023-11-19T09:37:53.030+0700] {dag.py:3722} INFO - Setting next_dagrun for example_short_circuit_decorator to 2023-11-18T02:37:53.030227+00:00, run_after=2023-11-19T02:37:53.030227+00:00
[2023-11-19T09:37:53.232+0700] {processor.py:179} INFO - Processing /home/ivan123/.local/lib/python3.10/site-packages/airflow/example_dags/example_short_circuit_decorator.py took 1.572 seconds
[2023-11-19T09:39:02.478+0700] {processor.py:157} INFO - Started process (PID=12341) to work on /home/ivan123/.local/lib/python3.10/site-packages/airflow/example_dags/example_short_circuit_decorator.py
[2023-11-19T09:39:02.479+0700] {processor.py:829} INFO - Processing file /home/ivan123/.local/lib/python3.10/site-packages/airflow/example_dags/example_short_circuit_decorator.py for tasks to queue
[2023-11-19T09:39:02.481+0700] {logging_mixin.py:154} INFO - [2023-11-19T09:39:02.480+0700] {dagbag.py:536} INFO - Filling up the DagBag from /home/ivan123/.local/lib/python3.10/site-packages/airflow/example_dags/example_short_circuit_decorator.py
[2023-11-19T09:39:02.489+0700] {processor.py:839} INFO - DAG(s) dict_keys(['example_short_circuit_decorator']) retrieved from /home/ivan123/.local/lib/python3.10/site-packages/airflow/example_dags/example_short_circuit_decorator.py
[2023-11-19T09:39:02.521+0700] {logging_mixin.py:154} INFO - [2023-11-19T09:39:02.521+0700] {dag.py:2941} INFO - Sync 1 DAGs
[2023-11-19T09:39:02.553+0700] {logging_mixin.py:154} INFO - [2023-11-19T09:39:02.553+0700] {dag.py:3722} INFO - Setting next_dagrun for example_short_circuit_decorator to 2023-11-18T02:39:02.553214+00:00, run_after=2023-11-19T02:39:02.553214+00:00
[2023-11-19T09:39:02.785+0700] {processor.py:179} INFO - Processing /home/ivan123/.local/lib/python3.10/site-packages/airflow/example_dags/example_short_circuit_decorator.py took 0.310 seconds
[2023-11-19T09:40:06.892+0700] {processor.py:157} INFO - Started process (PID=12824) to work on /home/ivan123/.local/lib/python3.10/site-packages/airflow/example_dags/example_short_circuit_decorator.py
[2023-11-19T09:40:06.893+0700] {processor.py:829} INFO - Processing file /home/ivan123/.local/lib/python3.10/site-packages/airflow/example_dags/example_short_circuit_decorator.py for tasks to queue
[2023-11-19T09:40:06.894+0700] {logging_mixin.py:154} INFO - [2023-11-19T09:40:06.894+0700] {dagbag.py:536} INFO - Filling up the DagBag from /home/ivan123/.local/lib/python3.10/site-packages/airflow/example_dags/example_short_circuit_decorator.py
[2023-11-19T09:40:06.903+0700] {processor.py:839} INFO - DAG(s) dict_keys(['example_short_circuit_decorator']) retrieved from /home/ivan123/.local/lib/python3.10/site-packages/airflow/example_dags/example_short_circuit_decorator.py
[2023-11-19T09:40:06.935+0700] {logging_mixin.py:154} INFO - [2023-11-19T09:40:06.934+0700] {dag.py:2941} INFO - Sync 1 DAGs
[2023-11-19T09:40:06.963+0700] {logging_mixin.py:154} INFO - [2023-11-19T09:40:06.963+0700] {dag.py:3722} INFO - Setting next_dagrun for example_short_circuit_decorator to 2023-11-18T02:40:06.963182+00:00, run_after=2023-11-19T02:40:06.963182+00:00
[2023-11-19T09:40:09.461+0700] {processor.py:179} INFO - Processing /home/ivan123/.local/lib/python3.10/site-packages/airflow/example_dags/example_short_circuit_decorator.py took 2.572 seconds
[2023-11-19T09:50:08.546+0700] {processor.py:157} INFO - Started process (PID=15304) to work on /mnt/c/Users/ASUS/Desktop/ONLINE_COURSE/Data_Engineering/Spotify_API/new-airflowenv/lib/python3.10/site-packages/airflow/example_dags/example_short_circuit_decorator.py
[2023-11-19T09:50:08.547+0700] {processor.py:829} INFO - Processing file /mnt/c/Users/ASUS/Desktop/ONLINE_COURSE/Data_Engineering/Spotify_API/new-airflowenv/lib/python3.10/site-packages/airflow/example_dags/example_short_circuit_decorator.py for tasks to queue
[2023-11-19T09:50:08.548+0700] {logging_mixin.py:154} INFO - [2023-11-19T09:50:08.548+0700] {dagbag.py:536} INFO - Filling up the DagBag from /mnt/c/Users/ASUS/Desktop/ONLINE_COURSE/Data_Engineering/Spotify_API/new-airflowenv/lib/python3.10/site-packages/airflow/example_dags/example_short_circuit_decorator.py
[2023-11-19T09:50:08.579+0700] {processor.py:839} INFO - DAG(s) dict_keys(['example_short_circuit_decorator']) retrieved from /mnt/c/Users/ASUS/Desktop/ONLINE_COURSE/Data_Engineering/Spotify_API/new-airflowenv/lib/python3.10/site-packages/airflow/example_dags/example_short_circuit_decorator.py
[2023-11-19T09:50:10.099+0700] {logging_mixin.py:154} INFO - [2023-11-19T09:50:10.099+0700] {dag.py:2941} INFO - Sync 1 DAGs
[2023-11-19T09:50:10.129+0700] {logging_mixin.py:154} INFO - [2023-11-19T09:50:10.129+0700] {dag.py:3722} INFO - Setting next_dagrun for example_short_circuit_decorator to 2023-11-18T02:50:10.128931+00:00, run_after=2023-11-19T02:50:10.128931+00:00
[2023-11-19T09:50:11.491+0700] {processor.py:179} INFO - Processing /mnt/c/Users/ASUS/Desktop/ONLINE_COURSE/Data_Engineering/Spotify_API/new-airflowenv/lib/python3.10/site-packages/airflow/example_dags/example_short_circuit_decorator.py took 2.948 seconds
[2023-11-19T09:52:52.099+0700] {processor.py:157} INFO - Started process (PID=16317) to work on /home/ivan123/.local/lib/python3.10/site-packages/airflow/example_dags/example_short_circuit_decorator.py
[2023-11-19T09:52:52.100+0700] {processor.py:829} INFO - Processing file /home/ivan123/.local/lib/python3.10/site-packages/airflow/example_dags/example_short_circuit_decorator.py for tasks to queue
[2023-11-19T09:52:52.101+0700] {logging_mixin.py:154} INFO - [2023-11-19T09:52:52.101+0700] {dagbag.py:536} INFO - Filling up the DagBag from /home/ivan123/.local/lib/python3.10/site-packages/airflow/example_dags/example_short_circuit_decorator.py
[2023-11-19T09:52:52.116+0700] {processor.py:839} INFO - DAG(s) dict_keys(['example_short_circuit_decorator']) retrieved from /home/ivan123/.local/lib/python3.10/site-packages/airflow/example_dags/example_short_circuit_decorator.py
[2023-11-19T09:52:52.237+0700] {logging_mixin.py:154} INFO - [2023-11-19T09:52:52.237+0700] {dag.py:2941} INFO - Sync 1 DAGs
[2023-11-19T09:52:52.263+0700] {logging_mixin.py:154} INFO - [2023-11-19T09:52:52.262+0700] {dag.py:3722} INFO - Setting next_dagrun for example_short_circuit_decorator to 2023-11-18T02:52:52.262666+00:00, run_after=2023-11-19T02:52:52.262666+00:00
[2023-11-19T09:52:52.685+0700] {processor.py:179} INFO - Processing /home/ivan123/.local/lib/python3.10/site-packages/airflow/example_dags/example_short_circuit_decorator.py took 0.590 seconds
