[2023-11-19T09:21:07.606+0700] {processor.py:157} INFO - Started process (PID=6996) to work on /home/ivan123/.local/lib/python3.10/site-packages/airflow/example_dags/example_branch_operator_decorator.py
[2023-11-19T09:21:07.607+0700] {processor.py:829} INFO - Processing file /home/ivan123/.local/lib/python3.10/site-packages/airflow/example_dags/example_branch_operator_decorator.py for tasks to queue
[2023-11-19T09:21:07.608+0700] {logging_mixin.py:154} INFO - [2023-11-19T09:21:07.608+0700] {dagbag.py:536} INFO - Filling up the DagBag from /home/ivan123/.local/lib/python3.10/site-packages/airflow/example_dags/example_branch_operator_decorator.py
[2023-11-19T09:21:07.621+0700] {processor.py:839} INFO - DAG(s) dict_keys(['example_branch_python_operator_decorator']) retrieved from /home/ivan123/.local/lib/python3.10/site-packages/airflow/example_dags/example_branch_operator_decorator.py
[2023-11-19T09:21:08.914+0700] {logging_mixin.py:154} INFO - [2023-11-19T09:21:08.913+0700] {manager.py:499} INFO - Created Permission View: %s
[2023-11-19T09:21:09.352+0700] {logging_mixin.py:154} INFO - [2023-11-19T09:21:09.352+0700] {manager.py:499} INFO - Created Permission View: %s
[2023-11-19T09:21:09.701+0700] {logging_mixin.py:154} INFO - [2023-11-19T09:21:09.701+0700] {manager.py:499} INFO - Created Permission View: %s
[2023-11-19T09:21:09.702+0700] {logging_mixin.py:154} INFO - [2023-11-19T09:21:09.702+0700] {dag.py:2941} INFO - Sync 1 DAGs
[2023-11-19T09:21:09.723+0700] {logging_mixin.py:154} INFO - [2023-11-19T09:21:09.722+0700] {dag.py:2963} INFO - Creating ORM DAG for example_branch_python_operator_decorator
[2023-11-19T09:21:09.740+0700] {logging_mixin.py:154} INFO - [2023-11-19T09:21:09.740+0700] {dag.py:3722} INFO - Setting next_dagrun for example_branch_python_operator_decorator to 2023-11-18T00:00:00+00:00, run_after=2023-11-19T00:00:00+00:00
[2023-11-19T09:21:10.100+0700] {processor.py:179} INFO - Processing /home/ivan123/.local/lib/python3.10/site-packages/airflow/example_dags/example_branch_operator_decorator.py took 2.497 seconds
[2023-11-19T09:23:52.833+0700] {processor.py:157} INFO - Started process (PID=8138) to work on /home/ivan123/.local/lib/python3.10/site-packages/airflow/example_dags/example_branch_operator_decorator.py
[2023-11-19T09:23:52.834+0700] {processor.py:829} INFO - Processing file /home/ivan123/.local/lib/python3.10/site-packages/airflow/example_dags/example_branch_operator_decorator.py for tasks to queue
[2023-11-19T09:23:52.835+0700] {logging_mixin.py:154} INFO - [2023-11-19T09:23:52.835+0700] {dagbag.py:536} INFO - Filling up the DagBag from /home/ivan123/.local/lib/python3.10/site-packages/airflow/example_dags/example_branch_operator_decorator.py
[2023-11-19T09:23:52.844+0700] {processor.py:839} INFO - DAG(s) dict_keys(['example_branch_python_operator_decorator']) retrieved from /home/ivan123/.local/lib/python3.10/site-packages/airflow/example_dags/example_branch_operator_decorator.py
[2023-11-19T09:23:52.915+0700] {logging_mixin.py:154} INFO - [2023-11-19T09:23:52.915+0700] {dag.py:2941} INFO - Sync 1 DAGs
[2023-11-19T09:23:52.945+0700] {logging_mixin.py:154} INFO - [2023-11-19T09:23:52.945+0700] {dag.py:3722} INFO - Setting next_dagrun for example_branch_python_operator_decorator to 2023-11-18T00:00:00+00:00, run_after=2023-11-19T00:00:00+00:00
[2023-11-19T09:23:53.524+0700] {processor.py:179} INFO - Processing /home/ivan123/.local/lib/python3.10/site-packages/airflow/example_dags/example_branch_operator_decorator.py took 0.693 seconds
[2023-11-19T09:25:18.372+0700] {processor.py:157} INFO - Started process (PID=8353) to work on /home/ivan123/.local/lib/python3.10/site-packages/airflow/example_dags/example_branch_operator_decorator.py
[2023-11-19T09:25:18.373+0700] {processor.py:829} INFO - Processing file /home/ivan123/.local/lib/python3.10/site-packages/airflow/example_dags/example_branch_operator_decorator.py for tasks to queue
[2023-11-19T09:25:18.375+0700] {logging_mixin.py:154} INFO - [2023-11-19T09:25:18.374+0700] {dagbag.py:536} INFO - Filling up the DagBag from /home/ivan123/.local/lib/python3.10/site-packages/airflow/example_dags/example_branch_operator_decorator.py
[2023-11-19T09:25:18.384+0700] {processor.py:839} INFO - DAG(s) dict_keys(['example_branch_python_operator_decorator']) retrieved from /home/ivan123/.local/lib/python3.10/site-packages/airflow/example_dags/example_branch_operator_decorator.py
[2023-11-19T09:25:18.417+0700] {logging_mixin.py:154} INFO - [2023-11-19T09:25:18.417+0700] {dag.py:2941} INFO - Sync 1 DAGs
[2023-11-19T09:25:18.447+0700] {logging_mixin.py:154} INFO - [2023-11-19T09:25:18.447+0700] {dag.py:3722} INFO - Setting next_dagrun for example_branch_python_operator_decorator to 2023-11-18T00:00:00+00:00, run_after=2023-11-19T00:00:00+00:00
[2023-11-19T09:25:19.038+0700] {processor.py:179} INFO - Processing /home/ivan123/.local/lib/python3.10/site-packages/airflow/example_dags/example_branch_operator_decorator.py took 0.668 seconds
[2023-11-19T09:34:12.611+0700] {processor.py:157} INFO - Started process (PID=10375) to work on /home/ivan123/.local/lib/python3.10/site-packages/airflow/example_dags/example_branch_operator_decorator.py
[2023-11-19T09:34:12.612+0700] {processor.py:829} INFO - Processing file /home/ivan123/.local/lib/python3.10/site-packages/airflow/example_dags/example_branch_operator_decorator.py for tasks to queue
[2023-11-19T09:34:12.614+0700] {logging_mixin.py:154} INFO - [2023-11-19T09:34:12.613+0700] {dagbag.py:536} INFO - Filling up the DagBag from /home/ivan123/.local/lib/python3.10/site-packages/airflow/example_dags/example_branch_operator_decorator.py
[2023-11-19T09:34:12.624+0700] {processor.py:839} INFO - DAG(s) dict_keys(['example_branch_python_operator_decorator']) retrieved from /home/ivan123/.local/lib/python3.10/site-packages/airflow/example_dags/example_branch_operator_decorator.py
[2023-11-19T09:34:12.657+0700] {logging_mixin.py:154} INFO - [2023-11-19T09:34:12.657+0700] {dag.py:2941} INFO - Sync 1 DAGs
[2023-11-19T09:34:12.685+0700] {logging_mixin.py:154} INFO - [2023-11-19T09:34:12.685+0700] {dag.py:3722} INFO - Setting next_dagrun for example_branch_python_operator_decorator to 2023-11-18T00:00:00+00:00, run_after=2023-11-19T00:00:00+00:00
[2023-11-19T09:34:12.995+0700] {processor.py:179} INFO - Processing /home/ivan123/.local/lib/python3.10/site-packages/airflow/example_dags/example_branch_operator_decorator.py took 0.386 seconds
[2023-11-19T09:35:56.209+0700] {processor.py:157} INFO - Started process (PID=10822) to work on /home/ivan123/.local/lib/python3.10/site-packages/airflow/example_dags/example_branch_operator_decorator.py
[2023-11-19T09:35:56.210+0700] {processor.py:829} INFO - Processing file /home/ivan123/.local/lib/python3.10/site-packages/airflow/example_dags/example_branch_operator_decorator.py for tasks to queue
[2023-11-19T09:35:56.211+0700] {logging_mixin.py:154} INFO - [2023-11-19T09:35:56.210+0700] {dagbag.py:536} INFO - Filling up the DagBag from /home/ivan123/.local/lib/python3.10/site-packages/airflow/example_dags/example_branch_operator_decorator.py
[2023-11-19T09:35:56.220+0700] {processor.py:839} INFO - DAG(s) dict_keys(['example_branch_python_operator_decorator']) retrieved from /home/ivan123/.local/lib/python3.10/site-packages/airflow/example_dags/example_branch_operator_decorator.py
[2023-11-19T09:35:56.255+0700] {logging_mixin.py:154} INFO - [2023-11-19T09:35:56.254+0700] {dag.py:2941} INFO - Sync 1 DAGs
[2023-11-19T09:35:56.283+0700] {logging_mixin.py:154} INFO - [2023-11-19T09:35:56.283+0700] {dag.py:3722} INFO - Setting next_dagrun for example_branch_python_operator_decorator to 2023-11-18T00:00:00+00:00, run_after=2023-11-19T00:00:00+00:00
[2023-11-19T09:35:57.655+0700] {processor.py:179} INFO - Processing /home/ivan123/.local/lib/python3.10/site-packages/airflow/example_dags/example_branch_operator_decorator.py took 1.449 seconds
[2023-11-19T09:38:21.117+0700] {processor.py:157} INFO - Started process (PID=11963) to work on /home/ivan123/.local/lib/python3.10/site-packages/airflow/example_dags/example_branch_operator_decorator.py
[2023-11-19T09:38:21.118+0700] {processor.py:829} INFO - Processing file /home/ivan123/.local/lib/python3.10/site-packages/airflow/example_dags/example_branch_operator_decorator.py for tasks to queue
[2023-11-19T09:38:21.119+0700] {logging_mixin.py:154} INFO - [2023-11-19T09:38:21.119+0700] {dagbag.py:536} INFO - Filling up the DagBag from /home/ivan123/.local/lib/python3.10/site-packages/airflow/example_dags/example_branch_operator_decorator.py
[2023-11-19T09:38:21.129+0700] {processor.py:839} INFO - DAG(s) dict_keys(['example_branch_python_operator_decorator']) retrieved from /home/ivan123/.local/lib/python3.10/site-packages/airflow/example_dags/example_branch_operator_decorator.py
[2023-11-19T09:38:21.162+0700] {logging_mixin.py:154} INFO - [2023-11-19T09:38:21.162+0700] {dag.py:2941} INFO - Sync 1 DAGs
[2023-11-19T09:38:21.197+0700] {logging_mixin.py:154} INFO - [2023-11-19T09:38:21.197+0700] {dag.py:3722} INFO - Setting next_dagrun for example_branch_python_operator_decorator to 2023-11-18T00:00:00+00:00, run_after=2023-11-19T00:00:00+00:00
[2023-11-19T09:38:21.540+0700] {processor.py:179} INFO - Processing /home/ivan123/.local/lib/python3.10/site-packages/airflow/example_dags/example_branch_operator_decorator.py took 0.427 seconds
[2023-11-19T09:53:14.318+0700] {processor.py:157} INFO - Started process (PID=16532) to work on /home/ivan123/.local/lib/python3.10/site-packages/airflow/example_dags/example_branch_operator_decorator.py
[2023-11-19T09:53:14.328+0700] {processor.py:829} INFO - Processing file /home/ivan123/.local/lib/python3.10/site-packages/airflow/example_dags/example_branch_operator_decorator.py for tasks to queue
[2023-11-19T09:53:14.329+0700] {logging_mixin.py:154} INFO - [2023-11-19T09:53:14.329+0700] {dagbag.py:536} INFO - Filling up the DagBag from /home/ivan123/.local/lib/python3.10/site-packages/airflow/example_dags/example_branch_operator_decorator.py
[2023-11-19T09:53:14.342+0700] {processor.py:839} INFO - DAG(s) dict_keys(['example_branch_python_operator_decorator']) retrieved from /home/ivan123/.local/lib/python3.10/site-packages/airflow/example_dags/example_branch_operator_decorator.py
[2023-11-19T09:53:14.467+0700] {logging_mixin.py:154} INFO - [2023-11-19T09:53:14.466+0700] {dag.py:2941} INFO - Sync 1 DAGs
[2023-11-19T09:53:14.498+0700] {logging_mixin.py:154} INFO - [2023-11-19T09:53:14.497+0700] {dag.py:3722} INFO - Setting next_dagrun for example_branch_python_operator_decorator to 2023-11-18T00:00:00+00:00, run_after=2023-11-19T00:00:00+00:00
[2023-11-19T09:53:14.929+0700] {processor.py:179} INFO - Processing /home/ivan123/.local/lib/python3.10/site-packages/airflow/example_dags/example_branch_operator_decorator.py took 0.615 seconds
