[2023-11-19T09:20:01.397+0700] {processor.py:157} INFO - Started process (PID=6730) to work on /home/ivan123/.local/lib/python3.10/site-packages/airflow/example_dags/example_local_kubernetes_executor.py
[2023-11-19T09:20:01.398+0700] {processor.py:829} INFO - Processing file /home/ivan123/.local/lib/python3.10/site-packages/airflow/example_dags/example_local_kubernetes_executor.py for tasks to queue
[2023-11-19T09:20:01.399+0700] {logging_mixin.py:154} INFO - [2023-11-19T09:20:01.399+0700] {dagbag.py:536} INFO - Filling up the DagBag from /home/ivan123/.local/lib/python3.10/site-packages/airflow/example_dags/example_local_kubernetes_executor.py
[2023-11-19T09:20:01.513+0700] {logging_mixin.py:154} INFO - [2023-11-19T09:20:01.513+0700] {example_local_kubernetes_executor.py:39} WARNING - Could not import DAGs in example_local_kubernetes_executor.py
Traceback (most recent call last):
  File "/home/ivan123/.local/lib/python3.10/site-packages/airflow/example_dags/example_local_kubernetes_executor.py", line 37, in <module>
    from kubernetes.client import models as k8s
ModuleNotFoundError: No module named 'kubernetes'
[2023-11-19T09:20:01.514+0700] {logging_mixin.py:154} INFO - [2023-11-19T09:20:01.514+0700] {example_local_kubernetes_executor.py:40} WARNING - Install Kubernetes dependencies with: pip install apache-airflow[cncf.kubernetes]
[2023-11-19T09:20:01.515+0700] {processor.py:841} WARNING - No viable dags retrieved from /home/ivan123/.local/lib/python3.10/site-packages/airflow/example_dags/example_local_kubernetes_executor.py
[2023-11-19T09:20:01.558+0700] {processor.py:179} INFO - Processing /home/ivan123/.local/lib/python3.10/site-packages/airflow/example_dags/example_local_kubernetes_executor.py took 0.165 seconds
[2023-11-19T09:23:23.603+0700] {processor.py:157} INFO - Started process (PID=7905) to work on /home/ivan123/.local/lib/python3.10/site-packages/airflow/example_dags/example_local_kubernetes_executor.py
[2023-11-19T09:23:23.689+0700] {processor.py:829} INFO - Processing file /home/ivan123/.local/lib/python3.10/site-packages/airflow/example_dags/example_local_kubernetes_executor.py for tasks to queue
[2023-11-19T09:23:23.693+0700] {logging_mixin.py:154} INFO - [2023-11-19T09:23:23.691+0700] {dagbag.py:536} INFO - Filling up the DagBag from /home/ivan123/.local/lib/python3.10/site-packages/airflow/example_dags/example_local_kubernetes_executor.py
[2023-11-19T09:23:23.704+0700] {logging_mixin.py:154} INFO - [2023-11-19T09:23:23.703+0700] {example_local_kubernetes_executor.py:39} WARNING - Could not import DAGs in example_local_kubernetes_executor.py
Traceback (most recent call last):
  File "/home/ivan123/.local/lib/python3.10/site-packages/airflow/example_dags/example_local_kubernetes_executor.py", line 37, in <module>
    from kubernetes.client import models as k8s
ModuleNotFoundError: No module named 'kubernetes'
[2023-11-19T09:23:23.705+0700] {logging_mixin.py:154} INFO - [2023-11-19T09:23:23.705+0700] {example_local_kubernetes_executor.py:40} WARNING - Install Kubernetes dependencies with: pip install apache-airflow[cncf.kubernetes]
[2023-11-19T09:23:23.706+0700] {processor.py:841} WARNING - No viable dags retrieved from /home/ivan123/.local/lib/python3.10/site-packages/airflow/example_dags/example_local_kubernetes_executor.py
[2023-11-19T09:23:23.744+0700] {processor.py:179} INFO - Processing /home/ivan123/.local/lib/python3.10/site-packages/airflow/example_dags/example_local_kubernetes_executor.py took 0.145 seconds
[2023-11-19T09:24:42.687+0700] {processor.py:157} INFO - Started process (PID=8280) to work on /home/ivan123/.local/lib/python3.10/site-packages/airflow/example_dags/example_local_kubernetes_executor.py
[2023-11-19T09:24:42.688+0700] {processor.py:829} INFO - Processing file /home/ivan123/.local/lib/python3.10/site-packages/airflow/example_dags/example_local_kubernetes_executor.py for tasks to queue
[2023-11-19T09:24:42.689+0700] {logging_mixin.py:154} INFO - [2023-11-19T09:24:42.689+0700] {dagbag.py:536} INFO - Filling up the DagBag from /home/ivan123/.local/lib/python3.10/site-packages/airflow/example_dags/example_local_kubernetes_executor.py
[2023-11-19T09:24:42.694+0700] {logging_mixin.py:154} INFO - [2023-11-19T09:24:42.693+0700] {example_local_kubernetes_executor.py:39} WARNING - Could not import DAGs in example_local_kubernetes_executor.py
Traceback (most recent call last):
  File "/home/ivan123/.local/lib/python3.10/site-packages/airflow/example_dags/example_local_kubernetes_executor.py", line 37, in <module>
    from kubernetes.client import models as k8s
ModuleNotFoundError: No module named 'kubernetes'
[2023-11-19T09:24:42.694+0700] {logging_mixin.py:154} INFO - [2023-11-19T09:24:42.694+0700] {example_local_kubernetes_executor.py:40} WARNING - Install Kubernetes dependencies with: pip install apache-airflow[cncf.kubernetes]
[2023-11-19T09:24:42.695+0700] {processor.py:841} WARNING - No viable dags retrieved from /home/ivan123/.local/lib/python3.10/site-packages/airflow/example_dags/example_local_kubernetes_executor.py
[2023-11-19T09:24:42.718+0700] {processor.py:179} INFO - Processing /home/ivan123/.local/lib/python3.10/site-packages/airflow/example_dags/example_local_kubernetes_executor.py took 0.033 seconds
[2023-11-19T09:25:52.222+0700] {processor.py:157} INFO - Started process (PID=8437) to work on /home/ivan123/.local/lib/python3.10/site-packages/airflow/example_dags/example_local_kubernetes_executor.py
[2023-11-19T09:25:52.224+0700] {processor.py:829} INFO - Processing file /home/ivan123/.local/lib/python3.10/site-packages/airflow/example_dags/example_local_kubernetes_executor.py for tasks to queue
[2023-11-19T09:25:52.225+0700] {logging_mixin.py:154} INFO - [2023-11-19T09:25:52.224+0700] {dagbag.py:536} INFO - Filling up the DagBag from /home/ivan123/.local/lib/python3.10/site-packages/airflow/example_dags/example_local_kubernetes_executor.py
[2023-11-19T09:25:52.229+0700] {logging_mixin.py:154} INFO - [2023-11-19T09:25:52.228+0700] {example_local_kubernetes_executor.py:39} WARNING - Could not import DAGs in example_local_kubernetes_executor.py
Traceback (most recent call last):
  File "/home/ivan123/.local/lib/python3.10/site-packages/airflow/example_dags/example_local_kubernetes_executor.py", line 37, in <module>
    from kubernetes.client import models as k8s
ModuleNotFoundError: No module named 'kubernetes'
[2023-11-19T09:25:52.229+0700] {logging_mixin.py:154} INFO - [2023-11-19T09:25:52.229+0700] {example_local_kubernetes_executor.py:40} WARNING - Install Kubernetes dependencies with: pip install apache-airflow[cncf.kubernetes]
[2023-11-19T09:25:52.230+0700] {processor.py:841} WARNING - No viable dags retrieved from /home/ivan123/.local/lib/python3.10/site-packages/airflow/example_dags/example_local_kubernetes_executor.py
[2023-11-19T09:25:52.253+0700] {processor.py:179} INFO - Processing /home/ivan123/.local/lib/python3.10/site-packages/airflow/example_dags/example_local_kubernetes_executor.py took 0.033 seconds
[2023-11-19T09:26:41.635+0700] {processor.py:157} INFO - Started process (PID=8654) to work on /home/ivan123/.local/lib/python3.10/site-packages/airflow/example_dags/example_local_kubernetes_executor.py
[2023-11-19T09:26:41.637+0700] {processor.py:829} INFO - Processing file /home/ivan123/.local/lib/python3.10/site-packages/airflow/example_dags/example_local_kubernetes_executor.py for tasks to queue
[2023-11-19T09:26:41.638+0700] {logging_mixin.py:154} INFO - [2023-11-19T09:26:41.638+0700] {dagbag.py:536} INFO - Filling up the DagBag from /home/ivan123/.local/lib/python3.10/site-packages/airflow/example_dags/example_local_kubernetes_executor.py
[2023-11-19T09:26:41.643+0700] {logging_mixin.py:154} INFO - [2023-11-19T09:26:41.642+0700] {example_local_kubernetes_executor.py:39} WARNING - Could not import DAGs in example_local_kubernetes_executor.py
Traceback (most recent call last):
  File "/home/ivan123/.local/lib/python3.10/site-packages/airflow/example_dags/example_local_kubernetes_executor.py", line 37, in <module>
    from kubernetes.client import models as k8s
ModuleNotFoundError: No module named 'kubernetes'
[2023-11-19T09:26:41.643+0700] {logging_mixin.py:154} INFO - [2023-11-19T09:26:41.643+0700] {example_local_kubernetes_executor.py:40} WARNING - Install Kubernetes dependencies with: pip install apache-airflow[cncf.kubernetes]
[2023-11-19T09:26:41.644+0700] {processor.py:841} WARNING - No viable dags retrieved from /home/ivan123/.local/lib/python3.10/site-packages/airflow/example_dags/example_local_kubernetes_executor.py
[2023-11-19T09:26:41.672+0700] {processor.py:179} INFO - Processing /home/ivan123/.local/lib/python3.10/site-packages/airflow/example_dags/example_local_kubernetes_executor.py took 0.040 seconds
[2023-11-19T09:33:43.388+0700] {processor.py:157} INFO - Started process (PID=10139) to work on /home/ivan123/.local/lib/python3.10/site-packages/airflow/example_dags/example_local_kubernetes_executor.py
[2023-11-19T09:33:43.390+0700] {processor.py:829} INFO - Processing file /home/ivan123/.local/lib/python3.10/site-packages/airflow/example_dags/example_local_kubernetes_executor.py for tasks to queue
[2023-11-19T09:33:43.393+0700] {logging_mixin.py:154} INFO - [2023-11-19T09:33:43.392+0700] {dagbag.py:536} INFO - Filling up the DagBag from /home/ivan123/.local/lib/python3.10/site-packages/airflow/example_dags/example_local_kubernetes_executor.py
[2023-11-19T09:33:43.397+0700] {logging_mixin.py:154} INFO - [2023-11-19T09:33:43.397+0700] {example_local_kubernetes_executor.py:39} WARNING - Could not import DAGs in example_local_kubernetes_executor.py
Traceback (most recent call last):
  File "/home/ivan123/.local/lib/python3.10/site-packages/airflow/example_dags/example_local_kubernetes_executor.py", line 37, in <module>
    from kubernetes.client import models as k8s
ModuleNotFoundError: No module named 'kubernetes'
[2023-11-19T09:33:43.398+0700] {logging_mixin.py:154} INFO - [2023-11-19T09:33:43.398+0700] {example_local_kubernetes_executor.py:40} WARNING - Install Kubernetes dependencies with: pip install apache-airflow[cncf.kubernetes]
[2023-11-19T09:33:43.399+0700] {processor.py:841} WARNING - No viable dags retrieved from /home/ivan123/.local/lib/python3.10/site-packages/airflow/example_dags/example_local_kubernetes_executor.py
[2023-11-19T09:33:43.433+0700] {processor.py:179} INFO - Processing /home/ivan123/.local/lib/python3.10/site-packages/airflow/example_dags/example_local_kubernetes_executor.py took 0.048 seconds
[2023-11-19T09:35:18.359+0700] {processor.py:157} INFO - Started process (PID=10737) to work on /home/ivan123/.local/lib/python3.10/site-packages/airflow/example_dags/example_local_kubernetes_executor.py
[2023-11-19T09:35:18.360+0700] {processor.py:829} INFO - Processing file /home/ivan123/.local/lib/python3.10/site-packages/airflow/example_dags/example_local_kubernetes_executor.py for tasks to queue
[2023-11-19T09:35:18.361+0700] {logging_mixin.py:154} INFO - [2023-11-19T09:35:18.361+0700] {dagbag.py:536} INFO - Filling up the DagBag from /home/ivan123/.local/lib/python3.10/site-packages/airflow/example_dags/example_local_kubernetes_executor.py
[2023-11-19T09:35:18.366+0700] {logging_mixin.py:154} INFO - [2023-11-19T09:35:18.365+0700] {example_local_kubernetes_executor.py:39} WARNING - Could not import DAGs in example_local_kubernetes_executor.py
Traceback (most recent call last):
  File "/home/ivan123/.local/lib/python3.10/site-packages/airflow/example_dags/example_local_kubernetes_executor.py", line 37, in <module>
    from kubernetes.client import models as k8s
ModuleNotFoundError: No module named 'kubernetes'
[2023-11-19T09:35:18.367+0700] {logging_mixin.py:154} INFO - [2023-11-19T09:35:18.366+0700] {example_local_kubernetes_executor.py:40} WARNING - Install Kubernetes dependencies with: pip install apache-airflow[cncf.kubernetes]
[2023-11-19T09:35:18.367+0700] {processor.py:841} WARNING - No viable dags retrieved from /home/ivan123/.local/lib/python3.10/site-packages/airflow/example_dags/example_local_kubernetes_executor.py
[2023-11-19T09:35:18.393+0700] {processor.py:179} INFO - Processing /home/ivan123/.local/lib/python3.10/site-packages/airflow/example_dags/example_local_kubernetes_executor.py took 0.037 seconds
[2023-11-19T09:36:30.550+0700] {processor.py:157} INFO - Started process (PID=11025) to work on /home/ivan123/.local/lib/python3.10/site-packages/airflow/example_dags/example_local_kubernetes_executor.py
[2023-11-19T09:36:30.551+0700] {processor.py:829} INFO - Processing file /home/ivan123/.local/lib/python3.10/site-packages/airflow/example_dags/example_local_kubernetes_executor.py for tasks to queue
[2023-11-19T09:36:30.552+0700] {logging_mixin.py:154} INFO - [2023-11-19T09:36:30.552+0700] {dagbag.py:536} INFO - Filling up the DagBag from /home/ivan123/.local/lib/python3.10/site-packages/airflow/example_dags/example_local_kubernetes_executor.py
[2023-11-19T09:36:30.557+0700] {logging_mixin.py:154} INFO - [2023-11-19T09:36:30.557+0700] {example_local_kubernetes_executor.py:39} WARNING - Could not import DAGs in example_local_kubernetes_executor.py
Traceback (most recent call last):
  File "/home/ivan123/.local/lib/python3.10/site-packages/airflow/example_dags/example_local_kubernetes_executor.py", line 37, in <module>
    from kubernetes.client import models as k8s
ModuleNotFoundError: No module named 'kubernetes'
[2023-11-19T09:36:30.558+0700] {logging_mixin.py:154} INFO - [2023-11-19T09:36:30.558+0700] {example_local_kubernetes_executor.py:40} WARNING - Install Kubernetes dependencies with: pip install apache-airflow[cncf.kubernetes]
[2023-11-19T09:36:30.559+0700] {processor.py:841} WARNING - No viable dags retrieved from /home/ivan123/.local/lib/python3.10/site-packages/airflow/example_dags/example_local_kubernetes_executor.py
[2023-11-19T09:36:30.591+0700] {processor.py:179} INFO - Processing /home/ivan123/.local/lib/python3.10/site-packages/airflow/example_dags/example_local_kubernetes_executor.py took 0.044 seconds
[2023-11-19T09:37:39.963+0700] {processor.py:157} INFO - Started process (PID=11620) to work on /home/ivan123/.local/lib/python3.10/site-packages/airflow/example_dags/example_local_kubernetes_executor.py
[2023-11-19T09:37:39.965+0700] {processor.py:829} INFO - Processing file /home/ivan123/.local/lib/python3.10/site-packages/airflow/example_dags/example_local_kubernetes_executor.py for tasks to queue
[2023-11-19T09:37:39.966+0700] {logging_mixin.py:154} INFO - [2023-11-19T09:37:39.966+0700] {dagbag.py:536} INFO - Filling up the DagBag from /home/ivan123/.local/lib/python3.10/site-packages/airflow/example_dags/example_local_kubernetes_executor.py
[2023-11-19T09:37:39.971+0700] {logging_mixin.py:154} INFO - [2023-11-19T09:37:39.970+0700] {example_local_kubernetes_executor.py:39} WARNING - Could not import DAGs in example_local_kubernetes_executor.py
Traceback (most recent call last):
  File "/home/ivan123/.local/lib/python3.10/site-packages/airflow/example_dags/example_local_kubernetes_executor.py", line 37, in <module>
    from kubernetes.client import models as k8s
ModuleNotFoundError: No module named 'kubernetes'
[2023-11-19T09:37:39.971+0700] {logging_mixin.py:154} INFO - [2023-11-19T09:37:39.971+0700] {example_local_kubernetes_executor.py:40} WARNING - Install Kubernetes dependencies with: pip install apache-airflow[cncf.kubernetes]
[2023-11-19T09:37:39.972+0700] {processor.py:841} WARNING - No viable dags retrieved from /home/ivan123/.local/lib/python3.10/site-packages/airflow/example_dags/example_local_kubernetes_executor.py
[2023-11-19T09:37:39.999+0700] {processor.py:179} INFO - Processing /home/ivan123/.local/lib/python3.10/site-packages/airflow/example_dags/example_local_kubernetes_executor.py took 0.040 seconds
[2023-11-19T09:38:54.098+0700] {processor.py:157} INFO - Started process (PID=12280) to work on /home/ivan123/.local/lib/python3.10/site-packages/airflow/example_dags/example_local_kubernetes_executor.py
[2023-11-19T09:38:54.099+0700] {processor.py:829} INFO - Processing file /home/ivan123/.local/lib/python3.10/site-packages/airflow/example_dags/example_local_kubernetes_executor.py for tasks to queue
[2023-11-19T09:38:54.100+0700] {logging_mixin.py:154} INFO - [2023-11-19T09:38:54.099+0700] {dagbag.py:536} INFO - Filling up the DagBag from /home/ivan123/.local/lib/python3.10/site-packages/airflow/example_dags/example_local_kubernetes_executor.py
[2023-11-19T09:38:54.105+0700] {logging_mixin.py:154} INFO - [2023-11-19T09:38:54.104+0700] {example_local_kubernetes_executor.py:39} WARNING - Could not import DAGs in example_local_kubernetes_executor.py
Traceback (most recent call last):
  File "/home/ivan123/.local/lib/python3.10/site-packages/airflow/example_dags/example_local_kubernetes_executor.py", line 37, in <module>
    from kubernetes.client import models as k8s
ModuleNotFoundError: No module named 'kubernetes'
[2023-11-19T09:38:54.105+0700] {logging_mixin.py:154} INFO - [2023-11-19T09:38:54.105+0700] {example_local_kubernetes_executor.py:40} WARNING - Install Kubernetes dependencies with: pip install apache-airflow[cncf.kubernetes]
[2023-11-19T09:38:54.106+0700] {processor.py:841} WARNING - No viable dags retrieved from /home/ivan123/.local/lib/python3.10/site-packages/airflow/example_dags/example_local_kubernetes_executor.py
[2023-11-19T09:38:54.134+0700] {processor.py:179} INFO - Processing /home/ivan123/.local/lib/python3.10/site-packages/airflow/example_dags/example_local_kubernetes_executor.py took 0.039 seconds
[2023-11-19T09:39:59.164+0700] {processor.py:157} INFO - Started process (PID=12807) to work on /home/ivan123/.local/lib/python3.10/site-packages/airflow/example_dags/example_local_kubernetes_executor.py
[2023-11-19T09:39:59.165+0700] {processor.py:829} INFO - Processing file /home/ivan123/.local/lib/python3.10/site-packages/airflow/example_dags/example_local_kubernetes_executor.py for tasks to queue
[2023-11-19T09:39:59.166+0700] {logging_mixin.py:154} INFO - [2023-11-19T09:39:59.166+0700] {dagbag.py:536} INFO - Filling up the DagBag from /home/ivan123/.local/lib/python3.10/site-packages/airflow/example_dags/example_local_kubernetes_executor.py
[2023-11-19T09:39:59.171+0700] {logging_mixin.py:154} INFO - [2023-11-19T09:39:59.171+0700] {example_local_kubernetes_executor.py:39} WARNING - Could not import DAGs in example_local_kubernetes_executor.py
Traceback (most recent call last):
  File "/home/ivan123/.local/lib/python3.10/site-packages/airflow/example_dags/example_local_kubernetes_executor.py", line 37, in <module>
    from kubernetes.client import models as k8s
ModuleNotFoundError: No module named 'kubernetes'
[2023-11-19T09:39:59.172+0700] {logging_mixin.py:154} INFO - [2023-11-19T09:39:59.172+0700] {example_local_kubernetes_executor.py:40} WARNING - Install Kubernetes dependencies with: pip install apache-airflow[cncf.kubernetes]
[2023-11-19T09:39:59.173+0700] {processor.py:841} WARNING - No viable dags retrieved from /home/ivan123/.local/lib/python3.10/site-packages/airflow/example_dags/example_local_kubernetes_executor.py
[2023-11-19T09:39:59.201+0700] {processor.py:179} INFO - Processing /home/ivan123/.local/lib/python3.10/site-packages/airflow/example_dags/example_local_kubernetes_executor.py took 0.040 seconds
[2023-11-19T09:50:51.687+0700] {processor.py:157} INFO - Started process (PID=15458) to work on /mnt/c/Users/ASUS/Desktop/ONLINE_COURSE/Data_Engineering/Spotify_API/new-airflowenv/lib/python3.10/site-packages/airflow/example_dags/example_local_kubernetes_executor.py
[2023-11-19T09:50:51.688+0700] {processor.py:829} INFO - Processing file /mnt/c/Users/ASUS/Desktop/ONLINE_COURSE/Data_Engineering/Spotify_API/new-airflowenv/lib/python3.10/site-packages/airflow/example_dags/example_local_kubernetes_executor.py for tasks to queue
[2023-11-19T09:50:51.689+0700] {logging_mixin.py:154} INFO - [2023-11-19T09:50:51.689+0700] {dagbag.py:536} INFO - Filling up the DagBag from /mnt/c/Users/ASUS/Desktop/ONLINE_COURSE/Data_Engineering/Spotify_API/new-airflowenv/lib/python3.10/site-packages/airflow/example_dags/example_local_kubernetes_executor.py
[2023-11-19T09:50:51.716+0700] {logging_mixin.py:154} INFO - [2023-11-19T09:50:51.712+0700] {example_local_kubernetes_executor.py:39} WARNING - Could not import DAGs in example_local_kubernetes_executor.py
Traceback (most recent call last):
  File "/mnt/c/Users/ASUS/Desktop/ONLINE_COURSE/Data_Engineering/Spotify_API/new-airflowenv/lib/python3.10/site-packages/airflow/example_dags/example_local_kubernetes_executor.py", line 37, in <module>
    from kubernetes.client import models as k8s
ModuleNotFoundError: No module named 'kubernetes'
[2023-11-19T09:50:51.717+0700] {logging_mixin.py:154} INFO - [2023-11-19T09:50:51.717+0700] {example_local_kubernetes_executor.py:40} WARNING - Install Kubernetes dependencies with: pip install apache-airflow[cncf.kubernetes]
[2023-11-19T09:50:51.717+0700] {processor.py:841} WARNING - No viable dags retrieved from /mnt/c/Users/ASUS/Desktop/ONLINE_COURSE/Data_Engineering/Spotify_API/new-airflowenv/lib/python3.10/site-packages/airflow/example_dags/example_local_kubernetes_executor.py
[2023-11-19T09:50:51.745+0700] {processor.py:179} INFO - Processing /mnt/c/Users/ASUS/Desktop/ONLINE_COURSE/Data_Engineering/Spotify_API/new-airflowenv/lib/python3.10/site-packages/airflow/example_dags/example_local_kubernetes_executor.py took 0.061 seconds
[2023-11-19T09:52:45.153+0700] {processor.py:157} INFO - Started process (PID=16270) to work on /home/ivan123/.local/lib/python3.10/site-packages/airflow/example_dags/example_local_kubernetes_executor.py
[2023-11-19T09:52:45.155+0700] {processor.py:829} INFO - Processing file /home/ivan123/.local/lib/python3.10/site-packages/airflow/example_dags/example_local_kubernetes_executor.py for tasks to queue
[2023-11-19T09:52:45.159+0700] {logging_mixin.py:154} INFO - [2023-11-19T09:52:45.157+0700] {dagbag.py:536} INFO - Filling up the DagBag from /home/ivan123/.local/lib/python3.10/site-packages/airflow/example_dags/example_local_kubernetes_executor.py
[2023-11-19T09:52:45.165+0700] {logging_mixin.py:154} INFO - [2023-11-19T09:52:45.165+0700] {example_local_kubernetes_executor.py:39} WARNING - Could not import DAGs in example_local_kubernetes_executor.py
Traceback (most recent call last):
  File "/home/ivan123/.local/lib/python3.10/site-packages/airflow/example_dags/example_local_kubernetes_executor.py", line 37, in <module>
    from kubernetes.client import models as k8s
ModuleNotFoundError: No module named 'kubernetes'
[2023-11-19T09:52:45.166+0700] {logging_mixin.py:154} INFO - [2023-11-19T09:52:45.166+0700] {example_local_kubernetes_executor.py:40} WARNING - Install Kubernetes dependencies with: pip install apache-airflow[cncf.kubernetes]
[2023-11-19T09:52:45.167+0700] {processor.py:841} WARNING - No viable dags retrieved from /home/ivan123/.local/lib/python3.10/site-packages/airflow/example_dags/example_local_kubernetes_executor.py
[2023-11-19T09:52:45.196+0700] {processor.py:179} INFO - Processing /home/ivan123/.local/lib/python3.10/site-packages/airflow/example_dags/example_local_kubernetes_executor.py took 0.048 seconds
