[2023-11-19T09:22:02.264+0700] {processor.py:157} INFO - Started process (PID=7328) to work on /home/ivan123/.local/lib/python3.10/site-packages/airflow/example_dags/example_params_trigger_ui.py
[2023-11-19T09:22:02.265+0700] {processor.py:829} INFO - Processing file /home/ivan123/.local/lib/python3.10/site-packages/airflow/example_dags/example_params_trigger_ui.py for tasks to queue
[2023-11-19T09:22:02.267+0700] {logging_mixin.py:154} INFO - [2023-11-19T09:22:02.267+0700] {dagbag.py:536} INFO - Filling up the DagBag from /home/ivan123/.local/lib/python3.10/site-packages/airflow/example_dags/example_params_trigger_ui.py
[2023-11-19T09:22:02.292+0700] {processor.py:839} INFO - DAG(s) dict_keys(['example_params_trigger_ui']) retrieved from /home/ivan123/.local/lib/python3.10/site-packages/airflow/example_dags/example_params_trigger_ui.py
[2023-11-19T09:22:02.962+0700] {logging_mixin.py:154} INFO - [2023-11-19T09:22:02.962+0700] {manager.py:499} INFO - Created Permission View: %s
[2023-11-19T09:22:03.296+0700] {logging_mixin.py:154} INFO - [2023-11-19T09:22:03.296+0700] {manager.py:499} INFO - Created Permission View: %s
[2023-11-19T09:22:03.893+0700] {logging_mixin.py:154} INFO - [2023-11-19T09:22:03.892+0700] {manager.py:499} INFO - Created Permission View: %s
[2023-11-19T09:22:03.894+0700] {logging_mixin.py:154} INFO - [2023-11-19T09:22:03.894+0700] {dag.py:2941} INFO - Sync 1 DAGs
[2023-11-19T09:22:03.923+0700] {logging_mixin.py:154} INFO - [2023-11-19T09:22:03.922+0700] {dag.py:2963} INFO - Creating ORM DAG for example_params_trigger_ui
[2023-11-19T09:22:03.925+0700] {logging_mixin.py:154} INFO - [2023-11-19T09:22:03.925+0700] {dag.py:3722} INFO - Setting next_dagrun for example_params_trigger_ui to None, run_after=None
[2023-11-19T09:22:04.588+0700] {processor.py:179} INFO - Processing /home/ivan123/.local/lib/python3.10/site-packages/airflow/example_dags/example_params_trigger_ui.py took 2.328 seconds
[2023-11-19T09:24:09.719+0700] {processor.py:157} INFO - Started process (PID=8185) to work on /home/ivan123/.local/lib/python3.10/site-packages/airflow/example_dags/example_params_trigger_ui.py
[2023-11-19T09:24:09.720+0700] {processor.py:829} INFO - Processing file /home/ivan123/.local/lib/python3.10/site-packages/airflow/example_dags/example_params_trigger_ui.py for tasks to queue
[2023-11-19T09:24:09.721+0700] {logging_mixin.py:154} INFO - [2023-11-19T09:24:09.721+0700] {dagbag.py:536} INFO - Filling up the DagBag from /home/ivan123/.local/lib/python3.10/site-packages/airflow/example_dags/example_params_trigger_ui.py
[2023-11-19T09:24:09.735+0700] {processor.py:839} INFO - DAG(s) dict_keys(['example_params_trigger_ui']) retrieved from /home/ivan123/.local/lib/python3.10/site-packages/airflow/example_dags/example_params_trigger_ui.py
[2023-11-19T09:24:09.976+0700] {logging_mixin.py:154} INFO - [2023-11-19T09:24:09.975+0700] {dag.py:2941} INFO - Sync 1 DAGs
[2023-11-19T09:24:09.991+0700] {logging_mixin.py:154} INFO - [2023-11-19T09:24:09.990+0700] {dag.py:3722} INFO - Setting next_dagrun for example_params_trigger_ui to None, run_after=None
[2023-11-19T09:24:10.872+0700] {processor.py:179} INFO - Processing /home/ivan123/.local/lib/python3.10/site-packages/airflow/example_dags/example_params_trigger_ui.py took 1.156 seconds
[2023-11-19T09:26:16.494+0700] {processor.py:157} INFO - Started process (PID=8544) to work on /home/ivan123/.local/lib/python3.10/site-packages/airflow/example_dags/example_params_trigger_ui.py
[2023-11-19T09:26:16.495+0700] {processor.py:829} INFO - Processing file /home/ivan123/.local/lib/python3.10/site-packages/airflow/example_dags/example_params_trigger_ui.py for tasks to queue
[2023-11-19T09:26:16.497+0700] {logging_mixin.py:154} INFO - [2023-11-19T09:26:16.497+0700] {dagbag.py:536} INFO - Filling up the DagBag from /home/ivan123/.local/lib/python3.10/site-packages/airflow/example_dags/example_params_trigger_ui.py
[2023-11-19T09:26:16.512+0700] {processor.py:839} INFO - DAG(s) dict_keys(['example_params_trigger_ui']) retrieved from /home/ivan123/.local/lib/python3.10/site-packages/airflow/example_dags/example_params_trigger_ui.py
[2023-11-19T09:26:16.563+0700] {logging_mixin.py:154} INFO - [2023-11-19T09:26:16.562+0700] {dag.py:2941} INFO - Sync 1 DAGs
[2023-11-19T09:26:16.580+0700] {logging_mixin.py:154} INFO - [2023-11-19T09:26:16.580+0700] {dag.py:3722} INFO - Setting next_dagrun for example_params_trigger_ui to None, run_after=None
[2023-11-19T09:26:16.901+0700] {processor.py:179} INFO - Processing /home/ivan123/.local/lib/python3.10/site-packages/airflow/example_dags/example_params_trigger_ui.py took 0.410 seconds
[2023-11-19T09:34:28.815+0700] {processor.py:157} INFO - Started process (PID=10501) to work on /home/ivan123/.local/lib/python3.10/site-packages/airflow/example_dags/example_params_trigger_ui.py
[2023-11-19T09:34:28.816+0700] {processor.py:829} INFO - Processing file /home/ivan123/.local/lib/python3.10/site-packages/airflow/example_dags/example_params_trigger_ui.py for tasks to queue
[2023-11-19T09:34:28.817+0700] {logging_mixin.py:154} INFO - [2023-11-19T09:34:28.817+0700] {dagbag.py:536} INFO - Filling up the DagBag from /home/ivan123/.local/lib/python3.10/site-packages/airflow/example_dags/example_params_trigger_ui.py
[2023-11-19T09:34:28.833+0700] {processor.py:839} INFO - DAG(s) dict_keys(['example_params_trigger_ui']) retrieved from /home/ivan123/.local/lib/python3.10/site-packages/airflow/example_dags/example_params_trigger_ui.py
[2023-11-19T09:34:28.884+0700] {logging_mixin.py:154} INFO - [2023-11-19T09:34:28.884+0700] {dag.py:2941} INFO - Sync 1 DAGs
[2023-11-19T09:34:28.897+0700] {logging_mixin.py:154} INFO - [2023-11-19T09:34:28.897+0700] {dag.py:3722} INFO - Setting next_dagrun for example_params_trigger_ui to None, run_after=None
[2023-11-19T09:34:29.200+0700] {processor.py:179} INFO - Processing /home/ivan123/.local/lib/python3.10/site-packages/airflow/example_dags/example_params_trigger_ui.py took 0.388 seconds
[2023-11-19T09:36:11.966+0700] {processor.py:157} INFO - Started process (PID=10879) to work on /home/ivan123/.local/lib/python3.10/site-packages/airflow/example_dags/example_params_trigger_ui.py
[2023-11-19T09:36:11.967+0700] {processor.py:829} INFO - Processing file /home/ivan123/.local/lib/python3.10/site-packages/airflow/example_dags/example_params_trigger_ui.py for tasks to queue
[2023-11-19T09:36:11.968+0700] {logging_mixin.py:154} INFO - [2023-11-19T09:36:11.968+0700] {dagbag.py:536} INFO - Filling up the DagBag from /home/ivan123/.local/lib/python3.10/site-packages/airflow/example_dags/example_params_trigger_ui.py
[2023-11-19T09:36:11.983+0700] {processor.py:839} INFO - DAG(s) dict_keys(['example_params_trigger_ui']) retrieved from /home/ivan123/.local/lib/python3.10/site-packages/airflow/example_dags/example_params_trigger_ui.py
[2023-11-19T09:36:12.041+0700] {logging_mixin.py:154} INFO - [2023-11-19T09:36:12.041+0700] {dag.py:2941} INFO - Sync 1 DAGs
[2023-11-19T09:36:12.057+0700] {logging_mixin.py:154} INFO - [2023-11-19T09:36:12.057+0700] {dag.py:3722} INFO - Setting next_dagrun for example_params_trigger_ui to None, run_after=None
[2023-11-19T09:36:12.435+0700] {processor.py:179} INFO - Processing /home/ivan123/.local/lib/python3.10/site-packages/airflow/example_dags/example_params_trigger_ui.py took 0.472 seconds
[2023-11-19T09:38:35.750+0700] {processor.py:157} INFO - Started process (PID=12086) to work on /home/ivan123/.local/lib/python3.10/site-packages/airflow/example_dags/example_params_trigger_ui.py
[2023-11-19T09:38:35.751+0700] {processor.py:829} INFO - Processing file /home/ivan123/.local/lib/python3.10/site-packages/airflow/example_dags/example_params_trigger_ui.py for tasks to queue
[2023-11-19T09:38:35.752+0700] {logging_mixin.py:154} INFO - [2023-11-19T09:38:35.752+0700] {dagbag.py:536} INFO - Filling up the DagBag from /home/ivan123/.local/lib/python3.10/site-packages/airflow/example_dags/example_params_trigger_ui.py
[2023-11-19T09:38:35.768+0700] {processor.py:839} INFO - DAG(s) dict_keys(['example_params_trigger_ui']) retrieved from /home/ivan123/.local/lib/python3.10/site-packages/airflow/example_dags/example_params_trigger_ui.py
[2023-11-19T09:38:35.822+0700] {logging_mixin.py:154} INFO - [2023-11-19T09:38:35.821+0700] {dag.py:2941} INFO - Sync 1 DAGs
[2023-11-19T09:38:35.836+0700] {logging_mixin.py:154} INFO - [2023-11-19T09:38:35.836+0700] {dag.py:3722} INFO - Setting next_dagrun for example_params_trigger_ui to None, run_after=None
[2023-11-19T09:38:36.131+0700] {processor.py:179} INFO - Processing /home/ivan123/.local/lib/python3.10/site-packages/airflow/example_dags/example_params_trigger_ui.py took 0.384 seconds
[2023-11-19T09:50:42.780+0700] {processor.py:157} INFO - Started process (PID=15424) to work on /mnt/c/Users/ASUS/Desktop/ONLINE_COURSE/Data_Engineering/Spotify_API/new-airflowenv/lib/python3.10/site-packages/airflow/example_dags/example_params_trigger_ui.py
[2023-11-19T09:50:42.781+0700] {processor.py:829} INFO - Processing file /mnt/c/Users/ASUS/Desktop/ONLINE_COURSE/Data_Engineering/Spotify_API/new-airflowenv/lib/python3.10/site-packages/airflow/example_dags/example_params_trigger_ui.py for tasks to queue
[2023-11-19T09:50:42.783+0700] {logging_mixin.py:154} INFO - [2023-11-19T09:50:42.782+0700] {dagbag.py:536} INFO - Filling up the DagBag from /mnt/c/Users/ASUS/Desktop/ONLINE_COURSE/Data_Engineering/Spotify_API/new-airflowenv/lib/python3.10/site-packages/airflow/example_dags/example_params_trigger_ui.py
[2023-11-19T09:50:42.847+0700] {processor.py:839} INFO - DAG(s) dict_keys(['example_params_trigger_ui']) retrieved from /mnt/c/Users/ASUS/Desktop/ONLINE_COURSE/Data_Engineering/Spotify_API/new-airflowenv/lib/python3.10/site-packages/airflow/example_dags/example_params_trigger_ui.py
[2023-11-19T09:50:44.749+0700] {logging_mixin.py:154} INFO - [2023-11-19T09:50:44.749+0700] {dag.py:2941} INFO - Sync 1 DAGs
[2023-11-19T09:50:44.766+0700] {logging_mixin.py:154} INFO - [2023-11-19T09:50:44.766+0700] {dag.py:3722} INFO - Setting next_dagrun for example_params_trigger_ui to None, run_after=None
[2023-11-19T09:50:45.173+0700] {processor.py:179} INFO - Processing /mnt/c/Users/ASUS/Desktop/ONLINE_COURSE/Data_Engineering/Spotify_API/new-airflowenv/lib/python3.10/site-packages/airflow/example_dags/example_params_trigger_ui.py took 2.396 seconds
[2023-11-19T09:53:29.378+0700] {processor.py:157} INFO - Started process (PID=16637) to work on /home/ivan123/.local/lib/python3.10/site-packages/airflow/example_dags/example_params_trigger_ui.py
[2023-11-19T09:53:29.379+0700] {processor.py:829} INFO - Processing file /home/ivan123/.local/lib/python3.10/site-packages/airflow/example_dags/example_params_trigger_ui.py for tasks to queue
[2023-11-19T09:53:29.380+0700] {logging_mixin.py:154} INFO - [2023-11-19T09:53:29.380+0700] {dagbag.py:536} INFO - Filling up the DagBag from /home/ivan123/.local/lib/python3.10/site-packages/airflow/example_dags/example_params_trigger_ui.py
[2023-11-19T09:53:29.397+0700] {processor.py:839} INFO - DAG(s) dict_keys(['example_params_trigger_ui']) retrieved from /home/ivan123/.local/lib/python3.10/site-packages/airflow/example_dags/example_params_trigger_ui.py
[2023-11-19T09:53:29.551+0700] {logging_mixin.py:154} INFO - [2023-11-19T09:53:29.551+0700] {dag.py:2941} INFO - Sync 1 DAGs
[2023-11-19T09:53:29.564+0700] {logging_mixin.py:154} INFO - [2023-11-19T09:53:29.564+0700] {dag.py:3722} INFO - Setting next_dagrun for example_params_trigger_ui to None, run_after=None
[2023-11-19T09:53:30.031+0700] {processor.py:179} INFO - Processing /home/ivan123/.local/lib/python3.10/site-packages/airflow/example_dags/example_params_trigger_ui.py took 0.657 seconds
