[2023-11-19T09:20:25.772+0700] {processor.py:157} INFO - Started process (PID=6862) to work on /home/ivan123/.local/lib/python3.10/site-packages/airflow/example_dags/example_dynamic_task_mapping.py
[2023-11-19T09:20:25.773+0700] {processor.py:829} INFO - Processing file /home/ivan123/.local/lib/python3.10/site-packages/airflow/example_dags/example_dynamic_task_mapping.py for tasks to queue
[2023-11-19T09:20:25.774+0700] {logging_mixin.py:154} INFO - [2023-11-19T09:20:25.774+0700] {dagbag.py:536} INFO - Filling up the DagBag from /home/ivan123/.local/lib/python3.10/site-packages/airflow/example_dags/example_dynamic_task_mapping.py
[2023-11-19T09:20:25.975+0700] {processor.py:839} INFO - DAG(s) dict_keys(['example_dynamic_task_mapping']) retrieved from /home/ivan123/.local/lib/python3.10/site-packages/airflow/example_dags/example_dynamic_task_mapping.py
[2023-11-19T09:20:26.544+0700] {logging_mixin.py:154} INFO - [2023-11-19T09:20:26.543+0700] {manager.py:499} INFO - Created Permission View: %s
[2023-11-19T09:20:26.929+0700] {logging_mixin.py:154} INFO - [2023-11-19T09:20:26.928+0700] {manager.py:499} INFO - Created Permission View: %s
[2023-11-19T09:20:27.338+0700] {logging_mixin.py:154} INFO - [2023-11-19T09:20:27.337+0700] {manager.py:499} INFO - Created Permission View: %s
[2023-11-19T09:20:27.339+0700] {logging_mixin.py:154} INFO - [2023-11-19T09:20:27.338+0700] {dag.py:2941} INFO - Sync 1 DAGs
[2023-11-19T09:20:27.362+0700] {logging_mixin.py:154} INFO - [2023-11-19T09:20:27.362+0700] {dag.py:2963} INFO - Creating ORM DAG for example_dynamic_task_mapping
[2023-11-19T09:20:27.381+0700] {logging_mixin.py:154} INFO - [2023-11-19T09:20:27.380+0700] {dag.py:3722} INFO - Setting next_dagrun for example_dynamic_task_mapping to 2022-03-04T00:00:00+00:00, run_after=2022-03-05T00:00:00+00:00
[2023-11-19T09:20:27.962+0700] {processor.py:179} INFO - Processing /home/ivan123/.local/lib/python3.10/site-packages/airflow/example_dags/example_dynamic_task_mapping.py took 2.193 seconds
[2023-11-19T09:23:32.756+0700] {processor.py:157} INFO - Started process (PID=7973) to work on /home/ivan123/.local/lib/python3.10/site-packages/airflow/example_dags/example_dynamic_task_mapping.py
[2023-11-19T09:23:32.771+0700] {processor.py:829} INFO - Processing file /home/ivan123/.local/lib/python3.10/site-packages/airflow/example_dags/example_dynamic_task_mapping.py for tasks to queue
[2023-11-19T09:23:32.777+0700] {logging_mixin.py:154} INFO - [2023-11-19T09:23:32.776+0700] {dagbag.py:536} INFO - Filling up the DagBag from /home/ivan123/.local/lib/python3.10/site-packages/airflow/example_dags/example_dynamic_task_mapping.py
[2023-11-19T09:23:32.798+0700] {processor.py:839} INFO - DAG(s) dict_keys(['example_dynamic_task_mapping']) retrieved from /home/ivan123/.local/lib/python3.10/site-packages/airflow/example_dags/example_dynamic_task_mapping.py
[2023-11-19T09:23:32.873+0700] {logging_mixin.py:154} INFO - [2023-11-19T09:23:32.873+0700] {dag.py:2941} INFO - Sync 1 DAGs
[2023-11-19T09:23:32.900+0700] {logging_mixin.py:154} INFO - [2023-11-19T09:23:32.899+0700] {dag.py:3722} INFO - Setting next_dagrun for example_dynamic_task_mapping to 2022-03-04T00:00:00+00:00, run_after=2022-03-05T00:00:00+00:00
[2023-11-19T09:23:33.225+0700] {processor.py:179} INFO - Processing /home/ivan123/.local/lib/python3.10/site-packages/airflow/example_dags/example_dynamic_task_mapping.py took 0.472 seconds
[2023-11-19T09:24:52.847+0700] {processor.py:157} INFO - Started process (PID=8304) to work on /home/ivan123/.local/lib/python3.10/site-packages/airflow/example_dags/example_dynamic_task_mapping.py
[2023-11-19T09:24:52.849+0700] {processor.py:829} INFO - Processing file /home/ivan123/.local/lib/python3.10/site-packages/airflow/example_dags/example_dynamic_task_mapping.py for tasks to queue
[2023-11-19T09:24:52.850+0700] {logging_mixin.py:154} INFO - [2023-11-19T09:24:52.849+0700] {dagbag.py:536} INFO - Filling up the DagBag from /home/ivan123/.local/lib/python3.10/site-packages/airflow/example_dags/example_dynamic_task_mapping.py
[2023-11-19T09:24:52.857+0700] {processor.py:839} INFO - DAG(s) dict_keys(['example_dynamic_task_mapping']) retrieved from /home/ivan123/.local/lib/python3.10/site-packages/airflow/example_dags/example_dynamic_task_mapping.py
[2023-11-19T09:24:52.884+0700] {logging_mixin.py:154} INFO - [2023-11-19T09:24:52.883+0700] {dag.py:2941} INFO - Sync 1 DAGs
[2023-11-19T09:24:52.910+0700] {logging_mixin.py:154} INFO - [2023-11-19T09:24:52.910+0700] {dag.py:3722} INFO - Setting next_dagrun for example_dynamic_task_mapping to 2022-03-04T00:00:00+00:00, run_after=2022-03-05T00:00:00+00:00
[2023-11-19T09:24:54.529+0700] {processor.py:179} INFO - Processing /home/ivan123/.local/lib/python3.10/site-packages/airflow/example_dags/example_dynamic_task_mapping.py took 1.684 seconds
[2023-11-19T09:26:00.988+0700] {processor.py:157} INFO - Started process (PID=8458) to work on /home/ivan123/.local/lib/python3.10/site-packages/airflow/example_dags/example_dynamic_task_mapping.py
[2023-11-19T09:26:00.989+0700] {processor.py:829} INFO - Processing file /home/ivan123/.local/lib/python3.10/site-packages/airflow/example_dags/example_dynamic_task_mapping.py for tasks to queue
[2023-11-19T09:26:00.990+0700] {logging_mixin.py:154} INFO - [2023-11-19T09:26:00.990+0700] {dagbag.py:536} INFO - Filling up the DagBag from /home/ivan123/.local/lib/python3.10/site-packages/airflow/example_dags/example_dynamic_task_mapping.py
[2023-11-19T09:26:00.997+0700] {processor.py:839} INFO - DAG(s) dict_keys(['example_dynamic_task_mapping']) retrieved from /home/ivan123/.local/lib/python3.10/site-packages/airflow/example_dags/example_dynamic_task_mapping.py
[2023-11-19T09:26:01.026+0700] {logging_mixin.py:154} INFO - [2023-11-19T09:26:01.026+0700] {dag.py:2941} INFO - Sync 1 DAGs
[2023-11-19T09:26:01.053+0700] {logging_mixin.py:154} INFO - [2023-11-19T09:26:01.053+0700] {dag.py:3722} INFO - Setting next_dagrun for example_dynamic_task_mapping to 2022-03-04T00:00:00+00:00, run_after=2022-03-05T00:00:00+00:00
[2023-11-19T09:26:01.345+0700] {processor.py:179} INFO - Processing /home/ivan123/.local/lib/python3.10/site-packages/airflow/example_dags/example_dynamic_task_mapping.py took 0.361 seconds
[2023-11-19T09:33:50.783+0700] {processor.py:157} INFO - Started process (PID=10201) to work on /home/ivan123/.local/lib/python3.10/site-packages/airflow/example_dags/example_dynamic_task_mapping.py
[2023-11-19T09:33:50.784+0700] {processor.py:829} INFO - Processing file /home/ivan123/.local/lib/python3.10/site-packages/airflow/example_dags/example_dynamic_task_mapping.py for tasks to queue
[2023-11-19T09:33:50.785+0700] {logging_mixin.py:154} INFO - [2023-11-19T09:33:50.785+0700] {dagbag.py:536} INFO - Filling up the DagBag from /home/ivan123/.local/lib/python3.10/site-packages/airflow/example_dags/example_dynamic_task_mapping.py
[2023-11-19T09:33:50.799+0700] {processor.py:839} INFO - DAG(s) dict_keys(['example_dynamic_task_mapping']) retrieved from /home/ivan123/.local/lib/python3.10/site-packages/airflow/example_dags/example_dynamic_task_mapping.py
[2023-11-19T09:33:50.834+0700] {logging_mixin.py:154} INFO - [2023-11-19T09:33:50.833+0700] {dag.py:2941} INFO - Sync 1 DAGs
[2023-11-19T09:33:50.870+0700] {logging_mixin.py:154} INFO - [2023-11-19T09:33:50.870+0700] {dag.py:3722} INFO - Setting next_dagrun for example_dynamic_task_mapping to 2022-03-04T00:00:00+00:00, run_after=2022-03-05T00:00:00+00:00
[2023-11-19T09:33:51.147+0700] {processor.py:179} INFO - Processing /home/ivan123/.local/lib/python3.10/site-packages/airflow/example_dags/example_dynamic_task_mapping.py took 0.368 seconds
[2023-11-19T09:35:28.386+0700] {processor.py:157} INFO - Started process (PID=10763) to work on /home/ivan123/.local/lib/python3.10/site-packages/airflow/example_dags/example_dynamic_task_mapping.py
[2023-11-19T09:35:28.388+0700] {processor.py:829} INFO - Processing file /home/ivan123/.local/lib/python3.10/site-packages/airflow/example_dags/example_dynamic_task_mapping.py for tasks to queue
[2023-11-19T09:35:28.389+0700] {logging_mixin.py:154} INFO - [2023-11-19T09:35:28.389+0700] {dagbag.py:536} INFO - Filling up the DagBag from /home/ivan123/.local/lib/python3.10/site-packages/airflow/example_dags/example_dynamic_task_mapping.py
[2023-11-19T09:35:28.397+0700] {processor.py:839} INFO - DAG(s) dict_keys(['example_dynamic_task_mapping']) retrieved from /home/ivan123/.local/lib/python3.10/site-packages/airflow/example_dags/example_dynamic_task_mapping.py
[2023-11-19T09:35:28.427+0700] {logging_mixin.py:154} INFO - [2023-11-19T09:35:28.426+0700] {dag.py:2941} INFO - Sync 1 DAGs
[2023-11-19T09:35:28.453+0700] {logging_mixin.py:154} INFO - [2023-11-19T09:35:28.453+0700] {dag.py:3722} INFO - Setting next_dagrun for example_dynamic_task_mapping to 2022-03-04T00:00:00+00:00, run_after=2022-03-05T00:00:00+00:00
[2023-11-19T09:35:29.283+0700] {processor.py:179} INFO - Processing /home/ivan123/.local/lib/python3.10/site-packages/airflow/example_dags/example_dynamic_task_mapping.py took 0.900 seconds
[2023-11-19T09:36:39.652+0700] {processor.py:157} INFO - Started process (PID=11108) to work on /home/ivan123/.local/lib/python3.10/site-packages/airflow/example_dags/example_dynamic_task_mapping.py
[2023-11-19T09:36:39.653+0700] {processor.py:829} INFO - Processing file /home/ivan123/.local/lib/python3.10/site-packages/airflow/example_dags/example_dynamic_task_mapping.py for tasks to queue
[2023-11-19T09:36:39.654+0700] {logging_mixin.py:154} INFO - [2023-11-19T09:36:39.654+0700] {dagbag.py:536} INFO - Filling up the DagBag from /home/ivan123/.local/lib/python3.10/site-packages/airflow/example_dags/example_dynamic_task_mapping.py
[2023-11-19T09:36:39.661+0700] {processor.py:839} INFO - DAG(s) dict_keys(['example_dynamic_task_mapping']) retrieved from /home/ivan123/.local/lib/python3.10/site-packages/airflow/example_dags/example_dynamic_task_mapping.py
[2023-11-19T09:36:39.691+0700] {logging_mixin.py:154} INFO - [2023-11-19T09:36:39.691+0700] {dag.py:2941} INFO - Sync 1 DAGs
[2023-11-19T09:36:39.722+0700] {logging_mixin.py:154} INFO - [2023-11-19T09:36:39.721+0700] {dag.py:3722} INFO - Setting next_dagrun for example_dynamic_task_mapping to 2022-03-04T00:00:00+00:00, run_after=2022-03-05T00:00:00+00:00
[2023-11-19T09:36:40.250+0700] {processor.py:179} INFO - Processing /home/ivan123/.local/lib/python3.10/site-packages/airflow/example_dags/example_dynamic_task_mapping.py took 0.602 seconds
[2023-11-19T09:37:54.568+0700] {processor.py:157} INFO - Started process (PID=11749) to work on /home/ivan123/.local/lib/python3.10/site-packages/airflow/example_dags/example_dynamic_task_mapping.py
[2023-11-19T09:37:54.570+0700] {processor.py:829} INFO - Processing file /home/ivan123/.local/lib/python3.10/site-packages/airflow/example_dags/example_dynamic_task_mapping.py for tasks to queue
[2023-11-19T09:37:54.571+0700] {logging_mixin.py:154} INFO - [2023-11-19T09:37:54.570+0700] {dagbag.py:536} INFO - Filling up the DagBag from /home/ivan123/.local/lib/python3.10/site-packages/airflow/example_dags/example_dynamic_task_mapping.py
[2023-11-19T09:37:54.578+0700] {processor.py:839} INFO - DAG(s) dict_keys(['example_dynamic_task_mapping']) retrieved from /home/ivan123/.local/lib/python3.10/site-packages/airflow/example_dags/example_dynamic_task_mapping.py
[2023-11-19T09:37:54.606+0700] {logging_mixin.py:154} INFO - [2023-11-19T09:37:54.606+0700] {dag.py:2941} INFO - Sync 1 DAGs
[2023-11-19T09:37:54.633+0700] {logging_mixin.py:154} INFO - [2023-11-19T09:37:54.633+0700] {dag.py:3722} INFO - Setting next_dagrun for example_dynamic_task_mapping to 2022-03-04T00:00:00+00:00, run_after=2022-03-05T00:00:00+00:00
[2023-11-19T09:37:56.636+0700] {processor.py:179} INFO - Processing /home/ivan123/.local/lib/python3.10/site-packages/airflow/example_dags/example_dynamic_task_mapping.py took 2.071 seconds
[2023-11-19T09:39:04.019+0700] {processor.py:157} INFO - Started process (PID=12363) to work on /home/ivan123/.local/lib/python3.10/site-packages/airflow/example_dags/example_dynamic_task_mapping.py
[2023-11-19T09:39:04.020+0700] {processor.py:829} INFO - Processing file /home/ivan123/.local/lib/python3.10/site-packages/airflow/example_dags/example_dynamic_task_mapping.py for tasks to queue
[2023-11-19T09:39:04.021+0700] {logging_mixin.py:154} INFO - [2023-11-19T09:39:04.021+0700] {dagbag.py:536} INFO - Filling up the DagBag from /home/ivan123/.local/lib/python3.10/site-packages/airflow/example_dags/example_dynamic_task_mapping.py
[2023-11-19T09:39:04.029+0700] {processor.py:839} INFO - DAG(s) dict_keys(['example_dynamic_task_mapping']) retrieved from /home/ivan123/.local/lib/python3.10/site-packages/airflow/example_dags/example_dynamic_task_mapping.py
[2023-11-19T09:39:04.058+0700] {logging_mixin.py:154} INFO - [2023-11-19T09:39:04.058+0700] {dag.py:2941} INFO - Sync 1 DAGs
[2023-11-19T09:39:04.087+0700] {logging_mixin.py:154} INFO - [2023-11-19T09:39:04.087+0700] {dag.py:3722} INFO - Setting next_dagrun for example_dynamic_task_mapping to 2022-03-04T00:00:00+00:00, run_after=2022-03-05T00:00:00+00:00
[2023-11-19T09:39:04.941+0700] {processor.py:179} INFO - Processing /home/ivan123/.local/lib/python3.10/site-packages/airflow/example_dags/example_dynamic_task_mapping.py took 0.925 seconds
[2023-11-19T09:40:10.942+0700] {processor.py:157} INFO - Started process (PID=12837) to work on /home/ivan123/.local/lib/python3.10/site-packages/airflow/example_dags/example_dynamic_task_mapping.py
[2023-11-19T09:40:10.943+0700] {processor.py:829} INFO - Processing file /home/ivan123/.local/lib/python3.10/site-packages/airflow/example_dags/example_dynamic_task_mapping.py for tasks to queue
[2023-11-19T09:40:10.944+0700] {logging_mixin.py:154} INFO - [2023-11-19T09:40:10.944+0700] {dagbag.py:536} INFO - Filling up the DagBag from /home/ivan123/.local/lib/python3.10/site-packages/airflow/example_dags/example_dynamic_task_mapping.py
[2023-11-19T09:40:10.952+0700] {processor.py:839} INFO - DAG(s) dict_keys(['example_dynamic_task_mapping']) retrieved from /home/ivan123/.local/lib/python3.10/site-packages/airflow/example_dags/example_dynamic_task_mapping.py
[2023-11-19T09:40:10.985+0700] {logging_mixin.py:154} INFO - [2023-11-19T09:40:10.985+0700] {dag.py:2941} INFO - Sync 1 DAGs
[2023-11-19T09:40:11.015+0700] {logging_mixin.py:154} INFO - [2023-11-19T09:40:11.015+0700] {dag.py:3722} INFO - Setting next_dagrun for example_dynamic_task_mapping to 2022-03-04T00:00:00+00:00, run_after=2022-03-05T00:00:00+00:00
[2023-11-19T09:40:12.363+0700] {processor.py:179} INFO - Processing /home/ivan123/.local/lib/python3.10/site-packages/airflow/example_dags/example_dynamic_task_mapping.py took 1.424 seconds
[2023-11-19T09:51:07.751+0700] {processor.py:157} INFO - Started process (PID=15548) to work on /mnt/c/Users/ASUS/Desktop/ONLINE_COURSE/Data_Engineering/Spotify_API/new-airflowenv/lib/python3.10/site-packages/airflow/example_dags/example_dynamic_task_mapping.py
[2023-11-19T09:51:07.752+0700] {processor.py:829} INFO - Processing file /mnt/c/Users/ASUS/Desktop/ONLINE_COURSE/Data_Engineering/Spotify_API/new-airflowenv/lib/python3.10/site-packages/airflow/example_dags/example_dynamic_task_mapping.py for tasks to queue
[2023-11-19T09:51:07.753+0700] {logging_mixin.py:154} INFO - [2023-11-19T09:51:07.753+0700] {dagbag.py:536} INFO - Filling up the DagBag from /mnt/c/Users/ASUS/Desktop/ONLINE_COURSE/Data_Engineering/Spotify_API/new-airflowenv/lib/python3.10/site-packages/airflow/example_dags/example_dynamic_task_mapping.py
[2023-11-19T09:51:07.784+0700] {processor.py:839} INFO - DAG(s) dict_keys(['example_dynamic_task_mapping']) retrieved from /mnt/c/Users/ASUS/Desktop/ONLINE_COURSE/Data_Engineering/Spotify_API/new-airflowenv/lib/python3.10/site-packages/airflow/example_dags/example_dynamic_task_mapping.py
[2023-11-19T09:51:09.342+0700] {logging_mixin.py:154} INFO - [2023-11-19T09:51:09.341+0700] {dag.py:2941} INFO - Sync 1 DAGs
[2023-11-19T09:51:09.370+0700] {logging_mixin.py:154} INFO - [2023-11-19T09:51:09.369+0700] {dag.py:3722} INFO - Setting next_dagrun for example_dynamic_task_mapping to 2022-03-04T00:00:00+00:00, run_after=2022-03-05T00:00:00+00:00
[2023-11-19T09:51:09.852+0700] {processor.py:179} INFO - Processing /mnt/c/Users/ASUS/Desktop/ONLINE_COURSE/Data_Engineering/Spotify_API/new-airflowenv/lib/python3.10/site-packages/airflow/example_dags/example_dynamic_task_mapping.py took 2.104 seconds
[2023-11-19T09:52:54.256+0700] {processor.py:157} INFO - Started process (PID=16340) to work on /home/ivan123/.local/lib/python3.10/site-packages/airflow/example_dags/example_dynamic_task_mapping.py
[2023-11-19T09:52:54.257+0700] {processor.py:829} INFO - Processing file /home/ivan123/.local/lib/python3.10/site-packages/airflow/example_dags/example_dynamic_task_mapping.py for tasks to queue
[2023-11-19T09:52:54.258+0700] {logging_mixin.py:154} INFO - [2023-11-19T09:52:54.258+0700] {dagbag.py:536} INFO - Filling up the DagBag from /home/ivan123/.local/lib/python3.10/site-packages/airflow/example_dags/example_dynamic_task_mapping.py
[2023-11-19T09:52:54.268+0700] {processor.py:839} INFO - DAG(s) dict_keys(['example_dynamic_task_mapping']) retrieved from /home/ivan123/.local/lib/python3.10/site-packages/airflow/example_dags/example_dynamic_task_mapping.py
[2023-11-19T09:52:54.383+0700] {logging_mixin.py:154} INFO - [2023-11-19T09:52:54.382+0700] {dag.py:2941} INFO - Sync 1 DAGs
[2023-11-19T09:52:54.406+0700] {logging_mixin.py:154} INFO - [2023-11-19T09:52:54.406+0700] {dag.py:3722} INFO - Setting next_dagrun for example_dynamic_task_mapping to 2022-03-04T00:00:00+00:00, run_after=2022-03-05T00:00:00+00:00
[2023-11-19T09:52:54.919+0700] {processor.py:179} INFO - Processing /home/ivan123/.local/lib/python3.10/site-packages/airflow/example_dags/example_dynamic_task_mapping.py took 0.666 seconds
