[2023-11-19T09:23:00.274+0700] {processor.py:157} INFO - Started process (PID=7712) to work on /home/ivan123/.local/lib/python3.10/site-packages/airflow/example_dags/example_dynamic_task_mapping_with_no_taskflow_operators.py
[2023-11-19T09:23:00.276+0700] {processor.py:829} INFO - Processing file /home/ivan123/.local/lib/python3.10/site-packages/airflow/example_dags/example_dynamic_task_mapping_with_no_taskflow_operators.py for tasks to queue
[2023-11-19T09:23:00.278+0700] {logging_mixin.py:154} INFO - [2023-11-19T09:23:00.277+0700] {dagbag.py:536} INFO - Filling up the DagBag from /home/ivan123/.local/lib/python3.10/site-packages/airflow/example_dags/example_dynamic_task_mapping_with_no_taskflow_operators.py
[2023-11-19T09:23:00.329+0700] {processor.py:839} INFO - DAG(s) dict_keys(['example_dynamic_task_mapping_with_no_taskflow_operators']) retrieved from /home/ivan123/.local/lib/python3.10/site-packages/airflow/example_dags/example_dynamic_task_mapping_with_no_taskflow_operators.py
[2023-11-19T09:23:01.143+0700] {logging_mixin.py:154} INFO - [2023-11-19T09:23:01.143+0700] {manager.py:499} INFO - Created Permission View: %s
[2023-11-19T09:23:01.561+0700] {logging_mixin.py:154} INFO - [2023-11-19T09:23:01.560+0700] {manager.py:499} INFO - Created Permission View: %s
[2023-11-19T09:23:02.042+0700] {logging_mixin.py:154} INFO - [2023-11-19T09:23:02.042+0700] {manager.py:499} INFO - Created Permission View: %s
[2023-11-19T09:23:02.043+0700] {logging_mixin.py:154} INFO - [2023-11-19T09:23:02.043+0700] {dag.py:2941} INFO - Sync 1 DAGs
[2023-11-19T09:23:02.065+0700] {logging_mixin.py:154} INFO - [2023-11-19T09:23:02.065+0700] {dag.py:2963} INFO - Creating ORM DAG for example_dynamic_task_mapping_with_no_taskflow_operators
[2023-11-19T09:23:02.078+0700] {logging_mixin.py:154} INFO - [2023-11-19T09:23:02.078+0700] {dag.py:3722} INFO - Setting next_dagrun for example_dynamic_task_mapping_with_no_taskflow_operators to 2023-11-18T02:23:02.078362+00:00, run_after=2023-11-19T02:23:02.078362+00:00
[2023-11-19T09:23:02.864+0700] {processor.py:179} INFO - Processing /home/ivan123/.local/lib/python3.10/site-packages/airflow/example_dags/example_dynamic_task_mapping_with_no_taskflow_operators.py took 2.593 seconds
[2023-11-19T09:25:36.825+0700] {processor.py:157} INFO - Started process (PID=8395) to work on /home/ivan123/.local/lib/python3.10/site-packages/airflow/example_dags/example_dynamic_task_mapping_with_no_taskflow_operators.py
[2023-11-19T09:25:36.826+0700] {processor.py:829} INFO - Processing file /home/ivan123/.local/lib/python3.10/site-packages/airflow/example_dags/example_dynamic_task_mapping_with_no_taskflow_operators.py for tasks to queue
[2023-11-19T09:25:36.827+0700] {logging_mixin.py:154} INFO - [2023-11-19T09:25:36.826+0700] {dagbag.py:536} INFO - Filling up the DagBag from /home/ivan123/.local/lib/python3.10/site-packages/airflow/example_dags/example_dynamic_task_mapping_with_no_taskflow_operators.py
[2023-11-19T09:25:36.833+0700] {processor.py:839} INFO - DAG(s) dict_keys(['example_dynamic_task_mapping_with_no_taskflow_operators']) retrieved from /home/ivan123/.local/lib/python3.10/site-packages/airflow/example_dags/example_dynamic_task_mapping_with_no_taskflow_operators.py
[2023-11-19T09:25:36.860+0700] {logging_mixin.py:154} INFO - [2023-11-19T09:25:36.860+0700] {dag.py:2941} INFO - Sync 1 DAGs
[2023-11-19T09:25:36.887+0700] {logging_mixin.py:154} INFO - [2023-11-19T09:25:36.887+0700] {dag.py:3722} INFO - Setting next_dagrun for example_dynamic_task_mapping_with_no_taskflow_operators to 2023-11-18T02:25:36.887194+00:00, run_after=2023-11-19T02:25:36.887194+00:00
[2023-11-19T09:25:38.565+0700] {processor.py:179} INFO - Processing /home/ivan123/.local/lib/python3.10/site-packages/airflow/example_dags/example_dynamic_task_mapping_with_no_taskflow_operators.py took 1.743 seconds
[2023-11-19T09:35:01.018+0700] {processor.py:157} INFO - Started process (PID=10639) to work on /home/ivan123/.local/lib/python3.10/site-packages/airflow/example_dags/example_dynamic_task_mapping_with_no_taskflow_operators.py
[2023-11-19T09:35:01.019+0700] {processor.py:829} INFO - Processing file /home/ivan123/.local/lib/python3.10/site-packages/airflow/example_dags/example_dynamic_task_mapping_with_no_taskflow_operators.py for tasks to queue
[2023-11-19T09:35:01.021+0700] {logging_mixin.py:154} INFO - [2023-11-19T09:35:01.020+0700] {dagbag.py:536} INFO - Filling up the DagBag from /home/ivan123/.local/lib/python3.10/site-packages/airflow/example_dags/example_dynamic_task_mapping_with_no_taskflow_operators.py
[2023-11-19T09:35:01.031+0700] {processor.py:839} INFO - DAG(s) dict_keys(['example_dynamic_task_mapping_with_no_taskflow_operators']) retrieved from /home/ivan123/.local/lib/python3.10/site-packages/airflow/example_dags/example_dynamic_task_mapping_with_no_taskflow_operators.py
[2023-11-19T09:35:01.057+0700] {logging_mixin.py:154} INFO - [2023-11-19T09:35:01.057+0700] {dag.py:2941} INFO - Sync 1 DAGs
[2023-11-19T09:35:01.084+0700] {logging_mixin.py:154} INFO - [2023-11-19T09:35:01.083+0700] {dag.py:3722} INFO - Setting next_dagrun for example_dynamic_task_mapping_with_no_taskflow_operators to 2023-11-18T02:35:01.083624+00:00, run_after=2023-11-19T02:35:01.083624+00:00
[2023-11-19T09:35:01.412+0700] {processor.py:179} INFO - Processing /home/ivan123/.local/lib/python3.10/site-packages/airflow/example_dags/example_dynamic_task_mapping_with_no_taskflow_operators.py took 0.397 seconds
[2023-11-19T09:37:22.785+0700] {processor.py:157} INFO - Started process (PID=11486) to work on /home/ivan123/.local/lib/python3.10/site-packages/airflow/example_dags/example_dynamic_task_mapping_with_no_taskflow_operators.py
[2023-11-19T09:37:22.786+0700] {processor.py:829} INFO - Processing file /home/ivan123/.local/lib/python3.10/site-packages/airflow/example_dags/example_dynamic_task_mapping_with_no_taskflow_operators.py for tasks to queue
[2023-11-19T09:37:22.787+0700] {logging_mixin.py:154} INFO - [2023-11-19T09:37:22.787+0700] {dagbag.py:536} INFO - Filling up the DagBag from /home/ivan123/.local/lib/python3.10/site-packages/airflow/example_dags/example_dynamic_task_mapping_with_no_taskflow_operators.py
[2023-11-19T09:37:22.795+0700] {processor.py:839} INFO - DAG(s) dict_keys(['example_dynamic_task_mapping_with_no_taskflow_operators']) retrieved from /home/ivan123/.local/lib/python3.10/site-packages/airflow/example_dags/example_dynamic_task_mapping_with_no_taskflow_operators.py
[2023-11-19T09:37:22.823+0700] {logging_mixin.py:154} INFO - [2023-11-19T09:37:22.823+0700] {dag.py:2941} INFO - Sync 1 DAGs
[2023-11-19T09:37:22.851+0700] {logging_mixin.py:154} INFO - [2023-11-19T09:37:22.851+0700] {dag.py:3722} INFO - Setting next_dagrun for example_dynamic_task_mapping_with_no_taskflow_operators to 2023-11-18T02:37:22.850986+00:00, run_after=2023-11-19T02:37:22.850986+00:00
[2023-11-19T09:37:24.099+0700] {processor.py:179} INFO - Processing /home/ivan123/.local/lib/python3.10/site-packages/airflow/example_dags/example_dynamic_task_mapping_with_no_taskflow_operators.py took 1.317 seconds
[2023-11-19T09:39:42.073+0700] {processor.py:157} INFO - Started process (PID=12677) to work on /home/ivan123/.local/lib/python3.10/site-packages/airflow/example_dags/example_dynamic_task_mapping_with_no_taskflow_operators.py
[2023-11-19T09:39:42.074+0700] {processor.py:829} INFO - Processing file /home/ivan123/.local/lib/python3.10/site-packages/airflow/example_dags/example_dynamic_task_mapping_with_no_taskflow_operators.py for tasks to queue
[2023-11-19T09:39:42.076+0700] {logging_mixin.py:154} INFO - [2023-11-19T09:39:42.075+0700] {dagbag.py:536} INFO - Filling up the DagBag from /home/ivan123/.local/lib/python3.10/site-packages/airflow/example_dags/example_dynamic_task_mapping_with_no_taskflow_operators.py
[2023-11-19T09:39:42.090+0700] {processor.py:839} INFO - DAG(s) dict_keys(['example_dynamic_task_mapping_with_no_taskflow_operators']) retrieved from /home/ivan123/.local/lib/python3.10/site-packages/airflow/example_dags/example_dynamic_task_mapping_with_no_taskflow_operators.py
[2023-11-19T09:39:42.126+0700] {logging_mixin.py:154} INFO - [2023-11-19T09:39:42.126+0700] {dag.py:2941} INFO - Sync 1 DAGs
[2023-11-19T09:39:42.157+0700] {logging_mixin.py:154} INFO - [2023-11-19T09:39:42.157+0700] {dag.py:3722} INFO - Setting next_dagrun for example_dynamic_task_mapping_with_no_taskflow_operators to 2023-11-18T02:39:42.157545+00:00, run_after=2023-11-19T02:39:42.157545+00:00
[2023-11-19T09:39:42.489+0700] {processor.py:179} INFO - Processing /home/ivan123/.local/lib/python3.10/site-packages/airflow/example_dags/example_dynamic_task_mapping_with_no_taskflow_operators.py took 0.419 seconds
[2023-11-19T09:51:03.852+0700] {processor.py:157} INFO - Started process (PID=15526) to work on /mnt/c/Users/ASUS/Desktop/ONLINE_COURSE/Data_Engineering/Spotify_API/new-airflowenv/lib/python3.10/site-packages/airflow/example_dags/example_dynamic_task_mapping_with_no_taskflow_operators.py
[2023-11-19T09:51:03.854+0700] {processor.py:829} INFO - Processing file /mnt/c/Users/ASUS/Desktop/ONLINE_COURSE/Data_Engineering/Spotify_API/new-airflowenv/lib/python3.10/site-packages/airflow/example_dags/example_dynamic_task_mapping_with_no_taskflow_operators.py for tasks to queue
[2023-11-19T09:51:03.856+0700] {logging_mixin.py:154} INFO - [2023-11-19T09:51:03.855+0700] {dagbag.py:536} INFO - Filling up the DagBag from /mnt/c/Users/ASUS/Desktop/ONLINE_COURSE/Data_Engineering/Spotify_API/new-airflowenv/lib/python3.10/site-packages/airflow/example_dags/example_dynamic_task_mapping_with_no_taskflow_operators.py
[2023-11-19T09:51:03.894+0700] {processor.py:839} INFO - DAG(s) dict_keys(['example_dynamic_task_mapping_with_no_taskflow_operators']) retrieved from /mnt/c/Users/ASUS/Desktop/ONLINE_COURSE/Data_Engineering/Spotify_API/new-airflowenv/lib/python3.10/site-packages/airflow/example_dags/example_dynamic_task_mapping_with_no_taskflow_operators.py
[2023-11-19T09:51:05.579+0700] {logging_mixin.py:154} INFO - [2023-11-19T09:51:05.579+0700] {dag.py:2941} INFO - Sync 1 DAGs
[2023-11-19T09:51:05.611+0700] {logging_mixin.py:154} INFO - [2023-11-19T09:51:05.611+0700] {dag.py:3722} INFO - Setting next_dagrun for example_dynamic_task_mapping_with_no_taskflow_operators to 2023-11-18T02:51:05.611400+00:00, run_after=2023-11-19T02:51:05.611400+00:00
[2023-11-19T09:51:06.125+0700] {processor.py:179} INFO - Processing /mnt/c/Users/ASUS/Desktop/ONLINE_COURSE/Data_Engineering/Spotify_API/new-airflowenv/lib/python3.10/site-packages/airflow/example_dags/example_dynamic_task_mapping_with_no_taskflow_operators.py took 2.276 seconds
