[2023-11-19T09:22:11.803+0700] {processor.py:157} INFO - Started process (PID=7380) to work on /home/ivan123/.local/lib/python3.10/site-packages/airflow/example_dags/example_latest_only_with_trigger.py
[2023-11-19T09:22:11.804+0700] {processor.py:829} INFO - Processing file /home/ivan123/.local/lib/python3.10/site-packages/airflow/example_dags/example_latest_only_with_trigger.py for tasks to queue
[2023-11-19T09:22:11.806+0700] {logging_mixin.py:154} INFO - [2023-11-19T09:22:11.805+0700] {dagbag.py:536} INFO - Filling up the DagBag from /home/ivan123/.local/lib/python3.10/site-packages/airflow/example_dags/example_latest_only_with_trigger.py
[2023-11-19T09:22:11.815+0700] {processor.py:839} INFO - DAG(s) dict_keys(['latest_only_with_trigger']) retrieved from /home/ivan123/.local/lib/python3.10/site-packages/airflow/example_dags/example_latest_only_with_trigger.py
[2023-11-19T09:22:12.376+0700] {logging_mixin.py:154} INFO - [2023-11-19T09:22:12.375+0700] {manager.py:499} INFO - Created Permission View: %s
[2023-11-19T09:22:12.569+0700] {logging_mixin.py:154} INFO - [2023-11-19T09:22:12.569+0700] {manager.py:499} INFO - Created Permission View: %s
[2023-11-19T09:22:12.931+0700] {logging_mixin.py:154} INFO - [2023-11-19T09:22:12.930+0700] {manager.py:499} INFO - Created Permission View: %s
[2023-11-19T09:22:12.931+0700] {logging_mixin.py:154} INFO - [2023-11-19T09:22:12.931+0700] {dag.py:2941} INFO - Sync 1 DAGs
[2023-11-19T09:22:12.953+0700] {logging_mixin.py:154} INFO - [2023-11-19T09:22:12.953+0700] {dag.py:2963} INFO - Creating ORM DAG for latest_only_with_trigger
[2023-11-19T09:22:12.967+0700] {logging_mixin.py:154} INFO - [2023-11-19T09:22:12.967+0700] {dag.py:3722} INFO - Setting next_dagrun for latest_only_with_trigger to 2023-11-18T22:22:12.967259+00:00, run_after=2023-11-19T02:22:12.967259+00:00
[2023-11-19T09:22:13.564+0700] {processor.py:179} INFO - Processing /home/ivan123/.local/lib/python3.10/site-packages/airflow/example_dags/example_latest_only_with_trigger.py took 1.763 seconds
[2023-11-19T09:24:15.776+0700] {processor.py:157} INFO - Started process (PID=8194) to work on /home/ivan123/.local/lib/python3.10/site-packages/airflow/example_dags/example_latest_only_with_trigger.py
[2023-11-19T09:24:15.777+0700] {processor.py:829} INFO - Processing file /home/ivan123/.local/lib/python3.10/site-packages/airflow/example_dags/example_latest_only_with_trigger.py for tasks to queue
[2023-11-19T09:24:15.778+0700] {logging_mixin.py:154} INFO - [2023-11-19T09:24:15.778+0700] {dagbag.py:536} INFO - Filling up the DagBag from /home/ivan123/.local/lib/python3.10/site-packages/airflow/example_dags/example_latest_only_with_trigger.py
[2023-11-19T09:24:15.785+0700] {processor.py:839} INFO - DAG(s) dict_keys(['latest_only_with_trigger']) retrieved from /home/ivan123/.local/lib/python3.10/site-packages/airflow/example_dags/example_latest_only_with_trigger.py
[2023-11-19T09:24:15.811+0700] {logging_mixin.py:154} INFO - [2023-11-19T09:24:15.811+0700] {dag.py:2941} INFO - Sync 1 DAGs
[2023-11-19T09:24:15.839+0700] {logging_mixin.py:154} INFO - [2023-11-19T09:24:15.839+0700] {dag.py:3722} INFO - Setting next_dagrun for latest_only_with_trigger to 2023-11-18T22:24:15.839000+00:00, run_after=2023-11-19T02:24:15.839000+00:00
[2023-11-19T09:24:17.301+0700] {processor.py:179} INFO - Processing /home/ivan123/.local/lib/python3.10/site-packages/airflow/example_dags/example_latest_only_with_trigger.py took 1.528 seconds
[2023-11-19T09:26:21.425+0700] {processor.py:157} INFO - Started process (PID=8568) to work on /home/ivan123/.local/lib/python3.10/site-packages/airflow/example_dags/example_latest_only_with_trigger.py
[2023-11-19T09:26:21.426+0700] {processor.py:829} INFO - Processing file /home/ivan123/.local/lib/python3.10/site-packages/airflow/example_dags/example_latest_only_with_trigger.py for tasks to queue
[2023-11-19T09:26:21.427+0700] {logging_mixin.py:154} INFO - [2023-11-19T09:26:21.427+0700] {dagbag.py:536} INFO - Filling up the DagBag from /home/ivan123/.local/lib/python3.10/site-packages/airflow/example_dags/example_latest_only_with_trigger.py
[2023-11-19T09:26:21.434+0700] {processor.py:839} INFO - DAG(s) dict_keys(['latest_only_with_trigger']) retrieved from /home/ivan123/.local/lib/python3.10/site-packages/airflow/example_dags/example_latest_only_with_trigger.py
[2023-11-19T09:26:21.466+0700] {logging_mixin.py:154} INFO - [2023-11-19T09:26:21.466+0700] {dag.py:2941} INFO - Sync 1 DAGs
[2023-11-19T09:26:21.494+0700] {logging_mixin.py:154} INFO - [2023-11-19T09:26:21.494+0700] {dag.py:3722} INFO - Setting next_dagrun for latest_only_with_trigger to 2023-11-18T22:26:21.494221+00:00, run_after=2023-11-19T02:26:21.494221+00:00
[2023-11-19T09:26:21.876+0700] {processor.py:179} INFO - Processing /home/ivan123/.local/lib/python3.10/site-packages/airflow/example_dags/example_latest_only_with_trigger.py took 0.454 seconds
[2023-11-19T09:34:32.871+0700] {processor.py:157} INFO - Started process (PID=10546) to work on /home/ivan123/.local/lib/python3.10/site-packages/airflow/example_dags/example_latest_only_with_trigger.py
[2023-11-19T09:34:32.872+0700] {processor.py:829} INFO - Processing file /home/ivan123/.local/lib/python3.10/site-packages/airflow/example_dags/example_latest_only_with_trigger.py for tasks to queue
[2023-11-19T09:34:32.874+0700] {logging_mixin.py:154} INFO - [2023-11-19T09:34:32.873+0700] {dagbag.py:536} INFO - Filling up the DagBag from /home/ivan123/.local/lib/python3.10/site-packages/airflow/example_dags/example_latest_only_with_trigger.py
[2023-11-19T09:34:32.883+0700] {processor.py:839} INFO - DAG(s) dict_keys(['latest_only_with_trigger']) retrieved from /home/ivan123/.local/lib/python3.10/site-packages/airflow/example_dags/example_latest_only_with_trigger.py
[2023-11-19T09:34:32.911+0700] {logging_mixin.py:154} INFO - [2023-11-19T09:34:32.911+0700] {dag.py:2941} INFO - Sync 1 DAGs
[2023-11-19T09:34:32.939+0700] {logging_mixin.py:154} INFO - [2023-11-19T09:34:32.939+0700] {dag.py:3722} INFO - Setting next_dagrun for latest_only_with_trigger to 2023-11-18T22:34:32.939019+00:00, run_after=2023-11-19T02:34:32.939019+00:00
[2023-11-19T09:34:34.290+0700] {processor.py:179} INFO - Processing /home/ivan123/.local/lib/python3.10/site-packages/airflow/example_dags/example_latest_only_with_trigger.py took 1.422 seconds
[2023-11-19T09:36:16.553+0700] {processor.py:157} INFO - Started process (PID=10914) to work on /home/ivan123/.local/lib/python3.10/site-packages/airflow/example_dags/example_latest_only_with_trigger.py
[2023-11-19T09:36:16.554+0700] {processor.py:829} INFO - Processing file /home/ivan123/.local/lib/python3.10/site-packages/airflow/example_dags/example_latest_only_with_trigger.py for tasks to queue
[2023-11-19T09:36:16.555+0700] {logging_mixin.py:154} INFO - [2023-11-19T09:36:16.555+0700] {dagbag.py:536} INFO - Filling up the DagBag from /home/ivan123/.local/lib/python3.10/site-packages/airflow/example_dags/example_latest_only_with_trigger.py
[2023-11-19T09:36:16.561+0700] {processor.py:839} INFO - DAG(s) dict_keys(['latest_only_with_trigger']) retrieved from /home/ivan123/.local/lib/python3.10/site-packages/airflow/example_dags/example_latest_only_with_trigger.py
[2023-11-19T09:36:16.594+0700] {logging_mixin.py:154} INFO - [2023-11-19T09:36:16.594+0700] {dag.py:2941} INFO - Sync 1 DAGs
[2023-11-19T09:36:16.622+0700] {logging_mixin.py:154} INFO - [2023-11-19T09:36:16.621+0700] {dag.py:3722} INFO - Setting next_dagrun for latest_only_with_trigger to 2023-11-18T22:36:16.621599+00:00, run_after=2023-11-19T02:36:16.621599+00:00
[2023-11-19T09:36:17.133+0700] {processor.py:179} INFO - Processing /home/ivan123/.local/lib/python3.10/site-packages/airflow/example_dags/example_latest_only_with_trigger.py took 0.583 seconds
[2023-11-19T09:38:39.741+0700] {processor.py:157} INFO - Started process (PID=12152) to work on /home/ivan123/.local/lib/python3.10/site-packages/airflow/example_dags/example_latest_only_with_trigger.py
[2023-11-19T09:38:39.743+0700] {processor.py:829} INFO - Processing file /home/ivan123/.local/lib/python3.10/site-packages/airflow/example_dags/example_latest_only_with_trigger.py for tasks to queue
[2023-11-19T09:38:39.744+0700] {logging_mixin.py:154} INFO - [2023-11-19T09:38:39.744+0700] {dagbag.py:536} INFO - Filling up the DagBag from /home/ivan123/.local/lib/python3.10/site-packages/airflow/example_dags/example_latest_only_with_trigger.py
[2023-11-19T09:38:39.753+0700] {processor.py:839} INFO - DAG(s) dict_keys(['latest_only_with_trigger']) retrieved from /home/ivan123/.local/lib/python3.10/site-packages/airflow/example_dags/example_latest_only_with_trigger.py
[2023-11-19T09:38:39.788+0700] {logging_mixin.py:154} INFO - [2023-11-19T09:38:39.788+0700] {dag.py:2941} INFO - Sync 1 DAGs
[2023-11-19T09:38:39.817+0700] {logging_mixin.py:154} INFO - [2023-11-19T09:38:39.817+0700] {dag.py:3722} INFO - Setting next_dagrun for latest_only_with_trigger to 2023-11-18T22:38:39.817021+00:00, run_after=2023-11-19T02:38:39.817021+00:00
[2023-11-19T09:38:40.176+0700] {processor.py:179} INFO - Processing /home/ivan123/.local/lib/python3.10/site-packages/airflow/example_dags/example_latest_only_with_trigger.py took 0.439 seconds
[2023-11-19T09:50:52.537+0700] {processor.py:157} INFO - Started process (PID=15471) to work on /mnt/c/Users/ASUS/Desktop/ONLINE_COURSE/Data_Engineering/Spotify_API/new-airflowenv/lib/python3.10/site-packages/airflow/example_dags/example_latest_only_with_trigger.py
[2023-11-19T09:50:52.539+0700] {processor.py:829} INFO - Processing file /mnt/c/Users/ASUS/Desktop/ONLINE_COURSE/Data_Engineering/Spotify_API/new-airflowenv/lib/python3.10/site-packages/airflow/example_dags/example_latest_only_with_trigger.py for tasks to queue
[2023-11-19T09:50:52.540+0700] {logging_mixin.py:154} INFO - [2023-11-19T09:50:52.539+0700] {dagbag.py:536} INFO - Filling up the DagBag from /mnt/c/Users/ASUS/Desktop/ONLINE_COURSE/Data_Engineering/Spotify_API/new-airflowenv/lib/python3.10/site-packages/airflow/example_dags/example_latest_only_with_trigger.py
[2023-11-19T09:50:52.573+0700] {processor.py:839} INFO - DAG(s) dict_keys(['latest_only_with_trigger']) retrieved from /mnt/c/Users/ASUS/Desktop/ONLINE_COURSE/Data_Engineering/Spotify_API/new-airflowenv/lib/python3.10/site-packages/airflow/example_dags/example_latest_only_with_trigger.py
[2023-11-19T09:50:53.857+0700] {logging_mixin.py:154} INFO - [2023-11-19T09:50:53.856+0700] {dag.py:2941} INFO - Sync 1 DAGs
[2023-11-19T09:50:53.883+0700] {logging_mixin.py:154} INFO - [2023-11-19T09:50:53.882+0700] {dag.py:3722} INFO - Setting next_dagrun for latest_only_with_trigger to 2023-11-18T22:50:53.882402+00:00, run_after=2023-11-19T02:50:53.882402+00:00
[2023-11-19T09:50:54.112+0700] {processor.py:179} INFO - Processing /mnt/c/Users/ASUS/Desktop/ONLINE_COURSE/Data_Engineering/Spotify_API/new-airflowenv/lib/python3.10/site-packages/airflow/example_dags/example_latest_only_with_trigger.py took 1.578 seconds
