[2023-11-19T09:21:39.720+0700] {processor.py:157} INFO - Started process (PID=7141) to work on /home/ivan123/.local/lib/python3.10/site-packages/airflow/example_dags/example_task_group_decorator.py
[2023-11-19T09:21:39.722+0700] {processor.py:829} INFO - Processing file /home/ivan123/.local/lib/python3.10/site-packages/airflow/example_dags/example_task_group_decorator.py for tasks to queue
[2023-11-19T09:21:39.723+0700] {logging_mixin.py:154} INFO - [2023-11-19T09:21:39.722+0700] {dagbag.py:536} INFO - Filling up the DagBag from /home/ivan123/.local/lib/python3.10/site-packages/airflow/example_dags/example_task_group_decorator.py
[2023-11-19T09:21:39.825+0700] {processor.py:839} INFO - DAG(s) dict_keys(['example_task_group_decorator']) retrieved from /home/ivan123/.local/lib/python3.10/site-packages/airflow/example_dags/example_task_group_decorator.py
[2023-11-19T09:21:41.685+0700] {logging_mixin.py:154} INFO - [2023-11-19T09:21:41.685+0700] {manager.py:499} INFO - Created Permission View: %s
[2023-11-19T09:21:42.461+0700] {logging_mixin.py:154} INFO - [2023-11-19T09:21:42.460+0700] {manager.py:499} INFO - Created Permission View: %s
[2023-11-19T09:21:43.300+0700] {logging_mixin.py:154} INFO - [2023-11-19T09:21:43.300+0700] {manager.py:499} INFO - Created Permission View: %s
[2023-11-19T09:21:43.301+0700] {logging_mixin.py:154} INFO - [2023-11-19T09:21:43.301+0700] {dag.py:2941} INFO - Sync 1 DAGs
[2023-11-19T09:21:43.323+0700] {logging_mixin.py:154} INFO - [2023-11-19T09:21:43.322+0700] {dag.py:2963} INFO - Creating ORM DAG for example_task_group_decorator
[2023-11-19T09:21:43.339+0700] {logging_mixin.py:154} INFO - [2023-11-19T09:21:43.338+0700] {dag.py:3722} INFO - Setting next_dagrun for example_task_group_decorator to 2023-11-18T02:21:43.338634+00:00, run_after=2023-11-19T02:21:43.338634+00:00
[2023-11-19T09:21:44.271+0700] {processor.py:179} INFO - Processing /home/ivan123/.local/lib/python3.10/site-packages/airflow/example_dags/example_task_group_decorator.py took 4.553 seconds
[2023-11-19T09:23:58.713+0700] {processor.py:157} INFO - Started process (PID=8162) to work on /home/ivan123/.local/lib/python3.10/site-packages/airflow/example_dags/example_task_group_decorator.py
[2023-11-19T09:23:58.714+0700] {processor.py:829} INFO - Processing file /home/ivan123/.local/lib/python3.10/site-packages/airflow/example_dags/example_task_group_decorator.py for tasks to queue
[2023-11-19T09:23:58.716+0700] {logging_mixin.py:154} INFO - [2023-11-19T09:23:58.715+0700] {dagbag.py:536} INFO - Filling up the DagBag from /home/ivan123/.local/lib/python3.10/site-packages/airflow/example_dags/example_task_group_decorator.py
[2023-11-19T09:23:58.730+0700] {processor.py:839} INFO - DAG(s) dict_keys(['example_task_group_decorator']) retrieved from /home/ivan123/.local/lib/python3.10/site-packages/airflow/example_dags/example_task_group_decorator.py
[2023-11-19T09:23:58.830+0700] {logging_mixin.py:154} INFO - [2023-11-19T09:23:58.830+0700] {dag.py:2941} INFO - Sync 1 DAGs
[2023-11-19T09:23:58.861+0700] {logging_mixin.py:154} INFO - [2023-11-19T09:23:58.860+0700] {dag.py:3722} INFO - Setting next_dagrun for example_task_group_decorator to 2023-11-18T02:23:58.860619+00:00, run_after=2023-11-19T02:23:58.860619+00:00
[2023-11-19T09:23:59.274+0700] {processor.py:179} INFO - Processing /home/ivan123/.local/lib/python3.10/site-packages/airflow/example_dags/example_task_group_decorator.py took 0.564 seconds
[2023-11-19T09:25:24.128+0700] {processor.py:157} INFO - Started process (PID=8369) to work on /home/ivan123/.local/lib/python3.10/site-packages/airflow/example_dags/example_task_group_decorator.py
[2023-11-19T09:25:24.130+0700] {processor.py:829} INFO - Processing file /home/ivan123/.local/lib/python3.10/site-packages/airflow/example_dags/example_task_group_decorator.py for tasks to queue
[2023-11-19T09:25:24.131+0700] {logging_mixin.py:154} INFO - [2023-11-19T09:25:24.130+0700] {dagbag.py:536} INFO - Filling up the DagBag from /home/ivan123/.local/lib/python3.10/site-packages/airflow/example_dags/example_task_group_decorator.py
[2023-11-19T09:25:24.145+0700] {processor.py:839} INFO - DAG(s) dict_keys(['example_task_group_decorator']) retrieved from /home/ivan123/.local/lib/python3.10/site-packages/airflow/example_dags/example_task_group_decorator.py
[2023-11-19T09:25:24.178+0700] {logging_mixin.py:154} INFO - [2023-11-19T09:25:24.178+0700] {dag.py:2941} INFO - Sync 1 DAGs
[2023-11-19T09:25:24.206+0700] {logging_mixin.py:154} INFO - [2023-11-19T09:25:24.206+0700] {dag.py:3722} INFO - Setting next_dagrun for example_task_group_decorator to 2023-11-18T02:25:24.205953+00:00, run_after=2023-11-19T02:25:24.205953+00:00
[2023-11-19T09:25:24.451+0700] {processor.py:179} INFO - Processing /home/ivan123/.local/lib/python3.10/site-packages/airflow/example_dags/example_task_group_decorator.py took 0.326 seconds
[2023-11-19T09:34:19.827+0700] {processor.py:157} INFO - Started process (PID=10420) to work on /home/ivan123/.local/lib/python3.10/site-packages/airflow/example_dags/example_task_group_decorator.py
[2023-11-19T09:34:19.828+0700] {processor.py:829} INFO - Processing file /home/ivan123/.local/lib/python3.10/site-packages/airflow/example_dags/example_task_group_decorator.py for tasks to queue
[2023-11-19T09:34:19.829+0700] {logging_mixin.py:154} INFO - [2023-11-19T09:34:19.829+0700] {dagbag.py:536} INFO - Filling up the DagBag from /home/ivan123/.local/lib/python3.10/site-packages/airflow/example_dags/example_task_group_decorator.py
[2023-11-19T09:34:19.844+0700] {processor.py:839} INFO - DAG(s) dict_keys(['example_task_group_decorator']) retrieved from /home/ivan123/.local/lib/python3.10/site-packages/airflow/example_dags/example_task_group_decorator.py
[2023-11-19T09:34:19.874+0700] {logging_mixin.py:154} INFO - [2023-11-19T09:34:19.873+0700] {dag.py:2941} INFO - Sync 1 DAGs
[2023-11-19T09:34:19.900+0700] {logging_mixin.py:154} INFO - [2023-11-19T09:34:19.900+0700] {dag.py:3722} INFO - Setting next_dagrun for example_task_group_decorator to 2023-11-18T02:34:19.900207+00:00, run_after=2023-11-19T02:34:19.900207+00:00
[2023-11-19T09:34:20.361+0700] {processor.py:179} INFO - Processing /home/ivan123/.local/lib/python3.10/site-packages/airflow/example_dags/example_task_group_decorator.py took 0.536 seconds
[2023-11-19T09:36:02.817+0700] {processor.py:157} INFO - Started process (PID=10837) to work on /home/ivan123/.local/lib/python3.10/site-packages/airflow/example_dags/example_task_group_decorator.py
[2023-11-19T09:36:02.818+0700] {processor.py:829} INFO - Processing file /home/ivan123/.local/lib/python3.10/site-packages/airflow/example_dags/example_task_group_decorator.py for tasks to queue
[2023-11-19T09:36:02.819+0700] {logging_mixin.py:154} INFO - [2023-11-19T09:36:02.819+0700] {dagbag.py:536} INFO - Filling up the DagBag from /home/ivan123/.local/lib/python3.10/site-packages/airflow/example_dags/example_task_group_decorator.py
[2023-11-19T09:36:02.832+0700] {processor.py:839} INFO - DAG(s) dict_keys(['example_task_group_decorator']) retrieved from /home/ivan123/.local/lib/python3.10/site-packages/airflow/example_dags/example_task_group_decorator.py
[2023-11-19T09:36:02.865+0700] {logging_mixin.py:154} INFO - [2023-11-19T09:36:02.865+0700] {dag.py:2941} INFO - Sync 1 DAGs
[2023-11-19T09:36:02.892+0700] {logging_mixin.py:154} INFO - [2023-11-19T09:36:02.892+0700] {dag.py:3722} INFO - Setting next_dagrun for example_task_group_decorator to 2023-11-18T02:36:02.892501+00:00, run_after=2023-11-19T02:36:02.892501+00:00
[2023-11-19T09:36:03.648+0700] {processor.py:179} INFO - Processing /home/ivan123/.local/lib/python3.10/site-packages/airflow/example_dags/example_task_group_decorator.py took 0.834 seconds
[2023-11-19T09:38:26.178+0700] {processor.py:157} INFO - Started process (PID=12003) to work on /home/ivan123/.local/lib/python3.10/site-packages/airflow/example_dags/example_task_group_decorator.py
[2023-11-19T09:38:26.179+0700] {processor.py:829} INFO - Processing file /home/ivan123/.local/lib/python3.10/site-packages/airflow/example_dags/example_task_group_decorator.py for tasks to queue
[2023-11-19T09:38:26.181+0700] {logging_mixin.py:154} INFO - [2023-11-19T09:38:26.180+0700] {dagbag.py:536} INFO - Filling up the DagBag from /home/ivan123/.local/lib/python3.10/site-packages/airflow/example_dags/example_task_group_decorator.py
[2023-11-19T09:38:26.195+0700] {processor.py:839} INFO - DAG(s) dict_keys(['example_task_group_decorator']) retrieved from /home/ivan123/.local/lib/python3.10/site-packages/airflow/example_dags/example_task_group_decorator.py
[2023-11-19T09:38:26.229+0700] {logging_mixin.py:154} INFO - [2023-11-19T09:38:26.229+0700] {dag.py:2941} INFO - Sync 1 DAGs
[2023-11-19T09:38:26.258+0700] {logging_mixin.py:154} INFO - [2023-11-19T09:38:26.258+0700] {dag.py:3722} INFO - Setting next_dagrun for example_task_group_decorator to 2023-11-18T02:38:26.257838+00:00, run_after=2023-11-19T02:38:26.257838+00:00
[2023-11-19T09:38:26.597+0700] {processor.py:179} INFO - Processing /home/ivan123/.local/lib/python3.10/site-packages/airflow/example_dags/example_task_group_decorator.py took 0.422 seconds
[2023-11-19T09:49:45.511+0700] {processor.py:157} INFO - Started process (PID=15200) to work on /mnt/c/Users/ASUS/Desktop/ONLINE_COURSE/Data_Engineering/Spotify_API/new-airflowenv/lib/python3.10/site-packages/airflow/example_dags/example_task_group_decorator.py
[2023-11-19T09:49:45.513+0700] {processor.py:829} INFO - Processing file /mnt/c/Users/ASUS/Desktop/ONLINE_COURSE/Data_Engineering/Spotify_API/new-airflowenv/lib/python3.10/site-packages/airflow/example_dags/example_task_group_decorator.py for tasks to queue
[2023-11-19T09:49:45.514+0700] {logging_mixin.py:154} INFO - [2023-11-19T09:49:45.514+0700] {dagbag.py:536} INFO - Filling up the DagBag from /mnt/c/Users/ASUS/Desktop/ONLINE_COURSE/Data_Engineering/Spotify_API/new-airflowenv/lib/python3.10/site-packages/airflow/example_dags/example_task_group_decorator.py
[2023-11-19T09:49:45.623+0700] {processor.py:839} INFO - DAG(s) dict_keys(['example_task_group_decorator']) retrieved from /mnt/c/Users/ASUS/Desktop/ONLINE_COURSE/Data_Engineering/Spotify_API/new-airflowenv/lib/python3.10/site-packages/airflow/example_dags/example_task_group_decorator.py
[2023-11-19T09:49:47.162+0700] {logging_mixin.py:154} INFO - [2023-11-19T09:49:47.161+0700] {dag.py:2941} INFO - Sync 1 DAGs
[2023-11-19T09:49:47.190+0700] {logging_mixin.py:154} INFO - [2023-11-19T09:49:47.190+0700] {dag.py:3722} INFO - Setting next_dagrun for example_task_group_decorator to 2023-11-18T02:49:47.190253+00:00, run_after=2023-11-19T02:49:47.190253+00:00
[2023-11-19T09:49:48.056+0700] {processor.py:179} INFO - Processing /mnt/c/Users/ASUS/Desktop/ONLINE_COURSE/Data_Engineering/Spotify_API/new-airflowenv/lib/python3.10/site-packages/airflow/example_dags/example_task_group_decorator.py took 2.547 seconds
[2023-11-19T09:53:20.515+0700] {processor.py:157} INFO - Started process (PID=16577) to work on /home/ivan123/.local/lib/python3.10/site-packages/airflow/example_dags/example_task_group_decorator.py
[2023-11-19T09:53:20.516+0700] {processor.py:829} INFO - Processing file /home/ivan123/.local/lib/python3.10/site-packages/airflow/example_dags/example_task_group_decorator.py for tasks to queue
[2023-11-19T09:53:20.517+0700] {logging_mixin.py:154} INFO - [2023-11-19T09:53:20.517+0700] {dagbag.py:536} INFO - Filling up the DagBag from /home/ivan123/.local/lib/python3.10/site-packages/airflow/example_dags/example_task_group_decorator.py
[2023-11-19T09:53:20.532+0700] {processor.py:839} INFO - DAG(s) dict_keys(['example_task_group_decorator']) retrieved from /home/ivan123/.local/lib/python3.10/site-packages/airflow/example_dags/example_task_group_decorator.py
[2023-11-19T09:53:20.661+0700] {logging_mixin.py:154} INFO - [2023-11-19T09:53:20.660+0700] {dag.py:2941} INFO - Sync 1 DAGs
[2023-11-19T09:53:20.687+0700] {logging_mixin.py:154} INFO - [2023-11-19T09:53:20.687+0700] {dag.py:3722} INFO - Setting next_dagrun for example_task_group_decorator to 2023-11-18T02:53:20.687073+00:00, run_after=2023-11-19T02:53:20.687073+00:00
[2023-11-19T09:53:21.257+0700] {processor.py:179} INFO - Processing /home/ivan123/.local/lib/python3.10/site-packages/airflow/example_dags/example_task_group_decorator.py took 0.745 seconds
