[2023-11-19T09:23:10.612+0700] {processor.py:157} INFO - Started process (PID=7788) to work on /home/ivan123/.local/lib/python3.10/site-packages/airflow/example_dags/plugins/event_listener.py
[2023-11-19T09:23:10.613+0700] {processor.py:829} INFO - Processing file /home/ivan123/.local/lib/python3.10/site-packages/airflow/example_dags/plugins/event_listener.py for tasks to queue
[2023-11-19T09:23:10.615+0700] {logging_mixin.py:154} INFO - [2023-11-19T09:23:10.615+0700] {dagbag.py:536} INFO - Filling up the DagBag from /home/ivan123/.local/lib/python3.10/site-packages/airflow/example_dags/plugins/event_listener.py
[2023-11-19T09:23:10.651+0700] {processor.py:841} WARNING - No viable dags retrieved from /home/ivan123/.local/lib/python3.10/site-packages/airflow/example_dags/plugins/event_listener.py
[2023-11-19T09:23:10.678+0700] {processor.py:179} INFO - Processing /home/ivan123/.local/lib/python3.10/site-packages/airflow/example_dags/plugins/event_listener.py took 0.070 seconds
[2023-11-19T09:25:43.076+0700] {processor.py:157} INFO - Started process (PID=8404) to work on /home/ivan123/.local/lib/python3.10/site-packages/airflow/example_dags/plugins/event_listener.py
[2023-11-19T09:25:43.077+0700] {processor.py:829} INFO - Processing file /home/ivan123/.local/lib/python3.10/site-packages/airflow/example_dags/plugins/event_listener.py for tasks to queue
[2023-11-19T09:25:43.078+0700] {logging_mixin.py:154} INFO - [2023-11-19T09:25:43.078+0700] {dagbag.py:536} INFO - Filling up the DagBag from /home/ivan123/.local/lib/python3.10/site-packages/airflow/example_dags/plugins/event_listener.py
[2023-11-19T09:25:43.080+0700] {processor.py:841} WARNING - No viable dags retrieved from /home/ivan123/.local/lib/python3.10/site-packages/airflow/example_dags/plugins/event_listener.py
[2023-11-19T09:25:43.108+0700] {processor.py:179} INFO - Processing /home/ivan123/.local/lib/python3.10/site-packages/airflow/example_dags/plugins/event_listener.py took 0.035 seconds
[2023-11-19T09:35:06.107+0700] {processor.py:157} INFO - Started process (PID=10679) to work on /home/ivan123/.local/lib/python3.10/site-packages/airflow/example_dags/plugins/event_listener.py
[2023-11-19T09:35:06.108+0700] {processor.py:829} INFO - Processing file /home/ivan123/.local/lib/python3.10/site-packages/airflow/example_dags/plugins/event_listener.py for tasks to queue
[2023-11-19T09:35:06.110+0700] {logging_mixin.py:154} INFO - [2023-11-19T09:35:06.110+0700] {dagbag.py:536} INFO - Filling up the DagBag from /home/ivan123/.local/lib/python3.10/site-packages/airflow/example_dags/plugins/event_listener.py
[2023-11-19T09:35:06.113+0700] {processor.py:841} WARNING - No viable dags retrieved from /home/ivan123/.local/lib/python3.10/site-packages/airflow/example_dags/plugins/event_listener.py
[2023-11-19T09:35:06.142+0700] {processor.py:179} INFO - Processing /home/ivan123/.local/lib/python3.10/site-packages/airflow/example_dags/plugins/event_listener.py took 0.039 seconds
[2023-11-19T09:37:28.866+0700] {processor.py:157} INFO - Started process (PID=11534) to work on /home/ivan123/.local/lib/python3.10/site-packages/airflow/example_dags/plugins/event_listener.py
[2023-11-19T09:37:28.867+0700] {processor.py:829} INFO - Processing file /home/ivan123/.local/lib/python3.10/site-packages/airflow/example_dags/plugins/event_listener.py for tasks to queue
[2023-11-19T09:37:28.868+0700] {logging_mixin.py:154} INFO - [2023-11-19T09:37:28.868+0700] {dagbag.py:536} INFO - Filling up the DagBag from /home/ivan123/.local/lib/python3.10/site-packages/airflow/example_dags/plugins/event_listener.py
[2023-11-19T09:37:28.871+0700] {processor.py:841} WARNING - No viable dags retrieved from /home/ivan123/.local/lib/python3.10/site-packages/airflow/example_dags/plugins/event_listener.py
[2023-11-19T09:37:28.901+0700] {processor.py:179} INFO - Processing /home/ivan123/.local/lib/python3.10/site-packages/airflow/example_dags/plugins/event_listener.py took 0.038 seconds
[2023-11-19T09:39:46.921+0700] {processor.py:157} INFO - Started process (PID=12716) to work on /home/ivan123/.local/lib/python3.10/site-packages/airflow/example_dags/plugins/event_listener.py
[2023-11-19T09:39:46.922+0700] {processor.py:829} INFO - Processing file /home/ivan123/.local/lib/python3.10/site-packages/airflow/example_dags/plugins/event_listener.py for tasks to queue
[2023-11-19T09:39:46.923+0700] {logging_mixin.py:154} INFO - [2023-11-19T09:39:46.923+0700] {dagbag.py:536} INFO - Filling up the DagBag from /home/ivan123/.local/lib/python3.10/site-packages/airflow/example_dags/plugins/event_listener.py
[2023-11-19T09:39:46.927+0700] {processor.py:841} WARNING - No viable dags retrieved from /home/ivan123/.local/lib/python3.10/site-packages/airflow/example_dags/plugins/event_listener.py
[2023-11-19T09:39:46.958+0700] {processor.py:179} INFO - Processing /home/ivan123/.local/lib/python3.10/site-packages/airflow/example_dags/plugins/event_listener.py took 0.040 seconds
[2023-11-19T09:49:07.343+0700] {processor.py:157} INFO - Started process (PID=14922) to work on /mnt/c/Users/ASUS/Desktop/ONLINE_COURSE/Data_Engineering/Spotify_API/new-airflowenv/lib/python3.10/site-packages/airflow/example_dags/plugins/event_listener.py
[2023-11-19T09:49:07.344+0700] {processor.py:829} INFO - Processing file /mnt/c/Users/ASUS/Desktop/ONLINE_COURSE/Data_Engineering/Spotify_API/new-airflowenv/lib/python3.10/site-packages/airflow/example_dags/plugins/event_listener.py for tasks to queue
[2023-11-19T09:49:07.346+0700] {logging_mixin.py:154} INFO - [2023-11-19T09:49:07.345+0700] {dagbag.py:536} INFO - Filling up the DagBag from /mnt/c/Users/ASUS/Desktop/ONLINE_COURSE/Data_Engineering/Spotify_API/new-airflowenv/lib/python3.10/site-packages/airflow/example_dags/plugins/event_listener.py
[2023-11-19T09:49:07.379+0700] {processor.py:841} WARNING - No viable dags retrieved from /mnt/c/Users/ASUS/Desktop/ONLINE_COURSE/Data_Engineering/Spotify_API/new-airflowenv/lib/python3.10/site-packages/airflow/example_dags/plugins/event_listener.py
[2023-11-19T09:49:07.403+0700] {processor.py:179} INFO - Processing /mnt/c/Users/ASUS/Desktop/ONLINE_COURSE/Data_Engineering/Spotify_API/new-airflowenv/lib/python3.10/site-packages/airflow/example_dags/plugins/event_listener.py took 0.064 seconds
