[2023-11-19T09:23:11.927+0700] {processor.py:157} INFO - Started process (PID=7796) to work on /home/ivan123/.local/lib/python3.10/site-packages/airflow/example_dags/plugins/listener_plugin.py
[2023-11-19T09:23:11.928+0700] {processor.py:829} INFO - Processing file /home/ivan123/.local/lib/python3.10/site-packages/airflow/example_dags/plugins/listener_plugin.py for tasks to queue
[2023-11-19T09:23:11.929+0700] {logging_mixin.py:154} INFO - [2023-11-19T09:23:11.929+0700] {dagbag.py:536} INFO - Filling up the DagBag from /home/ivan123/.local/lib/python3.10/site-packages/airflow/example_dags/plugins/listener_plugin.py
[2023-11-19T09:23:11.992+0700] {processor.py:841} WARNING - No viable dags retrieved from /home/ivan123/.local/lib/python3.10/site-packages/airflow/example_dags/plugins/listener_plugin.py
[2023-11-19T09:23:12.033+0700] {processor.py:179} INFO - Processing /home/ivan123/.local/lib/python3.10/site-packages/airflow/example_dags/plugins/listener_plugin.py took 0.109 seconds
[2023-11-19T09:25:44.268+0700] {processor.py:157} INFO - Started process (PID=8411) to work on /home/ivan123/.local/lib/python3.10/site-packages/airflow/example_dags/plugins/listener_plugin.py
[2023-11-19T09:25:44.269+0700] {processor.py:829} INFO - Processing file /home/ivan123/.local/lib/python3.10/site-packages/airflow/example_dags/plugins/listener_plugin.py for tasks to queue
[2023-11-19T09:25:44.270+0700] {logging_mixin.py:154} INFO - [2023-11-19T09:25:44.270+0700] {dagbag.py:536} INFO - Filling up the DagBag from /home/ivan123/.local/lib/python3.10/site-packages/airflow/example_dags/plugins/listener_plugin.py
[2023-11-19T09:25:44.274+0700] {processor.py:841} WARNING - No viable dags retrieved from /home/ivan123/.local/lib/python3.10/site-packages/airflow/example_dags/plugins/listener_plugin.py
[2023-11-19T09:25:44.302+0700] {processor.py:179} INFO - Processing /home/ivan123/.local/lib/python3.10/site-packages/airflow/example_dags/plugins/listener_plugin.py took 0.037 seconds
[2023-11-19T09:35:07.409+0700] {processor.py:157} INFO - Started process (PID=10702) to work on /home/ivan123/.local/lib/python3.10/site-packages/airflow/example_dags/plugins/listener_plugin.py
[2023-11-19T09:35:07.410+0700] {processor.py:829} INFO - Processing file /home/ivan123/.local/lib/python3.10/site-packages/airflow/example_dags/plugins/listener_plugin.py for tasks to queue
[2023-11-19T09:35:07.412+0700] {logging_mixin.py:154} INFO - [2023-11-19T09:35:07.411+0700] {dagbag.py:536} INFO - Filling up the DagBag from /home/ivan123/.local/lib/python3.10/site-packages/airflow/example_dags/plugins/listener_plugin.py
[2023-11-19T09:35:07.415+0700] {processor.py:841} WARNING - No viable dags retrieved from /home/ivan123/.local/lib/python3.10/site-packages/airflow/example_dags/plugins/listener_plugin.py
[2023-11-19T09:35:07.443+0700] {processor.py:179} INFO - Processing /home/ivan123/.local/lib/python3.10/site-packages/airflow/example_dags/plugins/listener_plugin.py took 0.038 seconds
[2023-11-19T09:37:30.098+0700] {processor.py:157} INFO - Started process (PID=11535) to work on /home/ivan123/.local/lib/python3.10/site-packages/airflow/example_dags/plugins/listener_plugin.py
[2023-11-19T09:37:30.099+0700] {processor.py:829} INFO - Processing file /home/ivan123/.local/lib/python3.10/site-packages/airflow/example_dags/plugins/listener_plugin.py for tasks to queue
[2023-11-19T09:37:30.100+0700] {logging_mixin.py:154} INFO - [2023-11-19T09:37:30.100+0700] {dagbag.py:536} INFO - Filling up the DagBag from /home/ivan123/.local/lib/python3.10/site-packages/airflow/example_dags/plugins/listener_plugin.py
[2023-11-19T09:37:30.103+0700] {processor.py:841} WARNING - No viable dags retrieved from /home/ivan123/.local/lib/python3.10/site-packages/airflow/example_dags/plugins/listener_plugin.py
[2023-11-19T09:37:30.131+0700] {processor.py:179} INFO - Processing /home/ivan123/.local/lib/python3.10/site-packages/airflow/example_dags/plugins/listener_plugin.py took 0.036 seconds
[2023-11-19T09:39:48.160+0700] {processor.py:157} INFO - Started process (PID=12723) to work on /home/ivan123/.local/lib/python3.10/site-packages/airflow/example_dags/plugins/listener_plugin.py
[2023-11-19T09:39:48.162+0700] {processor.py:829} INFO - Processing file /home/ivan123/.local/lib/python3.10/site-packages/airflow/example_dags/plugins/listener_plugin.py for tasks to queue
[2023-11-19T09:39:48.165+0700] {logging_mixin.py:154} INFO - [2023-11-19T09:39:48.164+0700] {dagbag.py:536} INFO - Filling up the DagBag from /home/ivan123/.local/lib/python3.10/site-packages/airflow/example_dags/plugins/listener_plugin.py
[2023-11-19T09:39:48.168+0700] {processor.py:841} WARNING - No viable dags retrieved from /home/ivan123/.local/lib/python3.10/site-packages/airflow/example_dags/plugins/listener_plugin.py
[2023-11-19T09:39:48.192+0700] {processor.py:179} INFO - Processing /home/ivan123/.local/lib/python3.10/site-packages/airflow/example_dags/plugins/listener_plugin.py took 0.034 seconds
[2023-11-19T09:49:06.323+0700] {processor.py:157} INFO - Started process (PID=14921) to work on /mnt/c/Users/ASUS/Desktop/ONLINE_COURSE/Data_Engineering/Spotify_API/new-airflowenv/lib/python3.10/site-packages/airflow/example_dags/plugins/listener_plugin.py
[2023-11-19T09:49:06.325+0700] {processor.py:829} INFO - Processing file /mnt/c/Users/ASUS/Desktop/ONLINE_COURSE/Data_Engineering/Spotify_API/new-airflowenv/lib/python3.10/site-packages/airflow/example_dags/plugins/listener_plugin.py for tasks to queue
[2023-11-19T09:49:06.327+0700] {logging_mixin.py:154} INFO - [2023-11-19T09:49:06.327+0700] {dagbag.py:536} INFO - Filling up the DagBag from /mnt/c/Users/ASUS/Desktop/ONLINE_COURSE/Data_Engineering/Spotify_API/new-airflowenv/lib/python3.10/site-packages/airflow/example_dags/plugins/listener_plugin.py
[2023-11-19T09:49:06.385+0700] {processor.py:841} WARNING - No viable dags retrieved from /mnt/c/Users/ASUS/Desktop/ONLINE_COURSE/Data_Engineering/Spotify_API/new-airflowenv/lib/python3.10/site-packages/airflow/example_dags/plugins/listener_plugin.py
[2023-11-19T09:49:06.416+0700] {processor.py:179} INFO - Processing /mnt/c/Users/ASUS/Desktop/ONLINE_COURSE/Data_Engineering/Spotify_API/new-airflowenv/lib/python3.10/site-packages/airflow/example_dags/plugins/listener_plugin.py took 0.096 seconds
